
C:\FbEdit\Projects\Applications\FbEdit\RadASM30\Release\Masm\Projects\ShowMap\STM32_Sonar\main.o:     file format elf32-littlearm
C:\FbEdit\Projects\Applications\FbEdit\RadASM30\Release\Masm\Projects\ShowMap\STM32_Sonar\main.o


Disassembly of section .text.GetADCValue:

00000000 <GetADCValue>:
GetADCValue():
C:\FbEdit\Projects\Applications\FbEdit\RadASM30\Release\Masm\Projects\ShowMap\STM32_Sonar/main.c:143
* Input          : ADC channel
* Output         : None
* Return         : The ADC cannel reading
*******************************************************************************/
u16 GetADCValue(u8 Channel)
{
   0:	b570      	push	{r4, r5, r6, lr}
   2:	b086      	sub	sp, #24
   4:	4606      	mov	r6, r0
C:\FbEdit\Projects\Applications\FbEdit\RadASM30\Release\Masm\Projects\ShowMap\STM32_Sonar/main.c:148
  vu8 i;
  vu16 ADCValue;
  ADC_InitTypeDef ADC_InitStructure;

  i = 0;
   6:	f04f 0300 	mov.w	r3, #0
   a:	f88d 3017 	strb.w	r3, [sp, #23]
C:\FbEdit\Projects\Applications\FbEdit\RadASM30\Release\Masm\Projects\ShowMap\STM32_Sonar/main.c:149
  ADCValue = 0;
   e:	f8ad 3014 	strh.w	r3, [sp, #20]
C:\FbEdit\Projects\Applications\FbEdit\RadASM30\Release\Masm\Projects\ShowMap\STM32_Sonar/main.c:150
  ADC_InitStructure.ADC_Mode = ADC_Mode_Independent;
  12:	9300      	str	r3, [sp, #0]
C:\FbEdit\Projects\Applications\FbEdit\RadASM30\Release\Masm\Projects\ShowMap\STM32_Sonar/main.c:151
  ADC_InitStructure.ADC_ScanConvMode = ENABLE;
  14:	f04f 0401 	mov.w	r4, #1
  18:	f88d 4004 	strb.w	r4, [sp, #4]
C:\FbEdit\Projects\Applications\FbEdit\RadASM30\Release\Masm\Projects\ShowMap\STM32_Sonar/main.c:152
  ADC_InitStructure.ADC_ContinuousConvMode = ENABLE;
  1c:	f88d 4005 	strb.w	r4, [sp, #5]
C:\FbEdit\Projects\Applications\FbEdit\RadASM30\Release\Masm\Projects\ShowMap\STM32_Sonar/main.c:153
  ADC_InitStructure.ADC_ExternalTrigConv = ADC_ExternalTrigConv_None;
  20:	f44f 2260 	mov.w	r2, #917504	; 0xe0000
  24:	9202      	str	r2, [sp, #8]
C:\FbEdit\Projects\Applications\FbEdit\RadASM30\Release\Masm\Projects\ShowMap\STM32_Sonar/main.c:154
  ADC_InitStructure.ADC_DataAlign = ADC_DataAlign_Right;
  26:	9303      	str	r3, [sp, #12]
C:\FbEdit\Projects\Applications\FbEdit\RadASM30\Release\Masm\Projects\ShowMap\STM32_Sonar/main.c:155
  ADC_InitStructure.ADC_NbrOfChannel = 1;
  28:	f88d 4010 	strb.w	r4, [sp, #16]
C:\FbEdit\Projects\Applications\FbEdit\RadASM30\Release\Masm\Projects\ShowMap\STM32_Sonar/main.c:156
  ADC_Init(ADC1, &ADC_InitStructure);
  2c:	f44f 5510 	mov.w	r5, #9216	; 0x2400
  30:	f2c4 0501 	movt	r5, #16385	; 0x4001
  34:	4628      	mov	r0, r5
  36:	4669      	mov	r1, sp
  38:	f7ff fffe 	bl	0 <ADC_Init>
C:\FbEdit\Projects\Applications\FbEdit\RadASM30\Release\Masm\Projects\ShowMap\STM32_Sonar/main.c:158
  /* ADC1 regular channel2 configuration */ 
  ADC_RegularChannelConfig(ADC1, Channel, 1, ADC_SampleTime_239Cycles5);
  3c:	4628      	mov	r0, r5
  3e:	4631      	mov	r1, r6
  40:	4622      	mov	r2, r4
  42:	f04f 0307 	mov.w	r3, #7
  46:	f7ff fffe 	bl	0 <ADC_RegularChannelConfig>
C:\FbEdit\Projects\Applications\FbEdit\RadASM30\Release\Masm\Projects\ShowMap\STM32_Sonar/main.c:160
  /* Start ADC1 Software Conversion */ 
  ADC_SoftwareStartConvCmd(ADC1, ENABLE);
  4a:	4628      	mov	r0, r5
  4c:	4621      	mov	r1, r4
  4e:	f7ff fffe 	bl	0 <ADC_SoftwareStartConvCmd>
C:\FbEdit\Projects\Applications\FbEdit\RadASM30\Release\Masm\Projects\ShowMap\STM32_Sonar/main.c:162
  /* Add 8 conversions to reduce thermal noise */
  while (i<8)
  52:	f89d 3017 	ldrb.w	r3, [sp, #23]
  56:	2b07      	cmp	r3, #7
  58:	d821      	bhi.n	9e <GetADCValue+0x9e>
C:\FbEdit\Projects\Applications\FbEdit\RadASM30\Release\Masm\Projects\ShowMap\STM32_Sonar/main.c:164
    {
    ADC_ClearFlag(ADC1, ADC_FLAG_EOC);
  5a:	f44f 5410 	mov.w	r4, #9216	; 0x2400
  5e:	f2c4 0401 	movt	r4, #16385	; 0x4001
  62:	f04f 0502 	mov.w	r5, #2
  66:	4620      	mov	r0, r4
  68:	4629      	mov	r1, r5
  6a:	f7ff fffe 	bl	0 <ADC_ClearFlag>
C:\FbEdit\Projects\Applications\FbEdit\RadASM30\Release\Masm\Projects\ShowMap\STM32_Sonar/main.c:165
    while (ADC_GetFlagStatus(ADC1, ADC_FLAG_EOC) == RESET)
  6e:	4620      	mov	r0, r4
  70:	4629      	mov	r1, r5
  72:	f7ff fffe 	bl	0 <ADC_GetFlagStatus>
  76:	2800      	cmp	r0, #0
  78:	d0f9      	beq.n	6e <GetADCValue+0x6e>
C:\FbEdit\Projects\Applications\FbEdit\RadASM30\Release\Masm\Projects\ShowMap\STM32_Sonar/main.c:168
    {
    }
    ADCValue = ADCValue + ADC1->DR;
  7a:	6ce2      	ldr	r2, [r4, #76]	; 0x4c
  7c:	f8bd 3014 	ldrh.w	r3, [sp, #20]
  80:	18d3      	adds	r3, r2, r3
  82:	b29b      	uxth	r3, r3
  84:	f8ad 3014 	strh.w	r3, [sp, #20]
C:\FbEdit\Projects\Applications\FbEdit\RadASM30\Release\Masm\Projects\ShowMap\STM32_Sonar/main.c:169
    i++;
  88:	f89d 3017 	ldrb.w	r3, [sp, #23]
  8c:	f103 0301 	add.w	r3, r3, #1
  90:	b2db      	uxtb	r3, r3
  92:	f88d 3017 	strb.w	r3, [sp, #23]
C:\FbEdit\Projects\Applications\FbEdit\RadASM30\Release\Masm\Projects\ShowMap\STM32_Sonar/main.c:162
  /* ADC1 regular channel2 configuration */ 
  ADC_RegularChannelConfig(ADC1, Channel, 1, ADC_SampleTime_239Cycles5);
  /* Start ADC1 Software Conversion */ 
  ADC_SoftwareStartConvCmd(ADC1, ENABLE);
  /* Add 8 conversions to reduce thermal noise */
  while (i<8)
  96:	f89d 3017 	ldrb.w	r3, [sp, #23]
  9a:	2b07      	cmp	r3, #7
  9c:	d9e3      	bls.n	66 <GetADCValue+0x66>
C:\FbEdit\Projects\Applications\FbEdit\RadASM30\Release\Masm\Projects\ShowMap\STM32_Sonar/main.c:172
    }
    ADCValue = ADCValue + ADC1->DR;
    i++;
  }
  /* Stop ADC1 Software Conversion */ 
  ADC_SoftwareStartConvCmd(ADC1, DISABLE);
  9e:	f44f 5010 	mov.w	r0, #9216	; 0x2400
  a2:	f2c4 0001 	movt	r0, #16385	; 0x4001
  a6:	f04f 0100 	mov.w	r1, #0
  aa:	f7ff fffe 	bl	0 <ADC_SoftwareStartConvCmd>
C:\FbEdit\Projects\Applications\FbEdit\RadASM30\Release\Masm\Projects\ShowMap\STM32_Sonar/main.c:174
  /* Return average of the 8 added conversions */
  return (ADCValue >> 3);
  ae:	f8bd 0014 	ldrh.w	r0, [sp, #20]
C:\FbEdit\Projects\Applications\FbEdit\RadASM30\Release\Masm\Projects\ShowMap\STM32_Sonar/main.c:175
}
  b2:	f3c0 00cc 	ubfx	r0, r0, #3, #13
  b6:	b006      	add	sp, #24
  b8:	bd70      	pop	{r4, r5, r6, pc}
  ba:	bf00      	nop

Disassembly of section .text.TIM1_UP_IRQHandler:

00000000 <TIM1_UP_IRQHandler>:
TIM1_UP_IRQHandler():
C:\FbEdit\Projects\Applications\FbEdit\RadASM30\Release\Masm\Projects\ShowMap\STM32_Sonar/main.c:185
* Input          : None
* Output         : None
* Return         : None
*******************************************************************************/
void TIM1_UP_IRQHandler(void)
{
   0:	b538      	push	{r3, r4, r5, lr}
C:\FbEdit\Projects\Applications\FbEdit\RadASM30\Release\Masm\Projects\ShowMap\STM32_Sonar/main.c:188
  u16 tmp;
  /*  Configure pin (PA.08) and pin (PA.09) */
  GPIO_InitStructure.GPIO_Pin = GPIO_Pin_8 | GPIO_Pin_9;
   2:	f240 0100 	movw	r1, #0
   6:	f2c0 0100 	movt	r1, #0
   a:	f44f 7340 	mov.w	r3, #768	; 0x300
   e:	800b      	strh	r3, [r1, #0]
C:\FbEdit\Projects\Applications\FbEdit\RadASM30\Release\Masm\Projects\ShowMap\STM32_Sonar/main.c:189
  GPIO_InitStructure.GPIO_Mode = GPIO_Mode_Out_PP;
  10:	f04f 0310 	mov.w	r3, #16
  14:	70cb      	strb	r3, [r1, #3]
C:\FbEdit\Projects\Applications\FbEdit\RadASM30\Release\Masm\Projects\ShowMap\STM32_Sonar/main.c:190
  GPIO_InitStructure.GPIO_Speed = GPIO_Speed_50MHz;
  16:	f04f 0303 	mov.w	r3, #3
  1a:	708b      	strb	r3, [r1, #2]
C:\FbEdit\Projects\Applications\FbEdit\RadASM30\Release\Masm\Projects\ShowMap\STM32_Sonar/main.c:191
  GPIO_Init(GPIOA, &GPIO_InitStructure);
  1c:	f44f 6000 	mov.w	r0, #2048	; 0x800
  20:	f2c4 0001 	movt	r0, #16385	; 0x4001
  24:	f7ff fffe 	bl	0 <GPIO_Init>
C:\FbEdit\Projects\Applications\FbEdit\RadASM30\Release\Masm\Projects\ShowMap\STM32_Sonar/main.c:193
  /* Clear TIM1 Update interrupt pending bit */
  TIM1->SR = (u16)~TIM_IT_Update;
  28:	f44f 5030 	mov.w	r0, #11264	; 0x2c00
  2c:	f2c4 0001 	movt	r0, #16385	; 0x4001
  30:	f64f 73fe 	movw	r3, #65534	; 0xfffe
  34:	8203      	strh	r3, [r0, #16]
C:\FbEdit\Projects\Applications\FbEdit\RadASM30\Release\Masm\Projects\ShowMap\STM32_Sonar/main.c:195
  /* Disable TIM1 */
  TIM_Cmd(TIM1, DISABLE);
  36:	f04f 0100 	mov.w	r1, #0
  3a:	f7ff fffe 	bl	0 <TIM_Cmd>
C:\FbEdit\Projects\Applications\FbEdit\RadASM30\Release\Masm\Projects\ShowMap\STM32_Sonar/main.c:197
  /* Set the gain */
  tmp = GPIO_ReadInputData(GPIOC);
  3e:	f44f 5580 	mov.w	r5, #4096	; 0x1000
  42:	f2c4 0501 	movt	r5, #16385	; 0x4001
  46:	4628      	mov	r0, r5
  48:	f7ff fffe 	bl	0 <GPIO_ReadInputData>
C:\FbEdit\Projects\Applications\FbEdit\RadASM30\Release\Masm\Projects\ShowMap\STM32_Sonar/main.c:198
  tmp = tmp & (u16)0xFF00;
  4c:	f400 417f 	and.w	r1, r0, #65280	; 0xff00
C:\FbEdit\Projects\Applications\FbEdit\RadASM30\Release\Masm\Projects\ShowMap\STM32_Sonar/main.c:199
  tmp = tmp | (u16)STM32_Sonar.Gain;
  50:	f240 0400 	movw	r4, #0
  54:	f2c0 0400 	movt	r4, #0
  58:	78e3      	ldrb	r3, [r4, #3]
C:\FbEdit\Projects\Applications\FbEdit\RadASM30\Release\Masm\Projects\ShowMap\STM32_Sonar/main.c:201
  // tmp = tmp | (u16)0x80;
  GPIO_Write(GPIOC, (u16)tmp);
  5a:	4628      	mov	r0, r5
  5c:	4319      	orrs	r1, r3
  5e:	f7ff fffe 	bl	0 <GPIO_Write>
C:\FbEdit\Projects\Applications\FbEdit\RadASM30\Release\Masm\Projects\ShowMap\STM32_Sonar/main.c:203
  /* Set DAC Gain */
  DAC->DHR8R2 = STM32_Sonar.Gain;
  62:	78e2      	ldrb	r2, [r4, #3]
  64:	f44f 43e8 	mov.w	r3, #29696	; 0x7400
  68:	f2c4 0300 	movt	r3, #16384	; 0x4000
  6c:	61da      	str	r2, [r3, #28]
C:\FbEdit\Projects\Applications\FbEdit\RadASM30\Release\Masm\Projects\ShowMap\STM32_Sonar/main.c:205
  /* Enable injected channels */
  ADC_AutoInjectedConvCmd(ADC1, ENABLE);
  6e:	f44f 5010 	mov.w	r0, #9216	; 0x2400
  72:	f2c4 0001 	movt	r0, #16385	; 0x4001
  76:	f04f 0101 	mov.w	r1, #1
  7a:	f7ff fffe 	bl	0 <ADC_AutoInjectedConvCmd>
C:\FbEdit\Projects\Applications\FbEdit\RadASM30\Release\Masm\Projects\ShowMap\STM32_Sonar/main.c:207
  /* Enable TIM2 */
  TIM_Cmd(TIM2, ENABLE);
  7e:	f04f 4080 	mov.w	r0, #1073741824	; 0x40000000
  82:	f04f 0101 	mov.w	r1, #1
  86:	f7ff fffe 	bl	0 <TIM_Cmd>
C:\FbEdit\Projects\Applications\FbEdit\RadASM30\Release\Masm\Projects\ShowMap\STM32_Sonar/main.c:208
}
  8a:	bd38      	pop	{r3, r4, r5, pc}

Disassembly of section .text.TIM2_IRQHandler:

00000000 <TIM2_IRQHandler>:
TIM2_IRQHandler():
C:\FbEdit\Projects\Applications\FbEdit\RadASM30\Release\Masm\Projects\ShowMap\STM32_Sonar/main.c:218
* Input          : None
* Output         : None
* Return         : None
*******************************************************************************/
void TIM2_IRQHandler(void)
{
   0:	b510      	push	{r4, lr}
C:\FbEdit\Projects\Applications\FbEdit\RadASM30\Release\Masm\Projects\ShowMap\STM32_Sonar/main.c:222
  u32* ADC;
  u8 Echo;
  /* Clear TIM2 Update interrupt pending bit */
  TIM2->SR = (u16)~TIM_IT_Update;
   2:	f04f 4380 	mov.w	r3, #1073741824	; 0x40000000
   6:	f64f 72fe 	movw	r2, #65534	; 0xfffe
   a:	821a      	strh	r2, [r3, #16]
C:\FbEdit\Projects\Applications\FbEdit\RadASM30\Release\Masm\Projects\ShowMap\STM32_Sonar/main.c:226
  /* Get echo */
  // Echo = (ADC_GetInjectedConversionValue(ADC1, ADC_InjectedChannel_1) >> 4);
  ADC = ( (u32 *) ADC1_ICDR_Address);
  Echo = (u8) ( (u16) (*(vu32*) (((*(u32*)&ADC)))) >> 4);
   c:	f242 433c 	movw	r3, #9276	; 0x243c
  10:	f2c4 0301 	movt	r3, #16385	; 0x4001
  14:	681a      	ldr	r2, [r3, #0]
  16:	f3c2 1207 	ubfx	r2, r2, #4, #8
  1a:	2afd      	cmp	r2, #253	; 0xfd
  1c:	bf28      	it	cs
  1e:	22fd      	movcs	r2, #253	; 0xfd
C:\FbEdit\Projects\Applications\FbEdit\RadASM30\Release\Masm\Projects\ShowMap\STM32_Sonar/main.c:233
  if (Echo > 253)
  {
    Echo = 253;
  }
  /* Cancel noise */
  if (Echo < STM32_Sonar.Noise)
  20:	f240 0300 	movw	r3, #0
  24:	f2c0 0300 	movt	r3, #0
  28:	789b      	ldrb	r3, [r3, #2]
  2a:	4293      	cmp	r3, r2
  2c:	d83e      	bhi.n	ac <TIM2_IRQHandler+0xac>
C:\FbEdit\Projects\Applications\FbEdit\RadASM30\Release\Masm\Projects\ShowMap\STM32_Sonar/main.c:238
  {
    Echo = 0;
  }
  /* If echo larger than previous echo, update the echo array */
  if (Echo > STM32_Sonar.Echo[STM32_Sonar.EchoIndex])
  2e:	f240 0300 	movw	r3, #0
  32:	f2c0 0300 	movt	r3, #0
  36:	8919      	ldrh	r1, [r3, #8]
  38:	185b      	adds	r3, r3, r1
  3a:	7c1b      	ldrb	r3, [r3, #16]
  3c:	4293      	cmp	r3, r2
C:\FbEdit\Projects\Applications\FbEdit\RadASM30\Release\Masm\Projects\ShowMap\STM32_Sonar/main.c:240
  {
    STM32_Sonar.Echo[STM32_Sonar.EchoIndex] = Echo;
  3e:	bf3f      	itttt	cc
  40:	f240 0300 	movwcc	r3, #0
  44:	f2c0 0300 	movtcc	r3, #0
  48:	185b      	addcc	r3, r3, r1
  4a:	741a      	strbcc	r2, [r3, #16]
C:\FbEdit\Projects\Applications\FbEdit\RadASM30\Release\Masm\Projects\ShowMap\STM32_Sonar/main.c:242
  }
  nSample--;
  4c:	f240 0300 	movw	r3, #0
  50:	f2c0 0300 	movt	r3, #0
  54:	781a      	ldrb	r2, [r3, #0]
  56:	f102 32ff 	add.w	r2, r2, #4294967295
  5a:	b2d2      	uxtb	r2, r2
  5c:	701a      	strb	r2, [r3, #0]
C:\FbEdit\Projects\Applications\FbEdit\RadASM30\Release\Masm\Projects\ShowMap\STM32_Sonar/main.c:243
  if (!nSample)
  5e:	781b      	ldrb	r3, [r3, #0]
  60:	bb53      	cbnz	r3, b8 <TIM2_IRQHandler+0xb8>
C:\FbEdit\Projects\Applications\FbEdit\RadASM30\Release\Masm\Projects\ShowMap\STM32_Sonar/main.c:245
  {
    nSample = STM32_Sonar.nSample;
  62:	f240 0300 	movw	r3, #0
  66:	f2c0 0300 	movt	r3, #0
  6a:	7958      	ldrb	r0, [r3, #5]
  6c:	f240 0200 	movw	r2, #0
  70:	f2c0 0200 	movt	r2, #0
  74:	7010      	strb	r0, [r2, #0]
C:\FbEdit\Projects\Applications\FbEdit\RadASM30\Release\Masm\Projects\ShowMap\STM32_Sonar/main.c:246
    STM32_Sonar.EchoIndex++;
  76:	f101 0101 	add.w	r1, r1, #1
  7a:	b289      	uxth	r1, r1
  7c:	8119      	strh	r1, [r3, #8]
C:\FbEdit\Projects\Applications\FbEdit\RadASM30\Release\Masm\Projects\ShowMap\STM32_Sonar/main.c:247
    if (STM32_Sonar.EchoIndex == MAXECHO)
  7e:	f5b1 7f00 	cmp.w	r1, #512	; 0x200
  82:	d119      	bne.n	b8 <TIM2_IRQHandler+0xb8>
C:\FbEdit\Projects\Applications\FbEdit\RadASM30\Release\Masm\Projects\ShowMap\STM32_Sonar/main.c:250
    {
      /* Disable TIM2 */
      TIM2->CR1 = 0;
  84:	f04f 0100 	mov.w	r1, #0
  88:	460c      	mov	r4, r1
  8a:	f04f 4380 	mov.w	r3, #1073741824	; 0x40000000
  8e:	8019      	strh	r1, [r3, #0]
C:\FbEdit\Projects\Applications\FbEdit\RadASM30\Release\Masm\Projects\ShowMap\STM32_Sonar/main.c:251
      ADC_AutoInjectedConvCmd(ADC1, DISABLE);
  90:	f44f 5010 	mov.w	r0, #9216	; 0x2400
  94:	f2c4 0001 	movt	r0, #16385	; 0x4001
  98:	f7ff fffe 	bl	0 <ADC_AutoInjectedConvCmd>
C:\FbEdit\Projects\Applications\FbEdit\RadASM30\Release\Masm\Projects\ShowMap\STM32_Sonar/main.c:253
      /* Store the range */
      STM32_Sonar.Echo[0] = STM32_Sonar.Range;
  9c:	f240 0300 	movw	r3, #0
  a0:	f2c0 0300 	movt	r3, #0
  a4:	791a      	ldrb	r2, [r3, #4]
  a6:	741a      	strb	r2, [r3, #16]
C:\FbEdit\Projects\Applications\FbEdit\RadASM30\Release\Masm\Projects\ShowMap\STM32_Sonar/main.c:255
      /* Done */
      STM32_Sonar.Start = 0;
  a8:	701c      	strb	r4, [r3, #0]
  aa:	bd10      	pop	{r4, pc}
C:\FbEdit\Projects\Applications\FbEdit\RadASM30\Release\Masm\Projects\ShowMap\STM32_Sonar/main.c:238
  if (Echo < STM32_Sonar.Noise)
  {
    Echo = 0;
  }
  /* If echo larger than previous echo, update the echo array */
  if (Echo > STM32_Sonar.Echo[STM32_Sonar.EchoIndex])
  ac:	f240 0300 	movw	r3, #0
  b0:	f2c0 0300 	movt	r3, #0
  b4:	8919      	ldrh	r1, [r3, #8]
  b6:	e7c9      	b.n	4c <TIM2_IRQHandler+0x4c>
  b8:	bd10      	pop	{r4, pc}
  ba:	bf00      	nop

Disassembly of section .text.ADC_Startup:

00000000 <ADC_Startup>:
ADC_Startup():
C:\FbEdit\Projects\Applications\FbEdit\RadASM30\Release\Masm\Projects\ShowMap\STM32_Sonar/main.c:268
* Input          : None
* Output         : None
* Return         : None
*******************************************************************************/
void ADC_Startup(void)
{
   0:	b530      	push	{r4, r5, lr}
   2:	b087      	sub	sp, #28
C:\FbEdit\Projects\Applications\FbEdit\RadASM30\Release\Masm\Projects\ShowMap\STM32_Sonar/main.c:271
  ADC_InitTypeDef ADC_InitStructure;
  /* ADCCLK = PCLK2/2 */
  RCC_ADCCLKConfig(RCC_PCLK2_Div2);
   4:	f04f 0000 	mov.w	r0, #0
   8:	f7ff fffe 	bl	0 <RCC_ADCCLKConfig>
C:\FbEdit\Projects\Applications\FbEdit\RadASM30\Release\Masm\Projects\ShowMap\STM32_Sonar/main.c:273
  /* ADC1 configuration ------------------------------------------------------*/
  ADC_InitStructure.ADC_Mode = ADC_Mode_Independent;
   c:	f04f 0300 	mov.w	r3, #0
  10:	9301      	str	r3, [sp, #4]
C:\FbEdit\Projects\Applications\FbEdit\RadASM30\Release\Masm\Projects\ShowMap\STM32_Sonar/main.c:274
  ADC_InitStructure.ADC_ScanConvMode = ENABLE;
  12:	f04f 0501 	mov.w	r5, #1
  16:	f88d 5008 	strb.w	r5, [sp, #8]
C:\FbEdit\Projects\Applications\FbEdit\RadASM30\Release\Masm\Projects\ShowMap\STM32_Sonar/main.c:275
  ADC_InitStructure.ADC_ContinuousConvMode = ENABLE;
  1a:	f88d 5009 	strb.w	r5, [sp, #9]
C:\FbEdit\Projects\Applications\FbEdit\RadASM30\Release\Masm\Projects\ShowMap\STM32_Sonar/main.c:276
  ADC_InitStructure.ADC_ExternalTrigConv = ADC_ExternalTrigConv_None;
  1e:	f44f 2260 	mov.w	r2, #917504	; 0xe0000
  22:	9203      	str	r2, [sp, #12]
C:\FbEdit\Projects\Applications\FbEdit\RadASM30\Release\Masm\Projects\ShowMap\STM32_Sonar/main.c:277
  ADC_InitStructure.ADC_DataAlign = ADC_DataAlign_Right;
  24:	9304      	str	r3, [sp, #16]
C:\FbEdit\Projects\Applications\FbEdit\RadASM30\Release\Masm\Projects\ShowMap\STM32_Sonar/main.c:278
  ADC_InitStructure.ADC_NbrOfChannel = 1;
  26:	f88d 5014 	strb.w	r5, [sp, #20]
C:\FbEdit\Projects\Applications\FbEdit\RadASM30\Release\Masm\Projects\ShowMap\STM32_Sonar/main.c:279
  ADC_Init(ADC1, &ADC_InitStructure);
  2a:	f44f 5410 	mov.w	r4, #9216	; 0x2400
  2e:	f2c4 0401 	movt	r4, #16385	; 0x4001
  32:	4620      	mov	r0, r4
  34:	a901      	add	r1, sp, #4
  36:	f7ff fffe 	bl	0 <ADC_Init>
C:\FbEdit\Projects\Applications\FbEdit\RadASM30\Release\Masm\Projects\ShowMap\STM32_Sonar/main.c:281
  /* ADC1 regular channel2 configuration */ 
  ADC_RegularChannelConfig(ADC1, ADC_Channel_2, 1, ADC_SampleTime_55Cycles5);
  3a:	4620      	mov	r0, r4
  3c:	f04f 0102 	mov.w	r1, #2
  40:	462a      	mov	r2, r5
  42:	f04f 0305 	mov.w	r3, #5
  46:	f7ff fffe 	bl	0 <ADC_RegularChannelConfig>
C:\FbEdit\Projects\Applications\FbEdit\RadASM30\Release\Masm\Projects\ShowMap\STM32_Sonar/main.c:283
  /* Enable ADC1 */
  ADC_Cmd(ADC1, ENABLE);
  4a:	4620      	mov	r0, r4
  4c:	4629      	mov	r1, r5
  4e:	f7ff fffe 	bl	0 <ADC_Cmd>
C:\FbEdit\Projects\Applications\FbEdit\RadASM30\Release\Masm\Projects\ShowMap\STM32_Sonar/main.c:285
  /* Enable ADC1 reset calibaration register */   
  ADC_ResetCalibration(ADC1);
  52:	4620      	mov	r0, r4
  54:	f7ff fffe 	bl	0 <ADC_ResetCalibration>
C:\FbEdit\Projects\Applications\FbEdit\RadASM30\Release\Masm\Projects\ShowMap\STM32_Sonar/main.c:287
  /* Check the end of ADC1 reset calibration register */
  while(ADC_GetResetCalibrationStatus(ADC1));
  58:	f44f 5410 	mov.w	r4, #9216	; 0x2400
  5c:	f2c4 0401 	movt	r4, #16385	; 0x4001
  60:	4620      	mov	r0, r4
  62:	f7ff fffe 	bl	0 <ADC_GetResetCalibrationStatus>
  66:	2800      	cmp	r0, #0
  68:	d1fa      	bne.n	60 <ADC_Startup+0x60>
C:\FbEdit\Projects\Applications\FbEdit\RadASM30\Release\Masm\Projects\ShowMap\STM32_Sonar/main.c:289
  /* Start ADC1 calibaration */
  ADC_StartCalibration(ADC1);
  6a:	f44f 5010 	mov.w	r0, #9216	; 0x2400
  6e:	f2c4 0001 	movt	r0, #16385	; 0x4001
  72:	f7ff fffe 	bl	0 <ADC_StartCalibration>
C:\FbEdit\Projects\Applications\FbEdit\RadASM30\Release\Masm\Projects\ShowMap\STM32_Sonar/main.c:291
  /* Check the end of ADC1 calibration */
  while(ADC_GetCalibrationStatus(ADC1));
  76:	f44f 5410 	mov.w	r4, #9216	; 0x2400
  7a:	f2c4 0401 	movt	r4, #16385	; 0x4001
  7e:	4620      	mov	r0, r4
  80:	f7ff fffe 	bl	0 <ADC_GetCalibrationStatus>
  84:	2800      	cmp	r0, #0
  86:	d1fa      	bne.n	7e <ADC_Startup+0x7e>
C:\FbEdit\Projects\Applications\FbEdit\RadASM30\Release\Masm\Projects\ShowMap\STM32_Sonar/main.c:292
}
  88:	b007      	add	sp, #28
  8a:	bd30      	pop	{r4, r5, pc}

Disassembly of section .text.ADC_Configuration:

00000000 <ADC_Configuration>:
ADC_Configuration():
C:\FbEdit\Projects\Applications\FbEdit\RadASM30\Release\Masm\Projects\ShowMap\STM32_Sonar/main.c:303
* Input          : None
* Output         : None
* Return         : None
*******************************************************************************/
void ADC_Configuration(void)
{
   0:	b530      	push	{r4, r5, lr}
   2:	b087      	sub	sp, #28
C:\FbEdit\Projects\Applications\FbEdit\RadASM30\Release\Masm\Projects\ShowMap\STM32_Sonar/main.c:307
  ADC_InitTypeDef ADC_InitStructure;

  /* Enable temprature sensor */
  ADC_TempSensorVrefintCmd(ENABLE);
   4:	f04f 0001 	mov.w	r0, #1
   8:	f7ff fffe 	bl	0 <ADC_TempSensorVrefintCmd>
C:\FbEdit\Projects\Applications\FbEdit\RadASM30\Release\Masm\Projects\ShowMap\STM32_Sonar/main.c:309
  /* ADCCLK = PCLK2/8 */
  RCC_ADCCLKConfig(RCC_PCLK2_Div2);
   c:	f04f 0000 	mov.w	r0, #0
  10:	f7ff fffe 	bl	0 <RCC_ADCCLKConfig>
C:\FbEdit\Projects\Applications\FbEdit\RadASM30\Release\Masm\Projects\ShowMap\STM32_Sonar/main.c:310
  ADC_InitStructure.ADC_Mode = ADC_Mode_Independent;
  14:	f04f 0300 	mov.w	r3, #0
  18:	9301      	str	r3, [sp, #4]
C:\FbEdit\Projects\Applications\FbEdit\RadASM30\Release\Masm\Projects\ShowMap\STM32_Sonar/main.c:311
  ADC_InitStructure.ADC_ScanConvMode = ENABLE;
  1a:	f04f 0401 	mov.w	r4, #1
  1e:	f88d 4008 	strb.w	r4, [sp, #8]
C:\FbEdit\Projects\Applications\FbEdit\RadASM30\Release\Masm\Projects\ShowMap\STM32_Sonar/main.c:312
  ADC_InitStructure.ADC_ContinuousConvMode = ENABLE;
  22:	f88d 4009 	strb.w	r4, [sp, #9]
C:\FbEdit\Projects\Applications\FbEdit\RadASM30\Release\Masm\Projects\ShowMap\STM32_Sonar/main.c:313
  ADC_InitStructure.ADC_ExternalTrigConv = ADC_ExternalTrigConv_None;
  26:	f44f 2260 	mov.w	r2, #917504	; 0xe0000
  2a:	9203      	str	r2, [sp, #12]
C:\FbEdit\Projects\Applications\FbEdit\RadASM30\Release\Masm\Projects\ShowMap\STM32_Sonar/main.c:314
  ADC_InitStructure.ADC_DataAlign = ADC_DataAlign_Right;
  2c:	9304      	str	r3, [sp, #16]
C:\FbEdit\Projects\Applications\FbEdit\RadASM30\Release\Masm\Projects\ShowMap\STM32_Sonar/main.c:316
  /* ADC1 single channel configuration -----------------------------*/
  ADC_InitStructure.ADC_NbrOfChannel = 1;
  2e:	f88d 4014 	strb.w	r4, [sp, #20]
C:\FbEdit\Projects\Applications\FbEdit\RadASM30\Release\Masm\Projects\ShowMap\STM32_Sonar/main.c:317
  ADC_Init(ADC1, &ADC_InitStructure);
  32:	f44f 5510 	mov.w	r5, #9216	; 0x2400
  36:	f2c4 0501 	movt	r5, #16385	; 0x4001
  3a:	4628      	mov	r0, r5
  3c:	a901      	add	r1, sp, #4
  3e:	f7ff fffe 	bl	0 <ADC_Init>
C:\FbEdit\Projects\Applications\FbEdit\RadASM30\Release\Masm\Projects\ShowMap\STM32_Sonar/main.c:319
  /* Setup injected channels */
  ADC_InjectedSequencerLengthConfig(ADC1,1);
  42:	4628      	mov	r0, r5
  44:	4621      	mov	r1, r4
  46:	f7ff fffe 	bl	0 <ADC_InjectedSequencerLengthConfig>
C:\FbEdit\Projects\Applications\FbEdit\RadASM30\Release\Masm\Projects\ShowMap\STM32_Sonar/main.c:321
  /* Sonar echo */
  ADC_InjectedChannelConfig(ADC1,ADC_Channel_2,1,ADC_SampleTime_28Cycles5);
  4a:	4628      	mov	r0, r5
  4c:	f04f 0102 	mov.w	r1, #2
  50:	4622      	mov	r2, r4
  52:	f04f 0303 	mov.w	r3, #3
  56:	f7ff fffe 	bl	0 <ADC_InjectedChannelConfig>
C:\FbEdit\Projects\Applications\FbEdit\RadASM30\Release\Masm\Projects\ShowMap\STM32_Sonar/main.c:322
}
  5a:	b007      	add	sp, #28
  5c:	bd30      	pop	{r4, r5, pc}
  5e:	bf00      	nop

Disassembly of section .text.RCC_Configuration:

00000000 <RCC_Configuration>:
RCC_Configuration():
C:\FbEdit\Projects\Applications\FbEdit\RadASM30\Release\Masm\Projects\ShowMap\STM32_Sonar/main.c:332
* Input          : None
* Output         : None
* Return         : None
*******************************************************************************/
void RCC_Configuration(void)
{
   0:	b510      	push	{r4, lr}
C:\FbEdit\Projects\Applications\FbEdit\RadASM30\Release\Masm\Projects\ShowMap\STM32_Sonar/main.c:335
  ErrorStatus HSEStartUpStatus;
  /* RCC system reset(for debug purpose) */
  RCC_DeInit();
   2:	f7ff fffe 	bl	0 <RCC_DeInit>
C:\FbEdit\Projects\Applications\FbEdit\RadASM30\Release\Masm\Projects\ShowMap\STM32_Sonar/main.c:337
  /* Enable HSE */
  RCC_HSEConfig(RCC_HSE_ON);
   6:	f44f 3080 	mov.w	r0, #65536	; 0x10000
   a:	f7ff fffe 	bl	0 <RCC_HSEConfig>
C:\FbEdit\Projects\Applications\FbEdit\RadASM30\Release\Masm\Projects\ShowMap\STM32_Sonar/main.c:339
  /* Wait till HSE is ready */
  HSEStartUpStatus = RCC_WaitForHSEStartUp();
   e:	f7ff fffe 	bl	0 <RCC_WaitForHSEStartUp>
C:\FbEdit\Projects\Applications\FbEdit\RadASM30\Release\Masm\Projects\ShowMap\STM32_Sonar/main.c:340
  if(HSEStartUpStatus == SUCCESS)
  12:	2801      	cmp	r0, #1
  14:	d130      	bne.n	78 <RCC_Configuration+0x78>
C:\FbEdit\Projects\Applications\FbEdit\RadASM30\Release\Masm\Projects\ShowMap\STM32_Sonar/main.c:343
  {
    /* Enable Prefetch Buffer */
    FLASH_PrefetchBufferCmd(FLASH_PrefetchBuffer_Enable);
  16:	f04f 0010 	mov.w	r0, #16
  1a:	f7ff fffe 	bl	0 <FLASH_PrefetchBufferCmd>
C:\FbEdit\Projects\Applications\FbEdit\RadASM30\Release\Masm\Projects\ShowMap\STM32_Sonar/main.c:345
    /* Flash 2 wait state */
    FLASH_SetLatency(FLASH_Latency_0);
  1e:	f04f 0000 	mov.w	r0, #0
  22:	f7ff fffe 	bl	0 <FLASH_SetLatency>
C:\FbEdit\Projects\Applications\FbEdit\RadASM30\Release\Masm\Projects\ShowMap\STM32_Sonar/main.c:347
    /* HCLK = SYSCLK */
    RCC_HCLKConfig(RCC_SYSCLK_Div1); 
  26:	f04f 0000 	mov.w	r0, #0
  2a:	f7ff fffe 	bl	0 <RCC_HCLKConfig>
C:\FbEdit\Projects\Applications\FbEdit\RadASM30\Release\Masm\Projects\ShowMap\STM32_Sonar/main.c:349
    /* PCLK2 = HCLK */
    RCC_PCLK2Config(RCC_HCLK_Div1); 
  2e:	f04f 0000 	mov.w	r0, #0
  32:	f7ff fffe 	bl	0 <RCC_PCLK2Config>
C:\FbEdit\Projects\Applications\FbEdit\RadASM30\Release\Masm\Projects\ShowMap\STM32_Sonar/main.c:351
    /* PCLK1 = HCLK */
    RCC_PCLK1Config(RCC_HCLK_Div1);
  36:	f04f 0000 	mov.w	r0, #0
  3a:	f7ff fffe 	bl	0 <RCC_PCLK1Config>
C:\FbEdit\Projects\Applications\FbEdit\RadASM30\Release\Masm\Projects\ShowMap\STM32_Sonar/main.c:353
    /* ADCCLK = PCLK2/2 */
    RCC_ADCCLKConfig(RCC_PCLK2_Div2);
  3e:	f04f 0000 	mov.w	r0, #0
  42:	f7ff fffe 	bl	0 <RCC_ADCCLKConfig>
C:\FbEdit\Projects\Applications\FbEdit\RadASM30\Release\Masm\Projects\ShowMap\STM32_Sonar/main.c:355
    /* PLLCLK = 8MHz * 6 = 48 MHz */
    RCC_PLLConfig(RCC_PLLSource_HSE_Div1, RCC_PLLMul_6);
  46:	f44f 3080 	mov.w	r0, #65536	; 0x10000
  4a:	f44f 1180 	mov.w	r1, #1048576	; 0x100000
  4e:	f7ff fffe 	bl	0 <RCC_PLLConfig>
C:\FbEdit\Projects\Applications\FbEdit\RadASM30\Release\Masm\Projects\ShowMap\STM32_Sonar/main.c:357
    /* Enable PLL */ 
    RCC_PLLCmd(ENABLE);
  52:	f04f 0001 	mov.w	r0, #1
  56:	f7ff fffe 	bl	0 <RCC_PLLCmd>
C:\FbEdit\Projects\Applications\FbEdit\RadASM30\Release\Masm\Projects\ShowMap\STM32_Sonar/main.c:359
    /* Wait till PLL is ready */
    while(RCC_GetFlagStatus(RCC_FLAG_PLLRDY) == RESET)
  5a:	f04f 0439 	mov.w	r4, #57	; 0x39
  5e:	4620      	mov	r0, r4
  60:	f7ff fffe 	bl	0 <RCC_GetFlagStatus>
  64:	2800      	cmp	r0, #0
  66:	d0fa      	beq.n	5e <RCC_Configuration+0x5e>
C:\FbEdit\Projects\Applications\FbEdit\RadASM30\Release\Masm\Projects\ShowMap\STM32_Sonar/main.c:363
    {
    }
    /* Select PLL as system clock source */
    RCC_SYSCLKConfig(RCC_SYSCLKSource_PLLCLK);
  68:	f04f 0002 	mov.w	r0, #2
  6c:	f7ff fffe 	bl	0 <RCC_SYSCLKConfig>
C:\FbEdit\Projects\Applications\FbEdit\RadASM30\Release\Masm\Projects\ShowMap\STM32_Sonar/main.c:365
    /* Wait till PLL is used as system clock source */
    while(RCC_GetSYSCLKSource() != 0x08)
  70:	f7ff fffe 	bl	0 <RCC_GetSYSCLKSource>
  74:	2808      	cmp	r0, #8
  76:	d1fb      	bne.n	70 <RCC_Configuration+0x70>
C:\FbEdit\Projects\Applications\FbEdit\RadASM30\Release\Masm\Projects\ShowMap\STM32_Sonar/main.c:371
    {
    }
  }
  /* Enable peripheral clocks ------------------------------------------------*/
  /* Enable TIM1, ADC1, GPIOA, GPIOB and GPIOC clock */
  RCC_APB2PeriphClockCmd(RCC_APB2Periph_TIM1 | RCC_APB2Periph_ADC1 | RCC_APB2Periph_GPIOA | RCC_APB2Periph_GPIOB | RCC_APB2Periph_GPIOC, ENABLE);
  78:	f640 201c 	movw	r0, #2588	; 0xa1c
  7c:	f04f 0101 	mov.w	r1, #1
  80:	f7ff fffe 	bl	0 <RCC_APB2PeriphClockCmd>
C:\FbEdit\Projects\Applications\FbEdit\RadASM30\Release\Masm\Projects\ShowMap\STM32_Sonar/main.c:373
  /* Enable TIM2 clock */
  RCC_APB1PeriphClockCmd(RCC_APB1Periph_DAC | RCC_APB1Periph_TIM2, ENABLE);
  84:	f04f 0001 	mov.w	r0, #1
  88:	f2c2 0000 	movt	r0, #8192	; 0x2000
  8c:	f04f 0101 	mov.w	r1, #1
  90:	f7ff fffe 	bl	0 <RCC_APB1PeriphClockCmd>
C:\FbEdit\Projects\Applications\FbEdit\RadASM30\Release\Masm\Projects\ShowMap\STM32_Sonar/main.c:374
}
  94:	bd10      	pop	{r4, pc}
  96:	bf00      	nop

Disassembly of section .text.GPIO_Configuration:

00000000 <GPIO_Configuration>:
GPIO_Configuration():
C:\FbEdit\Projects\Applications\FbEdit\RadASM30\Release\Masm\Projects\ShowMap\STM32_Sonar/main.c:384
* Input          : None
* Output         : None
* Return         : None
*******************************************************************************/
void GPIO_Configuration(void)
{
   0:	e92d 41f0 	stmdb	sp!, {r4, r5, r6, r7, r8, lr}
C:\FbEdit\Projects\Applications\FbEdit\RadASM30\Release\Masm\Projects\ShowMap\STM32_Sonar/main.c:386
  /* Configure DAC Channel2 (PA.05), ADC Channel4 (PA.04), ADC Channel3 (PA.03) and ADC Channel2 (PA.02) as analog input */
  GPIO_InitStructure.GPIO_Pin = GPIO_Pin_5 | GPIO_Pin_4 | GPIO_Pin_3 | GPIO_Pin_2;
   4:	f240 0400 	movw	r4, #0
   8:	f2c0 0400 	movt	r4, #0
   c:	f04f 033c 	mov.w	r3, #60	; 0x3c
  10:	8023      	strh	r3, [r4, #0]
C:\FbEdit\Projects\Applications\FbEdit\RadASM30\Release\Masm\Projects\ShowMap\STM32_Sonar/main.c:387
  GPIO_InitStructure.GPIO_Mode = GPIO_Mode_AIN;
  12:	f04f 0300 	mov.w	r3, #0
  16:	70e3      	strb	r3, [r4, #3]
C:\FbEdit\Projects\Applications\FbEdit\RadASM30\Release\Masm\Projects\ShowMap\STM32_Sonar/main.c:388
  GPIO_InitStructure.GPIO_Speed = GPIO_Speed_50MHz;
  18:	f04f 0703 	mov.w	r7, #3
  1c:	70a7      	strb	r7, [r4, #2]
C:\FbEdit\Projects\Applications\FbEdit\RadASM30\Release\Masm\Projects\ShowMap\STM32_Sonar/main.c:389
  GPIO_Init(GPIOA, &GPIO_InitStructure);
  1e:	f44f 6600 	mov.w	r6, #2048	; 0x800
  22:	f2c4 0601 	movt	r6, #16385	; 0x4001
  26:	4630      	mov	r0, r6
  28:	4621      	mov	r1, r4
  2a:	f7ff fffe 	bl	0 <GPIO_Init>
C:\FbEdit\Projects\Applications\FbEdit\RadASM30\Release\Masm\Projects\ShowMap\STM32_Sonar/main.c:391
  /* Configure PC.09 (LED3) and PC.08 (LED4) as output */
  GPIO_InitStructure.GPIO_Pin = GPIO_Pin_9 | GPIO_Pin_8;
  2e:	f44f 7840 	mov.w	r8, #768	; 0x300
  32:	f8a4 8000 	strh.w	r8, [r4]
C:\FbEdit\Projects\Applications\FbEdit\RadASM30\Release\Masm\Projects\ShowMap\STM32_Sonar/main.c:392
  GPIO_InitStructure.GPIO_Mode = GPIO_Mode_Out_PP;
  36:	f04f 0310 	mov.w	r3, #16
  3a:	70e3      	strb	r3, [r4, #3]
C:\FbEdit\Projects\Applications\FbEdit\RadASM30\Release\Masm\Projects\ShowMap\STM32_Sonar/main.c:393
  GPIO_InitStructure.GPIO_Speed = GPIO_Speed_50MHz;
  3c:	70a7      	strb	r7, [r4, #2]
C:\FbEdit\Projects\Applications\FbEdit\RadASM30\Release\Masm\Projects\ShowMap\STM32_Sonar/main.c:394
  GPIO_Init(GPIOC, &GPIO_InitStructure);
  3e:	f44f 5580 	mov.w	r5, #4096	; 0x1000
  42:	f2c4 0501 	movt	r5, #16385	; 0x4001
  46:	4628      	mov	r0, r5
  48:	4621      	mov	r1, r4
  4a:	f7ff fffe 	bl	0 <GPIO_Init>
C:\FbEdit\Projects\Applications\FbEdit\RadASM30\Release\Masm\Projects\ShowMap\STM32_Sonar/main.c:396
  /* Configure PC07, PC06, PC05, PC04, PC03, PC02, PC01 amd PC00 as open drain output */
  GPIO_InitStructure.GPIO_Pin = GPIO_Pin_7 | GPIO_Pin_6 | GPIO_Pin_5 | GPIO_Pin_4 | GPIO_Pin_3 | GPIO_Pin_2 | GPIO_Pin_1 | GPIO_Pin_0;
  4e:	f04f 03ff 	mov.w	r3, #255	; 0xff
  52:	8023      	strh	r3, [r4, #0]
C:\FbEdit\Projects\Applications\FbEdit\RadASM30\Release\Masm\Projects\ShowMap\STM32_Sonar/main.c:397
  GPIO_InitStructure.GPIO_Mode = GPIO_Mode_Out_OD;
  54:	f04f 0314 	mov.w	r3, #20
  58:	70e3      	strb	r3, [r4, #3]
C:\FbEdit\Projects\Applications\FbEdit\RadASM30\Release\Masm\Projects\ShowMap\STM32_Sonar/main.c:398
  GPIO_InitStructure.GPIO_Speed = GPIO_Speed_50MHz;
  5a:	70a7      	strb	r7, [r4, #2]
C:\FbEdit\Projects\Applications\FbEdit\RadASM30\Release\Masm\Projects\ShowMap\STM32_Sonar/main.c:399
  GPIO_Init(GPIOC, &GPIO_InitStructure);
  5c:	4628      	mov	r0, r5
  5e:	4621      	mov	r1, r4
  60:	f7ff fffe 	bl	0 <GPIO_Init>
C:\FbEdit\Projects\Applications\FbEdit\RadASM30\Release\Masm\Projects\ShowMap\STM32_Sonar/main.c:400
  GPIO_WriteBit(GPIOA, GPIO_Pin_8 | GPIO_Pin_9, Bit_SET);
  64:	4630      	mov	r0, r6
  66:	4641      	mov	r1, r8
  68:	f04f 0201 	mov.w	r2, #1
  6c:	f7ff fffe 	bl	0 <GPIO_WriteBit>
C:\FbEdit\Projects\Applications\FbEdit\RadASM30\Release\Masm\Projects\ShowMap\STM32_Sonar/main.c:401
}
  70:	e8bd 81f0 	ldmia.w	sp!, {r4, r5, r6, r7, r8, pc}

Disassembly of section .text.NVIC_Configuration:

00000000 <NVIC_Configuration>:
NVIC_Configuration():
C:\FbEdit\Projects\Applications\FbEdit\RadASM30\Release\Masm\Projects\ShowMap\STM32_Sonar/main.c:412
* Input          : None
* Output         : None
* Return         : None
*******************************************************************************/
void NVIC_Configuration(void)
{
   0:	b530      	push	{r4, r5, lr}
   2:	b083      	sub	sp, #12
C:\FbEdit\Projects\Applications\FbEdit\RadASM30\Release\Masm\Projects\ShowMap\STM32_Sonar/main.c:415
  NVIC_InitTypeDef NVIC_InitStructure;
  /* Set the Vector Table base location at 0x08000000 */ 
  NVIC_SetVectorTable(NVIC_VectTab_FLASH, 0x0);   
   4:	f04f 6000 	mov.w	r0, #134217728	; 0x8000000
   8:	f04f 0100 	mov.w	r1, #0
   c:	f7ff fffe 	bl	0 <NVIC_SetVectorTable>
C:\FbEdit\Projects\Applications\FbEdit\RadASM30\Release\Masm\Projects\ShowMap\STM32_Sonar/main.c:417
  /* Enable the TIM1 global Interrupt */
  NVIC_InitStructure.NVIC_IRQChannel = TIM1_UP_IRQChannel;
  10:	f04f 0319 	mov.w	r3, #25
  14:	f88d 3004 	strb.w	r3, [sp, #4]
C:\FbEdit\Projects\Applications\FbEdit\RadASM30\Release\Masm\Projects\ShowMap\STM32_Sonar/main.c:418
  NVIC_InitStructure.NVIC_IRQChannelPreemptionPriority = 0;
  18:	f04f 0500 	mov.w	r5, #0
  1c:	f88d 5005 	strb.w	r5, [sp, #5]
C:\FbEdit\Projects\Applications\FbEdit\RadASM30\Release\Masm\Projects\ShowMap\STM32_Sonar/main.c:419
  NVIC_InitStructure.NVIC_IRQChannelSubPriority = 0;
  20:	f88d 5006 	strb.w	r5, [sp, #6]
C:\FbEdit\Projects\Applications\FbEdit\RadASM30\Release\Masm\Projects\ShowMap\STM32_Sonar/main.c:420
  NVIC_InitStructure.NVIC_IRQChannelCmd = ENABLE;
  24:	f04f 0401 	mov.w	r4, #1
  28:	f88d 4007 	strb.w	r4, [sp, #7]
C:\FbEdit\Projects\Applications\FbEdit\RadASM30\Release\Masm\Projects\ShowMap\STM32_Sonar/main.c:421
  NVIC_Init(&NVIC_InitStructure);
  2c:	a801      	add	r0, sp, #4
  2e:	f7ff fffe 	bl	0 <NVIC_Init>
C:\FbEdit\Projects\Applications\FbEdit\RadASM30\Release\Masm\Projects\ShowMap\STM32_Sonar/main.c:423
  /* Enable the TIM2 global Interrupt */
  NVIC_InitStructure.NVIC_IRQChannel = TIM2_IRQChannel;
  32:	f04f 031c 	mov.w	r3, #28
  36:	f88d 3004 	strb.w	r3, [sp, #4]
C:\FbEdit\Projects\Applications\FbEdit\RadASM30\Release\Masm\Projects\ShowMap\STM32_Sonar/main.c:424
  NVIC_InitStructure.NVIC_IRQChannelPreemptionPriority = 0;
  3a:	f88d 5005 	strb.w	r5, [sp, #5]
C:\FbEdit\Projects\Applications\FbEdit\RadASM30\Release\Masm\Projects\ShowMap\STM32_Sonar/main.c:425
  NVIC_InitStructure.NVIC_IRQChannelSubPriority = 1;
  3e:	f88d 4006 	strb.w	r4, [sp, #6]
C:\FbEdit\Projects\Applications\FbEdit\RadASM30\Release\Masm\Projects\ShowMap\STM32_Sonar/main.c:426
  NVIC_InitStructure.NVIC_IRQChannelCmd = ENABLE;
  42:	f88d 4007 	strb.w	r4, [sp, #7]
C:\FbEdit\Projects\Applications\FbEdit\RadASM30\Release\Masm\Projects\ShowMap\STM32_Sonar/main.c:427
  NVIC_Init(&NVIC_InitStructure);
  46:	a801      	add	r0, sp, #4
  48:	f7ff fffe 	bl	0 <NVIC_Init>
C:\FbEdit\Projects\Applications\FbEdit\RadASM30\Release\Masm\Projects\ShowMap\STM32_Sonar/main.c:428
}
  4c:	b003      	add	sp, #12
  4e:	bd30      	pop	{r4, r5, pc}

Disassembly of section .text.TIM1_Configuration:

00000000 <TIM1_Configuration>:
TIM1_Configuration():
C:\FbEdit\Projects\Applications\FbEdit\RadASM30\Release\Masm\Projects\ShowMap\STM32_Sonar/main.c:438
* Input          : None
* Output         : None
* Return         : None
*******************************************************************************/
void TIM1_Configuration(void)
{
   0:	b570      	push	{r4, r5, r6, lr}
   2:	b088      	sub	sp, #32
C:\FbEdit\Projects\Applications\FbEdit\RadASM30\Release\Masm\Projects\ShowMap\STM32_Sonar/main.c:442
  TIM_TimeBaseInitTypeDef  TIM_TimeBaseStructure;
  TIM_OCInitTypeDef  TIM_OCInitStructure;
  /* Time base configuration */
  TIM_TimeBaseStructure.TIM_Period = 9;
   4:	f04f 0309 	mov.w	r3, #9
   8:	f8ad 3018 	strh.w	r3, [sp, #24]
C:\FbEdit\Projects\Applications\FbEdit\RadASM30\Release\Masm\Projects\ShowMap\STM32_Sonar/main.c:443
  TIM_TimeBaseStructure.TIM_Prescaler = 23;
   c:	f04f 0317 	mov.w	r3, #23
  10:	f8ad 3014 	strh.w	r3, [sp, #20]
C:\FbEdit\Projects\Applications\FbEdit\RadASM30\Release\Masm\Projects\ShowMap\STM32_Sonar/main.c:444
  TIM_TimeBaseStructure.TIM_ClockDivision = 0;
  14:	f04f 0600 	mov.w	r6, #0
  18:	f8ad 601a 	strh.w	r6, [sp, #26]
C:\FbEdit\Projects\Applications\FbEdit\RadASM30\Release\Masm\Projects\ShowMap\STM32_Sonar/main.c:445
  TIM_TimeBaseStructure.TIM_CounterMode = TIM_CounterMode_Up;
  1c:	f8ad 6016 	strh.w	r6, [sp, #22]
C:\FbEdit\Projects\Applications\FbEdit\RadASM30\Release\Masm\Projects\ShowMap\STM32_Sonar/main.c:446
  TIM_TimeBaseStructure.TIM_RepetitionCounter = STM32_Sonar.PingPulses;
  20:	f240 0300 	movw	r3, #0
  24:	f2c0 0300 	movt	r3, #0
  28:	785b      	ldrb	r3, [r3, #1]
  2a:	f88d 301c 	strb.w	r3, [sp, #28]
C:\FbEdit\Projects\Applications\FbEdit\RadASM30\Release\Masm\Projects\ShowMap\STM32_Sonar/main.c:447
  TIM_TimeBaseInit(TIM1, &TIM_TimeBaseStructure);
  2e:	f44f 5430 	mov.w	r4, #11264	; 0x2c00
  32:	f2c4 0401 	movt	r4, #16385	; 0x4001
  36:	4620      	mov	r0, r4
  38:	a905      	add	r1, sp, #20
  3a:	f7ff fffe 	bl	0 <TIM_TimeBaseInit>
C:\FbEdit\Projects\Applications\FbEdit\RadASM30\Release\Masm\Projects\ShowMap\STM32_Sonar/main.c:449
  /* PWM1 Mode configuration: Channel1 */
  TIM_OCStructInit(&TIM_OCInitStructure);
  3e:	a801      	add	r0, sp, #4
  40:	f7ff fffe 	bl	0 <TIM_OCStructInit>
C:\FbEdit\Projects\Applications\FbEdit\RadASM30\Release\Masm\Projects\ShowMap\STM32_Sonar/main.c:450
  TIM_OCInitStructure.TIM_OCMode = TIM_OCMode_PWM1;
  44:	f04f 0360 	mov.w	r3, #96	; 0x60
  48:	f8ad 3004 	strh.w	r3, [sp, #4]
C:\FbEdit\Projects\Applications\FbEdit\RadASM30\Release\Masm\Projects\ShowMap\STM32_Sonar/main.c:451
  TIM_OCInitStructure.TIM_OutputState = TIM_OutputState_Enable;
  4c:	f04f 0501 	mov.w	r5, #1
  50:	f8ad 5006 	strh.w	r5, [sp, #6]
C:\FbEdit\Projects\Applications\FbEdit\RadASM30\Release\Masm\Projects\ShowMap\STM32_Sonar/main.c:452
  TIM_OCInitStructure.TIM_OutputNState = TIM_OutputNState_Disable;
  54:	f8ad 6008 	strh.w	r6, [sp, #8]
C:\FbEdit\Projects\Applications\FbEdit\RadASM30\Release\Masm\Projects\ShowMap\STM32_Sonar/main.c:453
  TIM_OCInitStructure.TIM_Pulse = 5;
  58:	f04f 0305 	mov.w	r3, #5
  5c:	f8ad 300a 	strh.w	r3, [sp, #10]
C:\FbEdit\Projects\Applications\FbEdit\RadASM30\Release\Masm\Projects\ShowMap\STM32_Sonar/main.c:454
  TIM_OCInitStructure.TIM_OCPolarity = TIM_OCPolarity_High;
  60:	f8ad 600c 	strh.w	r6, [sp, #12]
C:\FbEdit\Projects\Applications\FbEdit\RadASM30\Release\Masm\Projects\ShowMap\STM32_Sonar/main.c:455
  TIM_OC1Init(TIM1, &TIM_OCInitStructure);
  64:	4620      	mov	r0, r4
  66:	a901      	add	r1, sp, #4
  68:	f7ff fffe 	bl	0 <TIM_OC1Init>
C:\FbEdit\Projects\Applications\FbEdit\RadASM30\Release\Masm\Projects\ShowMap\STM32_Sonar/main.c:456
  TIM_OC1PreloadConfig(TIM1, TIM_OCPreload_Enable);
  6c:	4620      	mov	r0, r4
  6e:	f04f 0108 	mov.w	r1, #8
  72:	f7ff fffe 	bl	0 <TIM_OC1PreloadConfig>
C:\FbEdit\Projects\Applications\FbEdit\RadASM30\Release\Masm\Projects\ShowMap\STM32_Sonar/main.c:458
  /* PWM1 Mode configuration: Channel2 */
  TIM_OCInitStructure.TIM_OCPolarity = TIM_OCPolarity_Low;
  76:	f04f 0302 	mov.w	r3, #2
  7a:	f8ad 300c 	strh.w	r3, [sp, #12]
C:\FbEdit\Projects\Applications\FbEdit\RadASM30\Release\Masm\Projects\ShowMap\STM32_Sonar/main.c:459
  TIM_OC2Init(TIM1, &TIM_OCInitStructure);
  7e:	4620      	mov	r0, r4
  80:	a901      	add	r1, sp, #4
  82:	f7ff fffe 	bl	0 <TIM_OC2Init>
C:\FbEdit\Projects\Applications\FbEdit\RadASM30\Release\Masm\Projects\ShowMap\STM32_Sonar/main.c:460
  TIM_OC2PreloadConfig(TIM1, TIM_OCPreload_Enable);
  86:	4620      	mov	r0, r4
  88:	f04f 0108 	mov.w	r1, #8
  8c:	f7ff fffe 	bl	0 <TIM_OC2PreloadConfig>
C:\FbEdit\Projects\Applications\FbEdit\RadASM30\Release\Masm\Projects\ShowMap\STM32_Sonar/main.c:461
  TIM_ARRPreloadConfig(TIM1, ENABLE);
  90:	4620      	mov	r0, r4
  92:	4629      	mov	r1, r5
  94:	f7ff fffe 	bl	0 <TIM_ARRPreloadConfig>
C:\FbEdit\Projects\Applications\FbEdit\RadASM30\Release\Masm\Projects\ShowMap\STM32_Sonar/main.c:463
  /* TIM1 Main Output Enable */
  TIM_CtrlPWMOutputs(TIM1, ENABLE);
  98:	4620      	mov	r0, r4
  9a:	4629      	mov	r1, r5
  9c:	f7ff fffe 	bl	0 <TIM_CtrlPWMOutputs>
C:\FbEdit\Projects\Applications\FbEdit\RadASM30\Release\Masm\Projects\ShowMap\STM32_Sonar/main.c:465
  /* Enable TIM1 Update interrupt */
  TIM_ClearITPendingBit(TIM1,TIM_IT_Update);
  a0:	4620      	mov	r0, r4
  a2:	4629      	mov	r1, r5
  a4:	f7ff fffe 	bl	0 <TIM_ClearITPendingBit>
C:\FbEdit\Projects\Applications\FbEdit\RadASM30\Release\Masm\Projects\ShowMap\STM32_Sonar/main.c:466
  TIM_ITConfig(TIM1, TIM_IT_Update, ENABLE);
  a8:	4620      	mov	r0, r4
  aa:	4629      	mov	r1, r5
  ac:	462a      	mov	r2, r5
  ae:	f7ff fffe 	bl	0 <TIM_ITConfig>
C:\FbEdit\Projects\Applications\FbEdit\RadASM30\Release\Masm\Projects\ShowMap\STM32_Sonar/main.c:467
}
  b2:	b008      	add	sp, #32
  b4:	bd70      	pop	{r4, r5, r6, pc}
  b6:	bf00      	nop

Disassembly of section .text.TIM2_Configuration:

00000000 <TIM2_Configuration>:
TIM2_Configuration():
C:\FbEdit\Projects\Applications\FbEdit\RadASM30\Release\Masm\Projects\ShowMap\STM32_Sonar/main.c:477
* Input          : None
* Output         : None
* Return         : None
*******************************************************************************/
void TIM2_Configuration(void)
{
   0:	b500      	push	{lr}
   2:	b085      	sub	sp, #20
C:\FbEdit\Projects\Applications\FbEdit\RadASM30\Release\Masm\Projects\ShowMap\STM32_Sonar/main.c:480
  TIM_TimeBaseInitTypeDef TIM_TimeBaseStructure;
  /* Time base configuration */
  TIM_TimeBaseStructure.TIM_Period = STM32_Sonar.Timer;
   4:	f240 0300 	movw	r3, #0
   8:	f2c0 0300 	movt	r3, #0
   c:	88db      	ldrh	r3, [r3, #6]
   e:	f8ad 3008 	strh.w	r3, [sp, #8]
C:\FbEdit\Projects\Applications\FbEdit\RadASM30\Release\Masm\Projects\ShowMap\STM32_Sonar/main.c:481
  TIM_TimeBaseStructure.TIM_Prescaler = 0;
  12:	f04f 0300 	mov.w	r3, #0
  16:	f8ad 3004 	strh.w	r3, [sp, #4]
C:\FbEdit\Projects\Applications\FbEdit\RadASM30\Release\Masm\Projects\ShowMap\STM32_Sonar/main.c:482
  TIM_TimeBaseStructure.TIM_ClockDivision = 0;
  1a:	f8ad 300a 	strh.w	r3, [sp, #10]
C:\FbEdit\Projects\Applications\FbEdit\RadASM30\Release\Masm\Projects\ShowMap\STM32_Sonar/main.c:483
  TIM_TimeBaseStructure.TIM_RepetitionCounter = 0;
  1e:	f88d 300c 	strb.w	r3, [sp, #12]
C:\FbEdit\Projects\Applications\FbEdit\RadASM30\Release\Masm\Projects\ShowMap\STM32_Sonar/main.c:484
  TIM_TimeBaseStructure.TIM_CounterMode = TIM_CounterMode_Up;
  22:	f8ad 3006 	strh.w	r3, [sp, #6]
C:\FbEdit\Projects\Applications\FbEdit\RadASM30\Release\Masm\Projects\ShowMap\STM32_Sonar/main.c:485
  TIM_TimeBaseInit(TIM2, &TIM_TimeBaseStructure);
  26:	f04f 4080 	mov.w	r0, #1073741824	; 0x40000000
  2a:	a901      	add	r1, sp, #4
  2c:	f7ff fffe 	bl	0 <TIM_TimeBaseInit>
C:\FbEdit\Projects\Applications\FbEdit\RadASM30\Release\Masm\Projects\ShowMap\STM32_Sonar/main.c:487
  /* Enable TIM2 Update interrupt */
  TIM_ClearITPendingBit(TIM2,TIM_IT_Update);
  30:	f04f 4080 	mov.w	r0, #1073741824	; 0x40000000
  34:	f04f 0101 	mov.w	r1, #1
  38:	f7ff fffe 	bl	0 <TIM_ClearITPendingBit>
C:\FbEdit\Projects\Applications\FbEdit\RadASM30\Release\Masm\Projects\ShowMap\STM32_Sonar/main.c:488
  TIM_ITConfig(TIM2, TIM_IT_Update, ENABLE);
  3c:	f04f 4080 	mov.w	r0, #1073741824	; 0x40000000
  40:	f04f 0101 	mov.w	r1, #1
  44:	460a      	mov	r2, r1
  46:	f7ff fffe 	bl	0 <TIM_ITConfig>
C:\FbEdit\Projects\Applications\FbEdit\RadASM30\Release\Masm\Projects\ShowMap\STM32_Sonar/main.c:489
}
  4a:	b005      	add	sp, #20
  4c:	bd00      	pop	{pc}
  4e:	bf00      	nop

Disassembly of section .text.main:

00000000 <main>:
main():
C:\FbEdit\Projects\Applications\FbEdit\RadASM30\Release\Masm\Projects\ShowMap\STM32_Sonar/main.c:60
* Input          : None
* Output         : None
* Return         : None
*******************************************************************************/
int main(void)
{
   0:	b570      	push	{r4, r5, r6, lr}
C:\FbEdit\Projects\Applications\FbEdit\RadASM30\Release\Masm\Projects\ShowMap\STM32_Sonar/main.c:64
  u32 i;

  /* System clocks configuration ---------------------------------------------*/
  RCC_Configuration();
   2:	f7ff fffe 	bl	0 <main>
C:\FbEdit\Projects\Applications\FbEdit\RadASM30\Release\Masm\Projects\ShowMap\STM32_Sonar/main.c:66
  /* NVIC configuration ------------------------------------------------------*/
  NVIC_Configuration();
   6:	f7ff fffe 	bl	0 <main>
C:\FbEdit\Projects\Applications\FbEdit\RadASM30\Release\Masm\Projects\ShowMap\STM32_Sonar/main.c:68
  /* GPIO configuration ------------------------------------------------------*/
  GPIO_Configuration();
   a:	f7ff fffe 	bl	0 <main>
C:\FbEdit\Projects\Applications\FbEdit\RadASM30\Release\Masm\Projects\ShowMap\STM32_Sonar/main.c:70
  /* TIM1 configuration ------------------------------------------------------*/
  TIM1_Configuration();
   e:	f7ff fffe 	bl	0 <main>
C:\FbEdit\Projects\Applications\FbEdit\RadASM30\Release\Masm\Projects\ShowMap\STM32_Sonar/main.c:72
  /* TIM2 configuration ------------------------------------------------------*/
  TIM2_Configuration();
  12:	f7ff fffe 	bl	0 <main>
C:\FbEdit\Projects\Applications\FbEdit\RadASM30\Release\Masm\Projects\ShowMap\STM32_Sonar/main.c:74
  /* ADC1 configuration ------------------------------------------------------*/
  ADC_Startup();
  16:	f7ff fffe 	bl	0 <main>
C:\FbEdit\Projects\Applications\FbEdit\RadASM30\Release\Masm\Projects\ShowMap\STM32_Sonar/main.c:76
  /* ADC1 injected channel configuration -------------------------------------*/
  ADC_Configuration();
  1a:	f7ff fffe 	bl	0 <main>
C:\FbEdit\Projects\Applications\FbEdit\RadASM30\Release\Masm\Projects\ShowMap\STM32_Sonar/main.c:78
  /* DAC channel2 Configuration */
  DAC->CR = 0x10;
  1e:	f44f 43e8 	mov.w	r3, #29696	; 0x7400
  22:	f2c4 0300 	movt	r3, #16384	; 0x4000
  26:	f04f 0210 	mov.w	r2, #16
  2a:	601a      	str	r2, [r3, #0]
C:\FbEdit\Projects\Applications\FbEdit\RadASM30\Release\Masm\Projects\ShowMap\STM32_Sonar/main.c:82

  while (1)
  {
    if (STM32_Sonar.Start == 1)
  2c:	f240 0500 	movw	r5, #0
  30:	f2c0 0500 	movt	r5, #0
C:\FbEdit\Projects\Applications\FbEdit\RadASM30\Release\Masm\Projects\ShowMap\STM32_Sonar/main.c:59
* Description    : Main program
* Input          : None
* Output         : None
* Return         : None
*******************************************************************************/
int main(void)
  34:	f505 7402 	add.w	r4, r5, #520	; 0x208
  38:	f104 0407 	add.w	r4, r4, #7
C:\FbEdit\Projects\Applications\FbEdit\RadASM30\Release\Masm\Projects\ShowMap\STM32_Sonar/main.c:82
  /* DAC channel2 Configuration */
  DAC->CR = 0x10;

  while (1)
  {
    if (STM32_Sonar.Start == 1)
  3c:	782b      	ldrb	r3, [r5, #0]
  3e:	2b01      	cmp	r3, #1
  40:	d16a      	bne.n	118 <main+0x118>
C:\FbEdit\Projects\Applications\FbEdit\RadASM30\Release\Masm\Projects\ShowMap\STM32_Sonar/main.c:84
    {
      STM32_Sonar.Start = 2;
  42:	f04f 0302 	mov.w	r3, #2
  46:	702b      	strb	r3, [r5, #0]
C:\FbEdit\Projects\Applications\FbEdit\RadASM30\Release\Masm\Projects\ShowMap\STM32_Sonar/main.c:86
      /* Set the lowest gain */
      GPIO_Write(GPIOC, (u16)0x0);
  48:	f44f 5080 	mov.w	r0, #4096	; 0x1000
  4c:	f2c4 0001 	movt	r0, #16385	; 0x4001
  50:	f04f 0100 	mov.w	r1, #0
  54:	f7ff fffe 	bl	0 <GPIO_Write>
C:\FbEdit\Projects\Applications\FbEdit\RadASM30\Release\Masm\Projects\ShowMap\STM32_Sonar/main.c:88
      /* Toggle blue led */
      if (BlueLED)
  58:	f240 0300 	movw	r3, #0
  5c:	f2c0 0300 	movt	r3, #0
  60:	781b      	ldrb	r3, [r3, #0]
  62:	b13b      	cbz	r3, 74 <main+0x74>
C:\FbEdit\Projects\Applications\FbEdit\RadASM30\Release\Masm\Projects\ShowMap\STM32_Sonar/main.c:90
      {
        BlueLED = 0;
  64:	f240 0300 	movw	r3, #0
  68:	f2c0 0300 	movt	r3, #0
  6c:	f04f 0200 	mov.w	r2, #0
  70:	701a      	strb	r2, [r3, #0]
  72:	e010      	b.n	96 <main+0x96>
C:\FbEdit\Projects\Applications\FbEdit\RadASM30\Release\Masm\Projects\ShowMap\STM32_Sonar/main.c:94
      }
      else
      {
        GPIO_WriteBit(GPIOC, GPIO_Pin_8, Bit_SET);
  74:	f44f 5080 	mov.w	r0, #4096	; 0x1000
  78:	f2c4 0001 	movt	r0, #16385	; 0x4001
  7c:	f44f 7180 	mov.w	r1, #256	; 0x100
  80:	f04f 0201 	mov.w	r2, #1
  84:	f7ff fffe 	bl	0 <GPIO_WriteBit>
C:\FbEdit\Projects\Applications\FbEdit\RadASM30\Release\Masm\Projects\ShowMap\STM32_Sonar/main.c:95
        BlueLED = 1;
  88:	f240 0300 	movw	r3, #0
  8c:	f2c0 0300 	movt	r3, #0
  90:	f04f 0201 	mov.w	r2, #1
  94:	701a      	strb	r2, [r3, #0]
C:\FbEdit\Projects\Applications\FbEdit\RadASM30\Release\Masm\Projects\ShowMap\STM32_Sonar/main.c:98
      }
      /* Read battery */
      STM32_Sonar.ADCBatt = GetADCValue(ADC_Channel_3);
  96:	f04f 0003 	mov.w	r0, #3
  9a:	f7ff fffe 	bl	0 <main>
  9e:	8168      	strh	r0, [r5, #10]
C:\FbEdit\Projects\Applications\FbEdit\RadASM30\Release\Masm\Projects\ShowMap\STM32_Sonar/main.c:100
      /* Read water temprature */
      STM32_Sonar.ADCWaterTemp = GetADCValue(ADC_Channel_4);
  a0:	f04f 0004 	mov.w	r0, #4
  a4:	f7ff fffe 	bl	0 <main>
  a8:	81a8      	strh	r0, [r5, #12]
C:\FbEdit\Projects\Applications\FbEdit\RadASM30\Release\Masm\Projects\ShowMap\STM32_Sonar/main.c:102
      /* Read air temprature */
      STM32_Sonar.ADCAirTemp = GetADCValue(ADC_Channel_16);
  aa:	f04f 0010 	mov.w	r0, #16
  ae:	f7ff fffe 	bl	0 <main>
  b2:	81e8      	strh	r0, [r5, #14]
  b4:	f105 030f 	add.w	r3, r5, #15
C:\FbEdit\Projects\Applications\FbEdit\RadASM30\Release\Masm\Projects\ShowMap\STM32_Sonar/main.c:107
      /* Clear the echo array */
      i = 0;
      while (i < MAXECHO)
      {
        STM32_Sonar.Echo[i] = 0;
  b8:	f04f 0200 	mov.w	r2, #0
  bc:	f803 2f01 	strb.w	r2, [r3, #1]!
C:\FbEdit\Projects\Applications\FbEdit\RadASM30\Release\Masm\Projects\ShowMap\STM32_Sonar/main.c:105
      STM32_Sonar.ADCWaterTemp = GetADCValue(ADC_Channel_4);
      /* Read air temprature */
      STM32_Sonar.ADCAirTemp = GetADCValue(ADC_Channel_16);
      /* Clear the echo array */
      i = 0;
      while (i < MAXECHO)
  c0:	42a3      	cmp	r3, r4
  c2:	d1fb      	bne.n	bc <main+0xbc>
C:\FbEdit\Projects\Applications\FbEdit\RadASM30\Release\Masm\Projects\ShowMap\STM32_Sonar/main.c:110
      {
        STM32_Sonar.Echo[i] = 0;
        i++;
      }
      nSample = STM32_Sonar.nSample;
  c4:	796a      	ldrb	r2, [r5, #5]
  c6:	f240 0300 	movw	r3, #0
  ca:	f2c0 0300 	movt	r3, #0
  ce:	701a      	strb	r2, [r3, #0]
C:\FbEdit\Projects\Applications\FbEdit\RadASM30\Release\Masm\Projects\ShowMap\STM32_Sonar/main.c:112
      /* TIM2 configuration */
      TIM2_Configuration();
  d0:	f7ff fffe 	bl	0 <main>
C:\FbEdit\Projects\Applications\FbEdit\RadASM30\Release\Masm\Projects\ShowMap\STM32_Sonar/main.c:114
      /* Reset echo index */
      STM32_Sonar.EchoIndex = 0;
  d4:	f04f 0300 	mov.w	r3, #0
  d8:	812b      	strh	r3, [r5, #8]
C:\FbEdit\Projects\Applications\FbEdit\RadASM30\Release\Masm\Projects\ShowMap\STM32_Sonar/main.c:116
      /* Reset TIM1 count */
      TIM1->CNT = 0;
  da:	f44f 5630 	mov.w	r6, #11264	; 0x2c00
  de:	f2c4 0601 	movt	r6, #16385	; 0x4001
  e2:	84b3      	strh	r3, [r6, #36]	; 0x24
C:\FbEdit\Projects\Applications\FbEdit\RadASM30\Release\Masm\Projects\ShowMap\STM32_Sonar/main.c:118
      /* Set repetirion counter */
      TIM1->RCR = STM32_Sonar.PingPulses;
  e4:	786b      	ldrb	r3, [r5, #1]
  e6:	8633      	strh	r3, [r6, #48]	; 0x30
C:\FbEdit\Projects\Applications\FbEdit\RadASM30\Release\Masm\Projects\ShowMap\STM32_Sonar/main.c:120
      /* TIM1 channel 1 pin (PA.08) and TIM1 channel 2 pin (PA.09) configuration */
      GPIO_InitStructure.GPIO_Pin = GPIO_Pin_8 | GPIO_Pin_9;
  e8:	f240 0100 	movw	r1, #0
  ec:	f2c0 0100 	movt	r1, #0
  f0:	f44f 7340 	mov.w	r3, #768	; 0x300
  f4:	800b      	strh	r3, [r1, #0]
C:\FbEdit\Projects\Applications\FbEdit\RadASM30\Release\Masm\Projects\ShowMap\STM32_Sonar/main.c:121
      GPIO_InitStructure.GPIO_Mode = GPIO_Mode_AF_PP;
  f6:	f04f 0318 	mov.w	r3, #24
  fa:	70cb      	strb	r3, [r1, #3]
C:\FbEdit\Projects\Applications\FbEdit\RadASM30\Release\Masm\Projects\ShowMap\STM32_Sonar/main.c:122
      GPIO_InitStructure.GPIO_Speed = GPIO_Speed_50MHz;
  fc:	f04f 0303 	mov.w	r3, #3
 100:	708b      	strb	r3, [r1, #2]
C:\FbEdit\Projects\Applications\FbEdit\RadASM30\Release\Masm\Projects\ShowMap\STM32_Sonar/main.c:123
      GPIO_Init(GPIOA, &GPIO_InitStructure);
 102:	f44f 6000 	mov.w	r0, #2048	; 0x800
 106:	f2c4 0001 	movt	r0, #16385	; 0x4001
 10a:	f7ff fffe 	bl	0 <GPIO_Init>
C:\FbEdit\Projects\Applications\FbEdit\RadASM30\Release\Masm\Projects\ShowMap\STM32_Sonar/main.c:125
      /* Enable TIM1 */
      TIM_Cmd(TIM1, ENABLE);
 10e:	4630      	mov	r0, r6
 110:	f04f 0101 	mov.w	r1, #1
 114:	f7ff fffe 	bl	0 <TIM_Cmd>
C:\FbEdit\Projects\Applications\FbEdit\RadASM30\Release\Masm\Projects\ShowMap\STM32_Sonar/main.c:127
    }
    i = 0;
 118:	f04f 0300 	mov.w	r3, #0
C:\FbEdit\Projects\Applications\FbEdit\RadASM30\Release\Masm\Projects\ShowMap\STM32_Sonar/main.c:130
    while (i < 1000)
    {
      i++;
 11c:	f103 0301 	add.w	r3, r3, #1
C:\FbEdit\Projects\Applications\FbEdit\RadASM30\Release\Masm\Projects\ShowMap\STM32_Sonar/main.c:128
      GPIO_Init(GPIOA, &GPIO_InitStructure);
      /* Enable TIM1 */
      TIM_Cmd(TIM1, ENABLE);
    }
    i = 0;
    while (i < 1000)
 120:	f5b3 7f7a 	cmp.w	r3, #1000	; 0x3e8
 124:	d1fa      	bne.n	11c <main+0x11c>
 126:	e789      	b.n	3c <main+0x3c>
