
ASEM-51 V1.3                                         Copyright (c) 2002 by W.W. Heinz                                         PAGE 1





       MCS-51 Family Macro Assembler   A S E M - 5 1   V 1.3
       =====================================================



	Source File:	GLCD.a51
	Object File:	GLCD.hex
	List File:	GLCD.lst



 Line  I  Addr  Code            Source

    1:
    2:				; The processor clock speed is 24MHz.
    3:				; Cycle time is .500uS.
    4:				; Demo software to display a bit-mapped
    5:				; graphic on a 240x128 graphics display
    6:				; with a T6963C LCD controller.
    7:
    8:		B	 90	PB_CD	BIT	P1.0
    9:		B	 91	PB_R	BIT	P1.1
   10:		B	 92	PB_W	BIT	P1.2
   11:		B	 93	PB_RST	BIT	P1.3
   12:
   13:		N      0000		ORG	0000h
   14:	  0000	02 01 00		LJMP	START		;program start
   15:
   16:		N      0100		ORG	0100h
   17:	  0100			START:
   18:					; Initialize the T6963C
   19:	  0100	C2 93			CLR	PB_RST		;hardware reset
   20:	  0102	00			NOP
   21:	  0103	00			NOP
   22:	  0104	00			NOP
   23:	  0105	00			NOP
   24:	  0106	D2 93			SETB	PB_RST
   25:	  0108	90 01 67		MOV	DPTR,#MSGI1	;initialization bytes
   26:	  010B	12 01 1C		LCALL	MSGC
   27:					; Start of regular program
   28:					; Display graphic
   29:	  010E	90 01 7D		MOV	DPTR,#MSGI2	;set auto mode
   30:	  0111	12 01 1C		LCALL	MSGC
   31:	  0114	90 01 81		MOV	DPTR,#MSG1	;display graphic
   32:	  0117	12 01 34		LCALL	MSGD
   33:	  011A	80 FE			SJMP	$		;infinite loop
   34:
   35:				;*************************************************
   36:				;SUBROUTINES
   37:				; MSGC sends the data pointed to by
   38:				; the DPTR to the graphics module
   39:				; as a series of commands with
   40:				; two parameters each.
   41:	  011C			MSGC:
   42:	  011C	78 02			MOV	R0,#2		;# of data bytes
   43:	  011E			MSGC2:

ASEM-51 V1.3                                         Copyright (c) 2002 by W.W. Heinz                                         PAGE 2



 Line  I  Addr  Code            Source

   44:	  011E	E4			CLR	A
   45:	  011F	93			MOVC	A,@A+DPTR	;get byte
   46:	  0120	B4 A1 01		CJNE	A,#0A1h,MSGC3	;done?
   47:	  0123	22			RET
   48:
   49:	  0124			MSGC3:
   50:	  0124	F9			MOV	R1,A
   51:	  0125	12 01 4D		LCALL	WRITED		;send it
   52:	  0128	A3			INC	DPTR
   53:	  0129	D8 F3			DJNZ	R0,MSGC2
   54:	  012B	E4			CLR	A
   55:	  012C	93			MOVC	A,@A+DPTR	;get command
   56:	  012D	F9			MOV	R1,A
   57:	  012E	12 01 41		LCALL	WRITEC		;send command
   58:	  0131	A3			INC	DPTR
   59:	  0132	80 E8			SJMP	MSGC		;next command
   60:
   61:				; MSGD sends the data pointed to by
   62:				; the DPTR to the graphics module.
   63:	  0134			MSGD:
   64:	  0134	E4			CLR	A
   65:	  0135	93			MOVC	A,@A+DPTR	;get byte
   66:	  0136	B4 A1 01		CJNE	A,#0A1h,MSGD1	;done?
   67:	  0139	22			RET
   68:
   69:	  013A			MSGD1:
   70:	  013A	F9			MOV	R1,A
   71:	  013B	12 01 4D		LCALL	WRITED		;send data
   72:	  013E	A3			INC	DPTR
   73:	  013F	80 F3			SJMP	MSGD
   74:
   75:				; WRITEC sends the byte in R1 to a
   76:				; graphics module as a command.
   77:	  0141			WRITEC:
   78:	  0141	12 01 54		LCALL	STATUS		;display ready?
   79:	  0144	D2 90			SETB	PB_CD		;c/d = 1
   80:	  0146			WRITEC1:
   81:	  0146	89 A0			MOV	P2,R1		;set data
   82:	  0148	C2 92			CLR	PB_W		;strobe it
   83:	  014A	D2 92			SETB	PB_W
   84:	  014C	22			RET
   85:
   86:				; WRITED sends the byte in R1 to the
   87:				; graphics module as data.
   88:	  014D			WRITED:
   89:	  014D	12 01 54		LCALL	STATUS		;display ready?
   90:	  0150	C2 90			CLR	PB_CD		;c/d = 0
   91:	  0152	80 F2			SJMP	WRITEC1
   92:
   93:				; STATUS check to see that the graphic
   94:				; display is ready. It won't return
   95:				; until it is.
   96:	  0154			STATUS:
   97:	  0154	D2 90			SETB	PB_CD		;c/d=1
   98:	  0156	75 A0 FF		MOV	P2,#0FFh	;P2 to input
   99:	  0159	7B 0B			MOV	R3,#0Bh		;status bits mask

ASEM-51 V1.3                                         Copyright (c) 2002 by W.W. Heinz                                         PAGE 3



 Line  I  Addr  Code            Source

  100:	  015B			STAT1:
  101:	  015B	C2 91			CLR	PB_R		;read it
  102:	  015D	E5 A0			MOV	A,P2
  103:	  015F	D2 91			SETB	PB_R
  104:	  0161	5B			ANL	A,R3		;status OK?
  105:	  0162	C3			CLR	C
  106:	  0163	9B			SUBB	A,R3
  107:	  0164	70 F5			JNZ	STAT1
  108:	  0166	22			RET
  109:
  110:				;************************************************
  111:				; TABLES AND DATA
  112:				; Initialization bytes for 240x128
  113:	  0167			MSGI1:
  114:	  0167	80 07 40		DB	80h,07h,40h	;text home address
  115:	  016A	1E 00 41		DB	1Eh,00h,41h	;text area
  116:	  016D	00 00 42		DB	00h,00h,42h	;graphic home address
  117:	  0170	1E 00 43		DB	1Eh,00h,43h	;graphic area
  118:	  0173	00 00 81		DB	00h,00h,81h	;mode set
  119:	  0176	00 00 24		DB	00h,00h,24h	;address pointer set
  120:	  0179	00 00 98		DB	00h,00h,98h	;display mode set
  121:	  017C	A1			DB	0A1h
  122:
  123:	  017D			MSGI2:
  124:	  017D	00 00 B0		DB	00,00,0B0h	;auto mode
  125:	  0180	A1			DB	0A1h
  126:
  127:				;240x128 Bitmap graphic data
  128:				;Only the first 8 bytes are shown here
  129:				;The real graphic consists of 240/8*128=3840 bytes
  130:				;of binary data.
  131:	  0181			MSG1:
  132:	  0181	FF FF FF FF		DB	0FFh,0FFh,0FFh,0FFh,0FFh,0FFh,0FFh,0FFh,0FFh,0FFh,0FFh,0FFh,0FFh,0FFh,0FFh,0FFh,0FFh
	  0185	FF FF FF FF	,0FFh,0FFh,0FFh,0FFh,0FFh,0FFh,0FFh,0FFh,0FFh,0FFh,0FFh,0FFh,0FFh
	  0189	FF FF FF FF
	  018D	FF FF FF FF
	  0191	FF FF FF FF
	  0195	FF FF FF FF
	  0199	FF FF FF FF
	  019D	FF FF
  133:	  019F	80 00 00 00		DB	080h,000h,000h,000h,000h,000h,000h,000h,000h,000h,000h,000h,000h,000h,000h,000h,000h
	  01A3	00 00 00 00	,000h,000h,000h,000h,000h,000h,000h,000h,000h,000h,000h,000h,001h
	  01A7	00 00 00 00
	  01AB	00 00 00 00
	  01AF	00 00 00 00
	  01B3	00 00 00 00
	  01B7	00 00 00 00
	  01BB	00 01
  134:	  01BD	80 00 00 00		DB	080h,000h,000h,000h,000h,000h,000h,000h,000h,000h,000h,000h,000h,000h,000h,000h,000h
	  01C1	00 00 00 00	,000h,000h,000h,000h,000h,000h,000h,000h,000h,000h,000h,000h,001h
	  01C5	00 00 00 00
	  01C9	00 00 00 00
	  01CD	00 00 00 00
	  01D1	00 00 00 00
	  01D5	00 00 00 00
	  01D9	00 01

ASEM-51 V1.3                                         Copyright (c) 2002 by W.W. Heinz                                         PAGE 4



 Line  I  Addr  Code            Source

  135:	  01DB	80 00 00 00		DB	080h,000h,000h,000h,000h,000h,000h,000h,000h,000h,000h,000h,000h,000h,000h,000h,000h
	  01DF	00 00 00 00	,000h,000h,000h,000h,000h,000h,000h,000h,000h,000h,000h,000h,001h
	  01E3	00 00 00 00
	  01E7	00 00 00 00
	  01EB	00 00 00 00
	  01EF	00 00 00 00
	  01F3	00 00 00 00
	  01F7	00 01
  136:	  01F9	80 00 00 00		DB	080h,000h,000h,000h,000h,000h,000h,000h,000h,000h,000h,000h,000h,000h,000h,000h,000h
	  01FD	00 00 00 00	,000h,000h,000h,000h,000h,000h,000h,000h,000h,000h,000h,000h,001h
	  0201	00 00 00 00
	  0205	00 00 00 00
	  0209	00 00 00 00
	  020D	00 00 00 00
	  0211	00 00 00 00
	  0215	00 01
  137:	  0217	80 00 00 00		DB	080h,000h,000h,000h,000h,000h,000h,000h,000h,000h,000h,000h,000h,000h,000h,000h,000h
	  021B	00 00 00 00	,000h,000h,000h,000h,000h,000h,000h,000h,000h,000h,000h,000h,001h
	  021F	00 00 00 00
	  0223	00 00 00 00
	  0227	00 00 00 00
	  022B	00 00 00 00
	  022F	00 00 00 00
	  0233	00 01
  138:	  0235	80 00 00 00		DB	080h,000h,000h,000h,000h,000h,000h,000h,000h,000h,000h,000h,000h,000h,000h,000h,000h
	  0239	00 00 00 00	,000h,000h,000h,000h,000h,000h,000h,000h,000h,000h,000h,000h,001h
	  023D	00 00 00 00
	  0241	00 00 00 00
	  0245	00 00 00 00
	  0249	00 00 00 00
	  024D	00 00 00 00
	  0251	00 01
  139:	  0253	80 00 00 00		DB	080h,000h,000h,000h,000h,000h,000h,000h,000h,000h,000h,000h,000h,000h,000h,000h,000h
	  0257	00 00 00 00	,000h,000h,000h,000h,000h,000h,000h,000h,000h,000h,000h,000h,001h
	  025B	00 00 00 00
	  025F	00 00 00 00
	  0263	00 00 00 00
	  0267	00 00 00 00
	  026B	00 00 00 00
	  026F	00 01
  140:	  0271	80 00 00 00		DB	080h,000h,000h,000h,0FFh,0FFh,0FFh,000h,000h,000h,000h,000h,000h,000h,000h,000h,000h
	  0275	FF FF FF 00	,000h,000h,000h,000h,000h,000h,000h,000h,000h,000h,000h,000h,001h
	  0279	00 00 00 00
	  027D	00 00 00 00
	  0281	00 00 00 00
	  0285	00 00 00 00
	  0289	00 00 00 00
	  028D	00 01
  141:	  028F	80 00 00 00		DB	080h,000h,000h,000h,0FFh,0FFh,0FFh,000h,000h,000h,000h,000h,000h,000h,000h,000h,000h
	  0293	FF FF FF 00	,000h,000h,000h,000h,000h,000h,000h,000h,000h,000h,000h,000h,001h
	  0297	00 00 00 00
	  029B	00 00 00 00
	  029F	00 00 00 00
	  02A3	00 00 00 00
	  02A7	00 00 00 00
	  02AB	00 01

ASEM-51 V1.3                                         Copyright (c) 2002 by W.W. Heinz                                         PAGE 5



 Line  I  Addr  Code            Source

  142:	  02AD	80 00 00 00		DB	080h,000h,000h,000h,0FFh,0FFh,0FFh,000h,000h,000h,000h,000h,000h,000h,000h,000h,000h
	  02B1	FF FF FF 00	,000h,000h,000h,000h,000h,000h,000h,000h,000h,000h,000h,000h,001h
	  02B5	00 00 00 00
	  02B9	00 00 00 00
	  02BD	00 00 00 00
	  02C1	00 00 00 00
	  02C5	00 00 00 00
	  02C9	00 01
  143:	  02CB	80 00 00 00		DB	080h,000h,000h,000h,0FFh,0FFh,0FFh,000h,000h,000h,000h,000h,000h,000h,000h,000h,000h
	  02CF	FF FF FF 00	,000h,000h,000h,000h,000h,000h,000h,000h,000h,000h,000h,000h,001h
	  02D3	00 00 00 00
	  02D7	00 00 00 00
	  02DB	00 00 00 00
	  02DF	00 00 00 00
	  02E3	00 00 00 00
	  02E7	00 01
  144:	  02E9	80 00 00 00		DB	080h,000h,000h,000h,0FFh,0FFh,0FFh,000h,000h,000h,000h,000h,000h,000h,000h,000h,000h
	  02ED	FF FF FF 00	,000h,000h,000h,000h,000h,000h,000h,000h,000h,000h,000h,000h,001h
	  02F1	00 00 00 00
	  02F5	00 00 00 00
	  02F9	00 00 00 00
	  02FD	00 00 00 00
	  0301	00 00 00 00
	  0305	00 01
  145:	  0307	80 00 00 00		DB	080h,000h,000h,000h,0FFh,0FFh,0FFh,000h,000h,000h,000h,000h,000h,000h,000h,000h,000h
	  030B	FF FF FF 00	,000h,000h,000h,000h,000h,000h,000h,000h,000h,000h,000h,000h,001h
	  030F	00 00 00 00
	  0313	00 00 00 00
	  0317	00 00 00 00
	  031B	00 00 00 00
	  031F	00 00 00 00
	  0323	00 01
  146:	  0325	80 00 00 00		DB	080h,000h,000h,000h,0FFh,0FFh,0FFh,000h,000h,000h,000h,000h,000h,000h,000h,000h,000h
	  0329	FF FF FF 00	,000h,000h,000h,000h,000h,000h,000h,000h,000h,000h,000h,000h,001h
	  032D	00 00 00 00
	  0331	00 00 00 00
	  0335	00 00 00 00
	  0339	00 00 00 00
	  033D	00 00 00 00
	  0341	00 01
  147:	  0343	80 00 00 00		DB	080h,000h,000h,000h,0FFh,0FFh,0FFh,000h,000h,000h,000h,000h,000h,000h,000h,000h,000h
	  0347	FF FF FF 00	,000h,000h,000h,000h,000h,000h,000h,000h,000h,000h,000h,000h,001h
	  034B	00 00 00 00
	  034F	00 00 00 00
	  0353	00 00 00 00
	  0357	00 00 00 00
	  035B	00 00 00 00
	  035F	00 01
  148:	  0361	80 00 00 FF		DB	080h,000h,000h,0FFh,000h,000h,000h,0FFh,000h,000h,000h,000h,000h,000h,000h,000h,000h
	  0365	00 00 00 FF	,000h,000h,000h,000h,000h,000h,000h,000h,000h,000h,000h,000h,001h
	  0369	00 00 00 00
	  036D	00 00 00 00
	  0371	00 00 00 00
	  0375	00 00 00 00
	  0379	00 00 00 00
	  037D	00 01

ASEM-51 V1.3                                         Copyright (c) 2002 by W.W. Heinz                                         PAGE 6



 Line  I  Addr  Code            Source

  149:	  037F	80 00 00 FF		DB	080h,000h,000h,0FFh,000h,000h,000h,0FFh,000h,000h,000h,000h,000h,000h,000h,000h,000h
	  0383	00 00 00 FF	,000h,000h,000h,000h,000h,000h,000h,000h,000h,000h,000h,000h,001h
	  0387	00 00 00 00
	  038B	00 00 00 00
	  038F	00 00 00 00
	  0393	00 00 00 00
	  0397	00 00 00 00
	  039B	00 01
  150:	  039D	80 00 00 FF		DB	080h,000h,000h,0FFh,000h,000h,000h,0FFh,000h,000h,000h,000h,000h,000h,000h,000h,000h
	  03A1	00 00 00 FF	,000h,000h,000h,000h,000h,000h,000h,000h,000h,000h,000h,000h,001h
	  03A5	00 00 00 00
	  03A9	00 00 00 00
	  03AD	00 00 00 00
	  03B1	00 00 00 00
	  03B5	00 00 00 00
	  03B9	00 01
  151:	  03BB	80 00 00 FF		DB	080h,000h,000h,0FFh,000h,000h,000h,0FFh,000h,000h,000h,000h,000h,000h,000h,000h,000h
	  03BF	00 00 00 FF	,000h,000h,000h,000h,000h,000h,000h,000h,000h,000h,000h,000h,001h
	  03C3	00 00 00 00
	  03C7	00 00 00 00
	  03CB	00 00 00 00
	  03CF	00 00 00 00
	  03D3	00 00 00 00
	  03D7	00 01
  152:	  03D9	80 00 00 FF		DB	080h,000h,000h,0FFh,000h,000h,000h,0FFh,000h,000h,000h,000h,000h,000h,000h,000h,000h
	  03DD	00 00 00 FF	,000h,000h,000h,000h,000h,000h,000h,000h,000h,000h,000h,000h,001h
	  03E1	00 00 00 00
	  03E5	00 00 00 00
	  03E9	00 00 00 00
	  03ED	00 00 00 00
	  03F1	00 00 00 00
	  03F5	00 01
  153:	  03F7	80 00 00 FF		DB	080h,000h,000h,0FFh,000h,000h,000h,0FFh,000h,000h,000h,000h,000h,000h,000h,000h,000h
	  03FB	00 00 00 FF	,000h,000h,000h,000h,000h,000h,000h,000h,000h,000h,000h,000h,001h
	  03FF	00 00 00 00
	  0403	00 00 00 00
	  0407	00 00 00 00
	  040B	00 00 00 00
	  040F	00 00 00 00
	  0413	00 01
  154:	  0415	80 00 00 FF		DB	080h,000h,000h,0FFh,000h,000h,000h,0FFh,000h,000h,000h,000h,000h,000h,000h,000h,000h
	  0419	00 00 00 FF	,000h,000h,000h,000h,000h,000h,000h,000h,000h,000h,000h,000h,001h
	  041D	00 00 00 00
	  0421	00 00 00 00
	  0425	00 00 00 00
	  0429	00 00 00 00
	  042D	00 00 00 00
	  0431	00 01
  155:	  0433	80 00 00 FF		DB	080h,000h,000h,0FFh,000h,000h,000h,0FFh,000h,000h,000h,000h,000h,000h,000h,000h,000h
	  0437	00 00 00 FF	,000h,000h,000h,000h,000h,000h,000h,000h,000h,000h,000h,000h,001h
	  043B	00 00 00 00
	  043F	00 00 00 00
	  0443	00 00 00 00
	  0447	00 00 00 00
	  044B	00 00 00 00
	  044F	00 01

ASEM-51 V1.3                                         Copyright (c) 2002 by W.W. Heinz                                         PAGE 7



 Line  I  Addr  Code            Source

  156:	  0451	80 00 00 FF		DB	080h,000h,000h,0FFh,000h,000h,000h,000h,000h,000h,000h,000h,000h,000h,000h,000h,000h
	  0455	00 00 00 00	,000h,000h,000h,000h,000h,000h,000h,000h,000h,000h,000h,000h,001h
	  0459	00 00 00 00
	  045D	00 00 00 00
	  0461	00 00 00 00
	  0465	00 00 00 00
	  0469	00 00 00 00
	  046D	00 01
  157:	  046F	80 00 00 FF		DB	080h,000h,000h,0FFh,000h,000h,000h,000h,000h,000h,000h,000h,000h,000h,000h,000h,000h
	  0473	00 00 00 00	,000h,000h,000h,000h,000h,000h,000h,000h,000h,000h,000h,000h,001h
	  0477	00 00 00 00
	  047B	00 00 00 00
	  047F	00 00 00 00
	  0483	00 00 00 00
	  0487	00 00 00 00
	  048B	00 01
  158:	  048D	80 00 00 FF		DB	080h,000h,000h,0FFh,000h,000h,000h,000h,000h,000h,000h,000h,000h,000h,000h,000h,000h
	  0491	00 00 00 00	,000h,000h,000h,000h,000h,000h,000h,000h,000h,000h,000h,000h,001h
	  0495	00 00 00 00
	  0499	00 00 00 00
	  049D	00 00 00 00
	  04A1	00 00 00 00
	  04A5	00 00 00 00
	  04A9	00 01
  159:	  04AB	80 00 00 FF		DB	080h,000h,000h,0FFh,000h,000h,000h,000h,000h,000h,000h,000h,000h,000h,000h,000h,000h
	  04AF	00 00 00 00	,000h,000h,000h,000h,000h,000h,000h,000h,000h,000h,000h,000h,001h
	  04B3	00 00 00 00
	  04B7	00 00 00 00
	  04BB	00 00 00 00
	  04BF	00 00 00 00
	  04C3	00 00 00 00
	  04C7	00 01
  160:	  04C9	80 00 00 00		DB	080h,000h,000h,000h,0FFh,0FFh,0FFh,000h,000h,000h,000h,000h,000h,000h,000h,000h,000h
	  04CD	FF FF FF 00	,000h,000h,000h,000h,000h,000h,000h,000h,000h,000h,000h,000h,001h
	  04D1	00 00 00 00
	  04D5	00 00 00 00
	  04D9	00 00 00 00
	  04DD	00 00 00 00
	  04E1	00 00 00 00
	  04E5	00 01
  161:	  04E7	80 00 00 00		DB	080h,000h,000h,000h,0FFh,0FFh,0FFh,000h,000h,000h,000h,000h,000h,000h,000h,000h,000h
	  04EB	FF FF FF 00	,000h,000h,000h,000h,000h,000h,000h,000h,000h,000h,000h,000h,001h
	  04EF	00 00 00 00
	  04F3	00 00 00 00
	  04F7	00 00 00 00
	  04FB	00 00 00 00
	  04FF	00 00 00 00
	  0503	00 01
  162:	  0505	80 00 00 00		DB	080h,000h,000h,000h,0FFh,0FFh,0FFh,000h,000h,000h,000h,000h,000h,000h,000h,000h,000h
	  0509	FF FF FF 00	,000h,000h,000h,000h,000h,000h,000h,000h,000h,000h,000h,000h,001h
	  050D	00 00 00 00
	  0511	00 00 00 00
	  0515	00 00 00 00
	  0519	00 00 00 00
	  051D	00 00 00 00
	  0521	00 01

ASEM-51 V1.3                                         Copyright (c) 2002 by W.W. Heinz                                         PAGE 8



 Line  I  Addr  Code            Source

  163:	  0523	80 00 00 00		DB	080h,000h,000h,000h,0FFh,0FFh,0FFh,000h,000h,000h,000h,000h,000h,000h,000h,000h,000h
	  0527	FF FF FF 00	,000h,000h,000h,000h,000h,000h,000h,000h,000h,000h,000h,000h,001h
	  052B	00 00 00 00
	  052F	00 00 00 00
	  0533	00 00 00 00
	  0537	00 00 00 00
	  053B	00 00 00 00
	  053F	00 01
  164:	  0541	80 00 00 00		DB	080h,000h,000h,000h,0FFh,0FFh,0FFh,000h,000h,000h,000h,000h,000h,000h,000h,000h,000h
	  0545	FF FF FF 00	,000h,000h,000h,000h,000h,000h,000h,000h,000h,000h,000h,000h,001h
	  0549	00 00 00 00
	  054D	00 00 00 00
	  0551	00 00 00 00
	  0555	00 00 00 00
	  0559	00 00 00 00
	  055D	00 01
  165:	  055F	80 00 00 00		DB	080h,000h,000h,000h,0FFh,0FFh,0FFh,000h,000h,000h,000h,000h,000h,000h,000h,000h,000h
	  0563	FF FF FF 00	,000h,000h,000h,000h,000h,000h,000h,000h,000h,000h,000h,000h,001h
	  0567	00 00 00 00
	  056B	00 00 00 00
	  056F	00 00 00 00
	  0573	00 00 00 00
	  0577	00 00 00 00
	  057B	00 01
  166:	  057D	80 00 00 00		DB	080h,000h,000h,000h,0FFh,0FFh,0FFh,000h,000h,000h,000h,000h,000h,000h,000h,000h,000h
	  0581	FF FF FF 00	,000h,000h,000h,000h,000h,000h,000h,000h,000h,000h,000h,000h,001h
	  0585	00 00 00 00
	  0589	00 00 00 00
	  058D	00 00 00 00
	  0591	00 00 00 00
	  0595	00 00 00 00
	  0599	00 01
  167:	  059B	80 00 00 00		DB	080h,000h,000h,000h,0FFh,0FFh,0FFh,000h,000h,000h,000h,000h,000h,000h,000h,000h,000h
	  059F	FF FF FF 00	,000h,000h,000h,000h,000h,000h,000h,000h,000h,000h,000h,000h,001h
	  05A3	00 00 00 00
	  05A7	00 00 00 00
	  05AB	00 00 00 00
	  05AF	00 00 00 00
	  05B3	00 00 00 00
	  05B7	00 01
  168:	  05B9	80 00 00 00		DB	080h,000h,000h,000h,000h,000h,000h,0FFh,000h,000h,000h,000h,000h,000h,000h,000h,000h
	  05BD	00 00 00 FF	,000h,000h,000h,000h,000h,000h,000h,000h,000h,000h,000h,000h,001h
	  05C1	00 00 00 00
	  05C5	00 00 00 00
	  05C9	00 00 00 00
	  05CD	00 00 00 00
	  05D1	00 00 00 00
	  05D5	00 01
  169:	  05D7	80 00 00 00		DB	080h,000h,000h,000h,000h,000h,000h,0FFh,000h,000h,000h,000h,000h,000h,000h,000h,000h
	  05DB	00 00 00 FF	,000h,000h,000h,000h,000h,000h,000h,000h,000h,000h,000h,000h,001h
	  05DF	00 00 00 00
	  05E3	00 00 00 00
	  05E7	00 00 00 00
	  05EB	00 00 00 00
	  05EF	00 00 00 00
	  05F3	00 01

ASEM-51 V1.3                                         Copyright (c) 2002 by W.W. Heinz                                         PAGE 9



 Line  I  Addr  Code            Source

  170:	  05F5	80 00 00 00		DB	080h,000h,000h,000h,000h,000h,000h,0FFh,000h,000h,000h,000h,000h,000h,000h,000h,000h
	  05F9	00 00 00 FF	,000h,000h,000h,000h,000h,000h,000h,000h,000h,000h,000h,000h,001h
	  05FD	00 00 00 00
	  0601	00 00 00 00
	  0605	00 00 00 00
	  0609	00 00 00 00
	  060D	00 00 00 00
	  0611	00 01
  171:	  0613	80 00 00 00		DB	080h,000h,000h,000h,000h,000h,000h,0FFh,000h,000h,000h,000h,000h,000h,000h,000h,000h
	  0617	00 00 00 FF	,000h,000h,000h,000h,000h,000h,000h,000h,000h,000h,000h,000h,001h
	  061B	00 00 00 00
	  061F	00 00 00 00
	  0623	00 00 00 00
	  0627	00 00 00 00
	  062B	00 00 00 00
	  062F	00 01
  172:	  0631	80 00 00 FF		DB	080h,000h,000h,0FFh,000h,000h,000h,0FFh,000h,000h,000h,000h,000h,000h,000h,000h,000h
	  0635	00 00 00 FF	,000h,000h,000h,000h,000h,000h,000h,000h,000h,000h,000h,000h,001h
	  0639	00 00 00 00
	  063D	00 00 00 00
	  0641	00 00 00 00
	  0645	00 00 00 00
	  0649	00 00 00 00
	  064D	00 01
  173:	  064F	80 00 00 FF		DB	080h,000h,000h,0FFh,000h,000h,000h,0FFh,000h,000h,000h,000h,000h,000h,000h,000h,000h
	  0653	00 00 00 FF	,000h,000h,000h,000h,000h,000h,000h,000h,000h,000h,000h,000h,001h
	  0657	00 00 00 00
	  065B	00 00 00 00
	  065F	00 00 00 00
	  0663	00 00 00 00
	  0667	00 00 00 00
	  066B	00 01
  174:	  066D	80 00 00 FF		DB	080h,000h,000h,0FFh,000h,000h,000h,0FFh,000h,000h,000h,000h,000h,000h,000h,000h,000h
	  0671	00 00 00 FF	,000h,000h,000h,000h,000h,000h,000h,000h,000h,000h,000h,000h,001h
	  0675	00 00 00 00
	  0679	00 00 00 00
	  067D	00 00 00 00
	  0681	00 00 00 00
	  0685	00 00 00 00
	  0689	00 01
  175:	  068B	80 00 00 FF		DB	080h,000h,000h,0FFh,000h,000h,000h,0FFh,000h,000h,000h,000h,000h,000h,000h,000h,000h
	  068F	00 00 00 FF	,000h,000h,000h,000h,000h,000h,000h,000h,000h,000h,000h,000h,001h
	  0693	00 00 00 00
	  0697	00 00 00 00
	  069B	00 00 00 00
	  069F	00 00 00 00
	  06A3	00 00 00 00
	  06A7	00 01
  176:	  06A9	80 00 00 FF		DB	080h,000h,000h,0FFh,000h,000h,000h,0FFh,000h,000h,000h,000h,000h,000h,000h,000h,000h
	  06AD	00 00 00 FF	,000h,000h,000h,000h,000h,000h,000h,000h,000h,000h,000h,000h,001h
	  06B1	00 00 00 00
	  06B5	00 00 00 00
	  06B9	00 00 00 00
	  06BD	00 00 00 00
	  06C1	00 00 00 00
	  06C5	00 01

ASEM-51 V1.3                                        Copyright (c) 2002 by W.W. Heinz                                         PAGE 10



 Line  I  Addr  Code            Source

  177:	  06C7	80 00 00 FF		DB	080h,000h,000h,0FFh,000h,000h,000h,0FFh,000h,000h,000h,000h,000h,000h,000h,000h,000h
	  06CB	00 00 00 FF	,000h,000h,000h,000h,000h,000h,000h,000h,000h,000h,000h,000h,001h
	  06CF	00 00 00 00
	  06D3	00 00 00 00
	  06D7	00 00 00 00
	  06DB	00 00 00 00
	  06DF	00 00 00 00
	  06E3	00 01
  178:	  06E5	80 00 00 FF		DB	080h,000h,000h,0FFh,000h,000h,000h,0FFh,000h,000h,000h,000h,000h,000h,000h,000h,000h
	  06E9	00 00 00 FF	,000h,000h,000h,000h,000h,000h,000h,000h,000h,000h,000h,000h,001h
	  06ED	00 00 00 00
	  06F1	00 00 00 00
	  06F5	00 00 00 00
	  06F9	00 00 00 00
	  06FD	00 00 00 00
	  0701	00 01
  179:	  0703	80 00 00 FF		DB	080h,000h,000h,0FFh,000h,000h,000h,0FFh,000h,000h,000h,000h,000h,000h,000h,000h,000h
	  0707	00 00 00 FF	,000h,000h,000h,000h,000h,000h,000h,000h,000h,000h,000h,000h,001h
	  070B	00 00 00 00
	  070F	00 00 00 00
	  0713	00 00 00 00
	  0717	00 00 00 00
	  071B	00 00 00 00
	  071F	00 01
  180:	  0721	80 00 00 00		DB	080h,000h,000h,000h,0FFh,0FFh,0FFh,000h,000h,000h,000h,000h,000h,000h,000h,000h,000h
	  0725	FF FF FF 00	,000h,000h,000h,000h,000h,000h,000h,000h,000h,000h,000h,000h,001h
	  0729	00 00 00 00
	  072D	00 00 00 00
	  0731	00 00 00 00
	  0735	00 00 00 00
	  0739	00 00 00 00
	  073D	00 01
  181:	  073F	80 00 00 00		DB	080h,000h,000h,000h,0FFh,0FFh,0FFh,000h,000h,000h,000h,000h,000h,000h,000h,000h,000h
	  0743	FF FF FF 00	,000h,000h,000h,000h,000h,000h,000h,000h,000h,000h,000h,000h,001h
	  0747	00 00 00 00
	  074B	00 00 00 00
	  074F	00 00 00 00
	  0753	00 00 00 00
	  0757	00 00 00 00
	  075B	00 01
  182:	  075D	80 00 00 00		DB	080h,000h,000h,000h,0FFh,0FFh,0FFh,000h,000h,000h,000h,000h,000h,000h,000h,000h,000h
	  0761	FF FF FF 00	,000h,000h,000h,000h,000h,000h,000h,000h,000h,000h,000h,000h,001h
	  0765	00 00 00 00
	  0769	00 00 00 00
	  076D	00 00 00 00
	  0771	00 00 00 00
	  0775	00 00 00 00
	  0779	00 01
  183:	  077B	80 00 00 00		DB	080h,000h,000h,000h,0FFh,0FFh,0FFh,000h,000h,000h,000h,000h,000h,000h,000h,000h,000h
	  077F	FF FF FF 00	,000h,000h,000h,000h,000h,000h,000h,000h,000h,000h,000h,000h,001h
	  0783	00 00 00 00
	  0787	00 00 00 00
	  078B	00 00 00 00
	  078F	00 00 00 00
	  0793	00 00 00 00
	  0797	00 01

ASEM-51 V1.3                                        Copyright (c) 2002 by W.W. Heinz                                         PAGE 11



 Line  I  Addr  Code            Source

  184:	  0799	80 00 00 00		DB	080h,000h,000h,000h,0FFh,0FFh,0FFh,000h,000h,000h,000h,000h,000h,000h,000h,000h,000h
	  079D	FF FF FF 00	,000h,000h,000h,000h,000h,000h,000h,000h,000h,000h,000h,000h,001h
	  07A1	00 00 00 00
	  07A5	00 00 00 00
	  07A9	00 00 00 00
	  07AD	00 00 00 00
	  07B1	00 00 00 00
	  07B5	00 01
  185:	  07B7	80 00 00 00		DB	080h,000h,000h,000h,0FFh,0FFh,0FFh,000h,000h,000h,000h,000h,000h,000h,000h,000h,000h
	  07BB	FF FF FF 00	,000h,000h,000h,000h,000h,000h,000h,000h,000h,000h,000h,000h,001h
	  07BF	00 00 00 00
	  07C3	00 00 00 00
	  07C7	00 00 00 00
	  07CB	00 00 00 00
	  07CF	00 00 00 00
	  07D3	00 01
  186:	  07D5	80 00 00 00		DB	080h,000h,000h,000h,0FFh,0FFh,0FFh,000h,000h,000h,000h,000h,000h,000h,000h,000h,000h
	  07D9	FF FF FF 00	,000h,000h,000h,000h,000h,000h,000h,000h,000h,000h,000h,000h,001h
	  07DD	00 00 00 00
	  07E1	00 00 00 00
	  07E5	00 00 00 00
	  07E9	00 00 00 00
	  07ED	00 00 00 00
	  07F1	00 01
  187:	  07F3	80 00 00 00		DB	080h,000h,000h,000h,0FFh,0FFh,0FFh,000h,000h,000h,000h,000h,000h,000h,000h,000h,000h
	  07F7	FF FF FF 00	,000h,000h,000h,000h,000h,000h,000h,000h,000h,000h,000h,000h,001h
	  07FB	00 00 00 00
	  07FF	00 00 00 00
	  0803	00 00 00 00
	  0807	00 00 00 00
	  080B	00 00 00 00
	  080F	00 01
  188:	  0811	80 00 00 00		DB	080h,000h,000h,000h,000h,000h,000h,000h,000h,000h,000h,000h,000h,000h,000h,000h,000h
	  0815	00 00 00 00	,000h,000h,000h,000h,000h,000h,000h,000h,000h,000h,000h,000h,001h
	  0819	00 00 00 00
	  081D	00 00 00 00
	  0821	00 00 00 00
	  0825	00 00 00 00
	  0829	00 00 00 00
	  082D	00 01
  189:	  082F	80 00 00 00		DB	080h,000h,000h,000h,000h,000h,000h,000h,000h,000h,000h,000h,000h,000h,000h,000h,000h
	  0833	00 00 00 00	,000h,000h,000h,000h,000h,000h,000h,000h,000h,000h,000h,000h,001h
	  0837	00 00 00 00
	  083B	00 00 00 00
	  083F	00 00 00 00
	  0843	00 00 00 00
	  0847	00 00 00 00
	  084B	00 01
  190:	  084D	80 00 00 00		DB	080h,000h,000h,000h,000h,000h,000h,000h,000h,000h,000h,000h,000h,000h,000h,000h,000h
	  0851	00 00 00 00	,000h,000h,000h,000h,000h,000h,000h,000h,000h,000h,000h,000h,001h
	  0855	00 00 00 00
	  0859	00 00 00 00
	  085D	00 00 00 00
	  0861	00 00 00 00
	  0865	00 00 00 00
	  0869	00 01

ASEM-51 V1.3                                        Copyright (c) 2002 by W.W. Heinz                                         PAGE 12



 Line  I  Addr  Code            Source

  191:	  086B	80 00 00 00		DB	080h,000h,000h,000h,000h,000h,000h,000h,000h,000h,000h,000h,000h,000h,000h,000h,000h
	  086F	00 00 00 00	,000h,000h,000h,000h,000h,000h,000h,000h,000h,000h,000h,000h,001h
	  0873	00 00 00 00
	  0877	00 00 00 00
	  087B	00 00 00 00
	  087F	00 00 00 00
	  0883	00 00 00 00
	  0887	00 01
  192:	  0889	80 00 00 00		DB	080h,000h,000h,000h,000h,000h,000h,000h,000h,000h,000h,000h,000h,000h,000h,000h,000h
	  088D	00 00 00 00	,000h,000h,000h,000h,000h,000h,000h,000h,000h,000h,000h,000h,001h
	  0891	00 00 00 00
	  0895	00 00 00 00
	  0899	00 00 00 00
	  089D	00 00 00 00
	  08A1	00 00 00 00
	  08A5	00 01
  193:	  08A7	80 00 00 00		DB	080h,000h,000h,000h,000h,000h,000h,000h,000h,000h,000h,000h,000h,000h,000h,000h,000h
	  08AB	00 00 00 00	,000h,000h,000h,000h,000h,000h,000h,000h,000h,000h,000h,000h,001h
	  08AF	00 00 00 00
	  08B3	00 00 00 00
	  08B7	00 00 00 00
	  08BB	00 00 00 00
	  08BF	00 00 00 00
	  08C3	00 01
  194:	  08C5	80 00 00 00		DB	080h,000h,000h,000h,000h,000h,000h,000h,000h,000h,000h,000h,000h,000h,000h,000h,000h
	  08C9	00 00 00 00	,000h,000h,000h,000h,000h,000h,000h,000h,000h,000h,000h,000h,001h
	  08CD	00 00 00 00
	  08D1	00 00 00 00
	  08D5	00 00 00 00
	  08D9	00 00 00 00
	  08DD	00 00 00 00
	  08E1	00 01
  195:	  08E3	80 00 00 00		DB	080h,000h,000h,000h,000h,000h,000h,000h,000h,000h,000h,000h,000h,000h,000h,000h,000h
	  08E7	00 00 00 00	,000h,000h,000h,000h,000h,000h,000h,000h,000h,000h,000h,000h,001h
	  08EB	00 00 00 00
	  08EF	00 00 00 00
	  08F3	00 00 00 00
	  08F7	00 00 00 00
	  08FB	00 00 00 00
	  08FF	00 01
  196:	  0901	80 00 00 00		DB	080h,000h,000h,000h,000h,000h,000h,000h,000h,000h,000h,000h,000h,000h,000h,000h,000h
	  0905	00 00 00 00	,000h,000h,000h,000h,000h,000h,000h,000h,000h,000h,000h,000h,001h
	  0909	00 00 00 00
	  090D	00 00 00 00
	  0911	00 00 00 00
	  0915	00 00 00 00
	  0919	00 00 00 00
	  091D	00 01
  197:	  091F	FF FF FF FF		DB	0FFh,0FFh,0FFh,0FFh,0FFh,0FFh,0FFh,0FFh,0FFh,0FFh,0FFh,0FFh,0FFh,0FFh,0FFh,0FFh,0FFh
	  0923	FF FF FF FF	,0FFh,0FFh,0FFh,0FFh,0FFh,0FFh,0FFh,0FFh,0FFh,0FFh,0FFh,0FFh,0FFh
	  0927	FF FF FF FF
	  092B	FF FF FF FF
	  092F	FF FF FF FF
	  0933	FF FF FF FF
	  0937	FF FF FF FF
	  093B	FF FF

ASEM-51 V1.3                                        Copyright (c) 2002 by W.W. Heinz                                         PAGE 13



 Line  I  Addr  Code            Source

  198:	  093D	80 00 00 00		DB	080h,000h,000h,000h,000h,000h,000h,000h,000h,000h,000h,000h,000h,000h,000h,000h,000h
	  0941	00 00 00 00	,000h,000h,000h,000h,000h,000h,000h,000h,000h,000h,000h,000h,001h
	  0945	00 00 00 00
	  0949	00 00 00 00
	  094D	00 00 00 00
	  0951	00 00 00 00
	  0955	00 00 00 00
	  0959	00 01
  199:	  095B	80 00 00 00		DB	080h,000h,000h,000h,000h,000h,000h,000h,000h,000h,000h,000h,000h,000h,000h,000h,000h
	  095F	00 00 00 00	,000h,000h,000h,000h,000h,000h,000h,000h,000h,000h,000h,000h,001h
	  0963	00 00 00 00
	  0967	00 00 00 00
	  096B	00 00 00 00
	  096F	00 00 00 00
	  0973	00 00 00 00
	  0977	00 01
  200:	  0979	80 00 00 00		DB	080h,000h,000h,000h,000h,000h,000h,000h,000h,000h,000h,000h,000h,000h,000h,000h,000h
	  097D	00 00 00 00	,000h,000h,000h,000h,000h,000h,000h,000h,000h,000h,000h,000h,001h
	  0981	00 00 00 00
	  0985	00 00 00 00
	  0989	00 00 00 00
	  098D	00 00 00 00
	  0991	00 00 00 00
	  0995	00 01
  201:	  0997	80 00 00 00		DB	080h,000h,000h,000h,000h,000h,000h,000h,000h,000h,000h,000h,000h,000h,000h,000h,000h
	  099B	00 00 00 00	,000h,000h,000h,000h,000h,000h,000h,000h,000h,000h,000h,000h,001h
	  099F	00 00 00 00
	  09A3	00 00 00 00
	  09A7	00 00 00 00
	  09AB	00 00 00 00
	  09AF	00 00 00 00
	  09B3	00 01
  202:	  09B5	80 00 00 00		DB	080h,000h,000h,000h,000h,000h,000h,000h,000h,000h,000h,000h,000h,000h,000h,000h,000h
	  09B9	00 00 00 00	,000h,000h,000h,000h,000h,000h,000h,000h,000h,000h,000h,000h,001h
	  09BD	00 00 00 00
	  09C1	00 00 00 00
	  09C5	00 00 00 00
	  09C9	00 00 00 00
	  09CD	00 00 00 00
	  09D1	00 01
  203:	  09D3	80 00 00 00		DB	080h,000h,000h,000h,000h,000h,000h,000h,000h,000h,000h,000h,000h,000h,000h,000h,000h
	  09D7	00 00 00 00	,000h,000h,000h,000h,000h,000h,000h,000h,000h,000h,000h,000h,001h
	  09DB	00 00 00 00
	  09DF	00 00 00 00
	  09E3	00 00 00 00
	  09E7	00 00 00 00
	  09EB	00 00 00 00
	  09EF	00 01
  204:	  09F1	80 00 00 00		DB	080h,000h,000h,000h,000h,000h,000h,000h,000h,000h,000h,000h,000h,000h,000h,000h,000h
	  09F5	00 00 00 00	,000h,000h,000h,000h,000h,000h,000h,000h,000h,000h,000h,000h,001h
	  09F9	00 00 00 00
	  09FD	00 00 00 00
	  0A01	00 00 00 00
	  0A05	00 00 00 00
	  0A09	00 00 00 00
	  0A0D	00 01

ASEM-51 V1.3                                        Copyright (c) 2002 by W.W. Heinz                                         PAGE 14



 Line  I  Addr  Code            Source

  205:	  0A0F	80 00 00 00		DB	080h,000h,000h,000h,000h,000h,000h,000h,000h,000h,000h,000h,000h,000h,000h,000h,000h
	  0A13	00 00 00 00	,000h,000h,000h,000h,000h,000h,000h,000h,000h,000h,000h,000h,001h
	  0A17	00 00 00 00
	  0A1B	00 00 00 00
	  0A1F	00 00 00 00
	  0A23	00 00 00 00
	  0A27	00 00 00 00
	  0A2B	00 01
  206:	  0A2D	80 00 00 00		DB	080h,000h,000h,000h,000h,000h,000h,000h,000h,000h,000h,000h,000h,000h,000h,000h,000h
	  0A31	00 00 00 00	,000h,000h,000h,000h,000h,000h,000h,000h,000h,000h,000h,000h,001h
	  0A35	00 00 00 00
	  0A39	00 00 00 00
	  0A3D	00 00 00 00
	  0A41	00 00 00 00
	  0A45	00 00 00 00
	  0A49	00 01
  207:	  0A4B	80 00 00 00		DB	080h,000h,000h,000h,000h,000h,000h,000h,000h,000h,000h,000h,000h,000h,000h,000h,000h
	  0A4F	00 00 00 00	,000h,000h,000h,000h,000h,000h,000h,000h,000h,000h,000h,000h,001h
	  0A53	00 00 00 00
	  0A57	00 00 00 00
	  0A5B	00 00 00 00
	  0A5F	00 00 00 00
	  0A63	00 00 00 00
	  0A67	00 01
  208:	  0A69	80 00 00 00		DB	080h,000h,000h,000h,000h,000h,000h,000h,000h,000h,000h,000h,000h,000h,000h,000h,000h
	  0A6D	00 00 00 00	,000h,000h,000h,000h,000h,000h,000h,000h,000h,000h,000h,000h,001h
	  0A71	00 00 00 00
	  0A75	00 00 00 00
	  0A79	00 00 00 00
	  0A7D	00 00 00 00
	  0A81	00 00 00 00
	  0A85	00 01
  209:	  0A87	80 00 00 00		DB	080h,000h,000h,000h,000h,000h,000h,000h,000h,000h,000h,000h,000h,000h,000h,000h,000h
	  0A8B	00 00 00 00	,000h,000h,000h,000h,000h,000h,000h,000h,000h,000h,000h,000h,001h
	  0A8F	00 00 00 00
	  0A93	00 00 00 00
	  0A97	00 00 00 00
	  0A9B	00 00 00 00
	  0A9F	00 00 00 00
	  0AA3	00 01
  210:	  0AA5	80 00 00 00		DB	080h,000h,000h,000h,000h,000h,000h,000h,000h,000h,000h,000h,000h,000h,000h,000h,000h
	  0AA9	00 00 00 00	,000h,000h,000h,000h,000h,000h,000h,000h,000h,000h,000h,000h,001h
	  0AAD	00 00 00 00
	  0AB1	00 00 00 00
	  0AB5	00 00 00 00
	  0AB9	00 00 00 00
	  0ABD	00 00 00 00
	  0AC1	00 01
  211:	  0AC3	80 00 00 00		DB	080h,000h,000h,000h,000h,000h,000h,000h,000h,000h,000h,000h,000h,000h,000h,000h,000h
	  0AC7	00 00 00 00	,000h,000h,000h,000h,000h,000h,000h,000h,000h,000h,000h,000h,001h
	  0ACB	00 00 00 00
	  0ACF	00 00 00 00
	  0AD3	00 00 00 00
	  0AD7	00 00 00 00
	  0ADB	00 00 00 00
	  0ADF	00 01

ASEM-51 V1.3                                        Copyright (c) 2002 by W.W. Heinz                                         PAGE 15



 Line  I  Addr  Code            Source

  212:	  0AE1	80 00 00 00		DB	080h,000h,000h,000h,000h,000h,000h,000h,000h,000h,000h,000h,000h,000h,000h,000h,000h
	  0AE5	00 00 00 00	,000h,000h,000h,000h,000h,000h,000h,000h,000h,000h,000h,000h,001h
	  0AE9	00 00 00 00
	  0AED	00 00 00 00
	  0AF1	00 00 00 00
	  0AF5	00 00 00 00
	  0AF9	00 00 00 00
	  0AFD	00 01
  213:	  0AFF	80 00 00 00		DB	080h,000h,000h,000h,000h,000h,000h,000h,000h,000h,000h,000h,000h,000h,000h,000h,000h
	  0B03	00 00 00 00	,000h,000h,000h,000h,000h,000h,000h,000h,000h,000h,000h,000h,001h
	  0B07	00 00 00 00
	  0B0B	00 00 00 00
	  0B0F	00 00 00 00
	  0B13	00 00 00 00
	  0B17	00 00 00 00
	  0B1B	00 01
  214:	  0B1D	80 00 00 00		DB	080h,000h,000h,000h,000h,000h,000h,000h,000h,000h,000h,000h,000h,000h,000h,000h,000h
	  0B21	00 00 00 00	,000h,000h,000h,000h,000h,000h,000h,000h,000h,000h,000h,000h,001h
	  0B25	00 00 00 00
	  0B29	00 00 00 00
	  0B2D	00 00 00 00
	  0B31	00 00 00 00
	  0B35	00 00 00 00
	  0B39	00 01
  215:	  0B3B	80 00 00 00		DB	080h,000h,000h,000h,000h,000h,000h,000h,000h,000h,000h,000h,000h,000h,000h,000h,000h
	  0B3F	00 00 00 00	,000h,000h,000h,000h,000h,000h,000h,000h,000h,000h,000h,000h,001h
	  0B43	00 00 00 00
	  0B47	00 00 00 00
	  0B4B	00 00 00 00
	  0B4F	00 00 00 00
	  0B53	00 00 00 00
	  0B57	00 01
  216:	  0B59	80 00 00 00		DB	080h,000h,000h,000h,000h,000h,000h,000h,000h,000h,000h,000h,000h,000h,000h,000h,000h
	  0B5D	00 00 00 00	,000h,000h,000h,000h,000h,000h,000h,000h,000h,000h,000h,000h,001h
	  0B61	00 00 00 00
	  0B65	00 00 00 00
	  0B69	00 00 00 00
	  0B6D	00 00 00 00
	  0B71	00 00 00 00
	  0B75	00 01
  217:	  0B77	80 00 00 00		DB	080h,000h,000h,000h,000h,000h,000h,000h,000h,000h,000h,000h,000h,000h,000h,000h,000h
	  0B7B	00 00 00 00	,000h,000h,000h,000h,000h,000h,000h,000h,000h,000h,000h,000h,001h
	  0B7F	00 00 00 00
	  0B83	00 00 00 00
	  0B87	00 00 00 00
	  0B8B	00 00 00 00
	  0B8F	00 00 00 00
	  0B93	00 01
  218:	  0B95	80 00 00 00		DB	080h,000h,000h,000h,000h,000h,000h,000h,000h,000h,000h,000h,000h,000h,000h,000h,000h
	  0B99	00 00 00 00	,000h,000h,000h,000h,000h,000h,000h,000h,000h,000h,000h,000h,001h
	  0B9D	00 00 00 00
	  0BA1	00 00 00 00
	  0BA5	00 00 00 00
	  0BA9	00 00 00 00
	  0BAD	00 00 00 00
	  0BB1	00 01

ASEM-51 V1.3                                        Copyright (c) 2002 by W.W. Heinz                                         PAGE 16



 Line  I  Addr  Code            Source

  219:	  0BB3	80 00 00 00		DB	080h,000h,000h,000h,000h,000h,000h,000h,000h,000h,000h,000h,000h,000h,000h,000h,000h
	  0BB7	00 00 00 00	,000h,000h,000h,000h,000h,000h,000h,000h,000h,000h,000h,000h,001h
	  0BBB	00 00 00 00
	  0BBF	00 00 00 00
	  0BC3	00 00 00 00
	  0BC7	00 00 00 00
	  0BCB	00 00 00 00
	  0BCF	00 01
  220:	  0BD1	80 00 00 00		DB	080h,000h,000h,000h,000h,000h,000h,000h,000h,000h,000h,000h,000h,000h,000h,000h,000h
	  0BD5	00 00 00 00	,000h,000h,000h,000h,000h,000h,000h,000h,000h,000h,000h,000h,001h
	  0BD9	00 00 00 00
	  0BDD	00 00 00 00
	  0BE1	00 00 00 00
	  0BE5	00 00 00 00
	  0BE9	00 00 00 00
	  0BED	00 01
  221:	  0BEF	80 00 00 00		DB	080h,000h,000h,000h,000h,000h,000h,000h,000h,000h,000h,000h,000h,000h,000h,000h,000h
	  0BF3	00 00 00 00	,000h,000h,000h,000h,000h,000h,000h,000h,000h,000h,000h,000h,001h
	  0BF7	00 00 00 00
	  0BFB	00 00 00 00
	  0BFF	00 00 00 00
	  0C03	00 00 00 00
	  0C07	00 00 00 00
	  0C0B	00 01
  222:	  0C0D	80 00 00 00		DB	080h,000h,000h,000h,000h,000h,000h,000h,000h,000h,000h,000h,000h,000h,000h,000h,000h
	  0C11	00 00 00 00	,000h,000h,000h,000h,000h,000h,000h,000h,000h,000h,000h,000h,001h
	  0C15	00 00 00 00
	  0C19	00 00 00 00
	  0C1D	00 00 00 00
	  0C21	00 00 00 00
	  0C25	00 00 00 00
	  0C29	00 01
  223:	  0C2B	80 00 00 00		DB	080h,000h,000h,000h,000h,000h,000h,000h,000h,000h,000h,000h,000h,000h,000h,000h,000h
	  0C2F	00 00 00 00	,000h,000h,000h,000h,000h,000h,000h,000h,000h,000h,000h,000h,001h
	  0C33	00 00 00 00
	  0C37	00 00 00 00
	  0C3B	00 00 00 00
	  0C3F	00 00 00 00
	  0C43	00 00 00 00
	  0C47	00 01
  224:	  0C49	80 00 00 00		DB	080h,000h,000h,000h,000h,000h,000h,000h,000h,000h,000h,000h,000h,000h,000h,000h,000h
	  0C4D	00 00 00 00	,000h,000h,000h,000h,000h,000h,000h,000h,000h,000h,000h,000h,001h
	  0C51	00 00 00 00
	  0C55	00 00 00 00
	  0C59	00 00 00 00
	  0C5D	00 00 00 00
	  0C61	00 00 00 00
	  0C65	00 01
  225:	  0C67	80 00 00 00		DB	080h,000h,000h,000h,000h,000h,000h,000h,000h,000h,000h,000h,000h,000h,000h,000h,000h
	  0C6B	00 00 00 00	,000h,000h,000h,000h,000h,000h,000h,000h,000h,000h,000h,000h,001h
	  0C6F	00 00 00 00
	  0C73	00 00 00 00
	  0C77	00 00 00 00
	  0C7B	00 00 00 00
	  0C7F	00 00 00 00
	  0C83	00 01

ASEM-51 V1.3                                        Copyright (c) 2002 by W.W. Heinz                                         PAGE 17



 Line  I  Addr  Code            Source

  226:	  0C85	80 00 00 00		DB	080h,000h,000h,000h,000h,000h,000h,000h,000h,000h,000h,000h,000h,000h,000h,000h,000h
	  0C89	00 00 00 00	,000h,000h,000h,000h,000h,000h,000h,000h,000h,000h,000h,000h,001h
	  0C8D	00 00 00 00
	  0C91	00 00 00 00
	  0C95	00 00 00 00
	  0C99	00 00 00 00
	  0C9D	00 00 00 00
	  0CA1	00 01
  227:	  0CA3	80 00 00 00		DB	080h,000h,000h,000h,000h,000h,000h,000h,000h,000h,000h,000h,000h,000h,000h,000h,000h
	  0CA7	00 00 00 00	,000h,000h,000h,000h,000h,000h,000h,000h,000h,000h,000h,000h,001h
	  0CAB	00 00 00 00
	  0CAF	00 00 00 00
	  0CB3	00 00 00 00
	  0CB7	00 00 00 00
	  0CBB	00 00 00 00
	  0CBF	00 01
  228:	  0CC1	80 00 00 00		DB	080h,000h,000h,000h,000h,000h,000h,000h,000h,000h,000h,000h,000h,000h,000h,000h,000h
	  0CC5	00 00 00 00	,000h,000h,000h,000h,000h,000h,000h,000h,000h,000h,000h,000h,001h
	  0CC9	00 00 00 00
	  0CCD	00 00 00 00
	  0CD1	00 00 00 00
	  0CD5	00 00 00 00
	  0CD9	00 00 00 00
	  0CDD	00 01
  229:	  0CDF	80 00 00 00		DB	080h,000h,000h,000h,000h,000h,000h,000h,000h,000h,000h,000h,000h,000h,000h,000h,000h
	  0CE3	00 00 00 00	,000h,000h,000h,000h,000h,000h,000h,000h,000h,000h,000h,000h,001h
	  0CE7	00 00 00 00
	  0CEB	00 00 00 00
	  0CEF	00 00 00 00
	  0CF3	00 00 00 00
	  0CF7	00 00 00 00
	  0CFB	00 01
  230:	  0CFD	80 00 00 00		DB	080h,000h,000h,000h,000h,000h,000h,000h,000h,000h,000h,000h,000h,000h,000h,000h,000h
	  0D01	00 00 00 00	,000h,000h,000h,000h,000h,000h,000h,000h,000h,000h,000h,000h,001h
	  0D05	00 00 00 00
	  0D09	00 00 00 00
	  0D0D	00 00 00 00
	  0D11	00 00 00 00
	  0D15	00 00 00 00
	  0D19	00 01
  231:	  0D1B	80 00 00 00		DB	080h,000h,000h,000h,000h,000h,000h,000h,000h,000h,000h,000h,000h,000h,000h,000h,000h
	  0D1F	00 00 00 00	,000h,000h,000h,000h,000h,000h,000h,000h,000h,000h,000h,000h,001h
	  0D23	00 00 00 00
	  0D27	00 00 00 00
	  0D2B	00 00 00 00
	  0D2F	00 00 00 00
	  0D33	00 00 00 00
	  0D37	00 01
  232:	  0D39	80 00 00 00		DB	080h,000h,000h,000h,000h,000h,000h,000h,000h,000h,000h,000h,000h,000h,000h,000h,000h
	  0D3D	00 00 00 00	,000h,000h,000h,000h,000h,000h,000h,000h,000h,000h,000h,000h,001h
	  0D41	00 00 00 00
	  0D45	00 00 00 00
	  0D49	00 00 00 00
	  0D4D	00 00 00 00
	  0D51	00 00 00 00
	  0D55	00 01

ASEM-51 V1.3                                        Copyright (c) 2002 by W.W. Heinz                                         PAGE 18



 Line  I  Addr  Code            Source

  233:	  0D57	80 00 00 00		DB	080h,000h,000h,000h,000h,000h,000h,000h,000h,000h,000h,000h,000h,000h,000h,000h,000h
	  0D5B	00 00 00 00	,000h,000h,000h,000h,000h,000h,000h,000h,000h,000h,000h,000h,001h
	  0D5F	00 00 00 00
	  0D63	00 00 00 00
	  0D67	00 00 00 00
	  0D6B	00 00 00 00
	  0D6F	00 00 00 00
	  0D73	00 01
  234:	  0D75	80 00 00 00		DB	080h,000h,000h,000h,000h,000h,000h,000h,000h,000h,000h,000h,000h,000h,000h,000h,000h
	  0D79	00 00 00 00	,000h,000h,000h,000h,000h,000h,000h,000h,000h,000h,000h,000h,001h
	  0D7D	00 00 00 00
	  0D81	00 00 00 00
	  0D85	00 00 00 00
	  0D89	00 00 00 00
	  0D8D	00 00 00 00
	  0D91	00 01
  235:	  0D93	80 00 00 00		DB	080h,000h,000h,000h,000h,000h,000h,000h,000h,000h,000h,000h,000h,000h,000h,000h,000h
	  0D97	00 00 00 00	,000h,000h,000h,000h,000h,000h,000h,000h,000h,000h,000h,000h,001h
	  0D9B	00 00 00 00
	  0D9F	00 00 00 00
	  0DA3	00 00 00 00
	  0DA7	00 00 00 00
	  0DAB	00 00 00 00
	  0DAF	00 01
  236:	  0DB1	80 00 00 00		DB	080h,000h,000h,000h,000h,000h,000h,000h,000h,000h,000h,000h,000h,000h,000h,000h,000h
	  0DB5	00 00 00 00	,000h,000h,000h,000h,000h,000h,000h,000h,000h,000h,000h,000h,001h
	  0DB9	00 00 00 00
	  0DBD	00 00 00 00
	  0DC1	00 00 00 00
	  0DC5	00 00 00 00
	  0DC9	00 00 00 00
	  0DCD	00 01
  237:	  0DCF	80 00 00 00		DB	080h,000h,000h,000h,000h,000h,000h,000h,000h,000h,000h,000h,000h,000h,000h,000h,000h
	  0DD3	00 00 00 00	,000h,000h,000h,000h,000h,000h,000h,000h,000h,000h,000h,000h,001h
	  0DD7	00 00 00 00
	  0DDB	00 00 00 00
	  0DDF	00 00 00 00
	  0DE3	00 00 00 00
	  0DE7	00 00 00 00
	  0DEB	00 01
  238:	  0DED	80 00 00 00		DB	080h,000h,000h,000h,000h,000h,000h,000h,000h,000h,000h,000h,000h,000h,000h,000h,000h
	  0DF1	00 00 00 00	,000h,000h,000h,000h,000h,000h,000h,000h,000h,000h,000h,000h,001h
	  0DF5	00 00 00 00
	  0DF9	00 00 00 00
	  0DFD	00 00 00 00
	  0E01	00 00 00 00
	  0E05	00 00 00 00
	  0E09	00 01
  239:	  0E0B	80 00 00 00		DB	080h,000h,000h,000h,000h,000h,000h,000h,000h,000h,000h,000h,000h,000h,000h,000h,000h
	  0E0F	00 00 00 00	,000h,000h,000h,000h,000h,000h,000h,000h,000h,000h,000h,000h,001h
	  0E13	00 00 00 00
	  0E17	00 00 00 00
	  0E1B	00 00 00 00
	  0E1F	00 00 00 00
	  0E23	00 00 00 00
	  0E27	00 01

ASEM-51 V1.3                                        Copyright (c) 2002 by W.W. Heinz                                         PAGE 19



 Line  I  Addr  Code            Source

  240:	  0E29	80 00 00 00		DB	080h,000h,000h,000h,000h,000h,000h,000h,000h,000h,000h,000h,000h,000h,000h,000h,000h
	  0E2D	00 00 00 00	,000h,000h,000h,000h,000h,000h,000h,000h,000h,000h,000h,000h,001h
	  0E31	00 00 00 00
	  0E35	00 00 00 00
	  0E39	00 00 00 00
	  0E3D	00 00 00 00
	  0E41	00 00 00 00
	  0E45	00 01
  241:	  0E47	80 00 00 00		DB	080h,000h,000h,000h,000h,000h,000h,000h,000h,000h,000h,000h,000h,000h,000h,000h,000h
	  0E4B	00 00 00 00	,000h,000h,000h,000h,000h,000h,000h,000h,000h,000h,000h,000h,001h
	  0E4F	00 00 00 00
	  0E53	00 00 00 00
	  0E57	00 00 00 00
	  0E5B	00 00 00 00
	  0E5F	00 00 00 00
	  0E63	00 01
  242:	  0E65	80 00 00 00		DB	080h,000h,000h,000h,000h,000h,000h,000h,000h,000h,000h,000h,000h,000h,000h,000h,000h
	  0E69	00 00 00 00	,000h,000h,000h,000h,000h,000h,000h,000h,000h,000h,000h,000h,001h
	  0E6D	00 00 00 00
	  0E71	00 00 00 00
	  0E75	00 00 00 00
	  0E79	00 00 00 00
	  0E7D	00 00 00 00
	  0E81	00 01
  243:	  0E83	80 00 00 00		DB	080h,000h,000h,000h,000h,000h,000h,000h,000h,000h,000h,000h,000h,000h,000h,000h,000h
	  0E87	00 00 00 00	,000h,000h,000h,000h,000h,000h,000h,000h,000h,000h,000h,000h,001h
	  0E8B	00 00 00 00
	  0E8F	00 00 00 00
	  0E93	00 00 00 00
	  0E97	00 00 00 00
	  0E9B	00 00 00 00
	  0E9F	00 01
  244:	  0EA1	80 00 00 00		DB	080h,000h,000h,000h,000h,000h,000h,000h,000h,000h,000h,000h,000h,000h,000h,000h,000h
	  0EA5	00 00 00 00	,000h,000h,000h,000h,000h,000h,000h,000h,000h,000h,000h,000h,001h
	  0EA9	00 00 00 00
	  0EAD	00 00 00 00
	  0EB1	00 00 00 00
	  0EB5	00 00 00 00
	  0EB9	00 00 00 00
	  0EBD	00 01
  245:	  0EBF	80 00 00 00		DB	080h,000h,000h,000h,000h,000h,000h,000h,000h,000h,000h,000h,000h,000h,000h,000h,000h
	  0EC3	00 00 00 00	,000h,000h,000h,000h,000h,000h,000h,000h,000h,000h,000h,000h,001h
	  0EC7	00 00 00 00
	  0ECB	00 00 00 00
	  0ECF	00 00 00 00
	  0ED3	00 00 00 00
	  0ED7	00 00 00 00
	  0EDB	00 01
  246:	  0EDD	80 00 00 00		DB	080h,000h,000h,000h,000h,000h,000h,000h,000h,000h,000h,000h,000h,000h,000h,000h,000h
	  0EE1	00 00 00 00	,000h,000h,000h,000h,000h,000h,000h,000h,000h,000h,000h,000h,001h
	  0EE5	00 00 00 00
	  0EE9	00 00 00 00
	  0EED	00 00 00 00
	  0EF1	00 00 00 00
	  0EF5	00 00 00 00
	  0EF9	00 01

ASEM-51 V1.3                                        Copyright (c) 2002 by W.W. Heinz                                         PAGE 20



 Line  I  Addr  Code            Source

  247:	  0EFB	80 00 00 00		DB	080h,000h,000h,000h,000h,000h,000h,000h,000h,000h,000h,000h,000h,000h,000h,000h,000h
	  0EFF	00 00 00 00	,000h,000h,000h,000h,000h,000h,000h,000h,000h,000h,000h,000h,001h
	  0F03	00 00 00 00
	  0F07	00 00 00 00
	  0F0B	00 00 00 00
	  0F0F	00 00 00 00
	  0F13	00 00 00 00
	  0F17	00 01
  248:	  0F19	80 00 00 00		DB	080h,000h,000h,000h,000h,000h,000h,000h,000h,000h,000h,000h,000h,000h,000h,000h,000h
	  0F1D	00 00 00 00	,000h,000h,000h,000h,000h,000h,000h,000h,000h,000h,000h,000h,001h
	  0F21	00 00 00 00
	  0F25	00 00 00 00
	  0F29	00 00 00 00
	  0F2D	00 00 00 00
	  0F31	00 00 00 00
	  0F35	00 01
  249:	  0F37	80 00 00 00		DB	080h,000h,000h,000h,000h,000h,000h,000h,000h,000h,000h,000h,000h,000h,000h,000h,000h
	  0F3B	00 00 00 00	,000h,000h,000h,000h,000h,000h,000h,000h,000h,000h,000h,000h,001h
	  0F3F	00 00 00 00
	  0F43	00 00 00 00
	  0F47	00 00 00 00
	  0F4B	00 00 00 00
	  0F4F	00 00 00 00
	  0F53	00 01
  250:	  0F55	80 00 00 00		DB	080h,000h,000h,000h,000h,000h,000h,000h,000h,000h,000h,000h,000h,000h,000h,000h,000h
	  0F59	00 00 00 00	,000h,000h,000h,000h,000h,000h,000h,000h,000h,000h,000h,000h,001h
	  0F5D	00 00 00 00
	  0F61	00 00 00 00
	  0F65	00 00 00 00
	  0F69	00 00 00 00
	  0F6D	00 00 00 00
	  0F71	00 01
  251:	  0F73	80 00 00 00		DB	080h,000h,000h,000h,000h,000h,000h,000h,000h,000h,000h,000h,000h,000h,000h,000h,000h
	  0F77	00 00 00 00	,000h,000h,000h,000h,000h,000h,000h,000h,000h,000h,000h,000h,001h
	  0F7B	00 00 00 00
	  0F7F	00 00 00 00
	  0F83	00 00 00 00
	  0F87	00 00 00 00
	  0F8B	00 00 00 00
	  0F8F	00 01
  252:	  0F91	80 00 00 00		DB	080h,000h,000h,000h,000h,000h,000h,000h,000h,000h,000h,000h,000h,000h,000h,000h,000h
	  0F95	00 00 00 00	,000h,000h,000h,000h,000h,000h,000h,000h,000h,000h,000h,000h,001h
	  0F99	00 00 00 00
	  0F9D	00 00 00 00
	  0FA1	00 00 00 00
	  0FA5	00 00 00 00
	  0FA9	00 00 00 00
	  0FAD	00 01
  253:	  0FAF	80 00 00 00		DB	080h,000h,000h,000h,000h,000h,000h,000h,000h,000h,000h,000h,000h,000h,000h,000h,000h
	  0FB3	00 00 00 00	,000h,000h,000h,000h,000h,000h,000h,000h,000h,000h,000h,000h,001h
	  0FB7	00 00 00 00
	  0FBB	00 00 00 00
	  0FBF	00 00 00 00
	  0FC3	00 00 00 00
	  0FC7	00 00 00 00
	  0FCB	00 01

ASEM-51 V1.3                                        Copyright (c) 2002 by W.W. Heinz                                         PAGE 21



 Line  I  Addr  Code            Source

  254:	  0FCD	80 00 00 00		DB	080h,000h,000h,000h,000h,000h,000h,000h,000h,000h,000h,000h,000h,000h,000h,000h,000h
	  0FD1	00 00 00 00	,000h,000h,000h,000h,000h,000h,000h,000h,000h,000h,000h,000h,001h
	  0FD5	00 00 00 00
	  0FD9	00 00 00 00
	  0FDD	00 00 00 00
	  0FE1	00 00 00 00
	  0FE5	00 00 00 00
	  0FE9	00 01
  255:	  0FEB	80 00 00 00		DB	080h,000h,000h,000h,000h,000h,000h,000h,000h,000h,000h,000h,000h,000h,000h,000h,000h
	  0FEF	00 00 00 00	,000h,000h,000h,000h,000h,000h,000h,000h,000h,000h,000h,000h,001h
	  0FF3	00 00 00 00
	  0FF7	00 00 00 00
	  0FFB	00 00 00 00
	  0FFF	00 00 00 00
	  1003	00 00 00 00
	  1007	00 01
  256:	  1009	80 00 00 00		DB	080h,000h,000h,000h,000h,000h,000h,000h,000h,000h,000h,000h,000h,000h,000h,000h,000h
	  100D	00 00 00 00	,000h,000h,000h,000h,000h,000h,000h,000h,000h,000h,000h,000h,001h
	  1011	00 00 00 00
	  1015	00 00 00 00
	  1019	00 00 00 00
	  101D	00 00 00 00
	  1021	00 00 00 00
	  1025	00 01
  257:	  1027	80 00 00 00		DB	080h,000h,000h,000h,000h,000h,000h,000h,000h,000h,000h,000h,000h,000h,000h,000h,000h
	  102B	00 00 00 00	,000h,000h,000h,000h,000h,000h,000h,000h,000h,000h,000h,000h,001h
	  102F	00 00 00 00
	  1033	00 00 00 00
	  1037	00 00 00 00
	  103B	00 00 00 00
	  103F	00 00 00 00
	  1043	00 01
  258:	  1045	80 00 00 00		DB	080h,000h,000h,000h,000h,000h,000h,000h,000h,000h,000h,000h,000h,000h,000h,000h,000h
	  1049	00 00 00 00	,000h,000h,000h,000h,000h,000h,000h,000h,000h,000h,000h,000h,001h
	  104D	00 00 00 00
	  1051	00 00 00 00
	  1055	00 00 00 00
	  1059	00 00 00 00
	  105D	00 00 00 00
	  1061	00 01
  259:	  1063	FF FF FF FF		DB	0FFh,0FFh,0FFh,0FFh,0FFh,0FFh,0FFh,0FFh,0FFh,0FFh,0FFh,0FFh,0FFh,0FFh,0FFh,0FFh,0FFh
	  1067	FF FF FF FF	,0FFh,0FFh,0FFh,0FFh,0FFh,0FFh,0FFh,0FFh,0FFh,0FFh,0FFh,0FFh,0FFh
	  106B	FF FF FF FF
	  106F	FF FF FF FF
	  1073	FF FF FF FF
	  1077	FF FF FF FF
	  107B	FF FF FF FF
	  107F	FF FF
  260:	  1081	A1			DB	0A1h
  261:
  262:					END






ASEM-51 V1.3                                        Copyright (c) 2002 by W.W. Heinz                                         PAGE 22



                     register banks used:  ---

                     no errors




ASEM-51 V1.3                                        Copyright (c) 2002 by W.W. Heinz                                         PAGE 23





	       L I S T   O F   S Y M B O L S
	       =============================


SYMBOL				  TYPE     VALUE	LINE
------------------------------------------------------------
??ASEM_51			  NUMBER    8051
??VERSION			  NUMBER    0130
AC				  BIT	      D6
ACC				  DATA	      E0
B				  DATA	      F0
CY				  BIT	      D7
DPH				  DATA	      83
DPL				  DATA	      82
EA				  BIT	      AF
ES				  BIT	      AC
ET0				  BIT	      A9
ET1				  BIT	      AB
EX0				  BIT	      A8
EX1				  BIT	      AA
EXTI0				  CODE	    0003
EXTI1				  CODE	    0013
F0				  BIT	      D5
IE				  DATA	      A8
IE0				  BIT	      89
IE1				  BIT	      8B
INT0				  BIT	      B2
INT1				  BIT	      B3
IP				  DATA	      B8
IT0				  BIT	      88
IT1				  BIT	      8A
MSG1				  CODE	    0181	 131
MSGC				  CODE	    011C	  41
MSGC2				  CODE	    011E	  43
MSGC3				  CODE	    0124	  49
MSGD				  CODE	    0134	  63
MSGD1				  CODE	    013A	  69
MSGI1				  CODE	    0167	 113
MSGI2				  CODE	    017D	 123
OV				  BIT	      D2
P				  BIT	      D0
P0				  DATA	      80
P1				  DATA	      90
P2				  DATA	      A0
P3				  DATA	      B0
PB_CD				  BIT	      90	   8
PB_R				  BIT	      91	   9
PB_RST				  BIT	      93	  11
PB_W				  BIT	      92	  10
PCON				  DATA	      87
PS				  BIT	      BC
PSW				  DATA	      D0
PT0				  BIT	      B9
PT1				  BIT	      BB
PX0				  BIT	      B8
PX1				  BIT	      BA

ASEM-51 V1.3                                        Copyright (c) 2002 by W.W. Heinz                                         PAGE 24



SYMBOL				  TYPE     VALUE	LINE
------------------------------------------------------------
RB8				  BIT	      9A
RD				  BIT	      B7
REN				  BIT	      9C
RESET				  CODE	    0000
RI				  BIT	      98
RS0				  BIT	      D3
RS1				  BIT	      D4
RXD				  BIT	      B0
SBUF				  DATA	      99
SCON				  DATA	      98
SINT				  CODE	    0023
SM0				  BIT	      9F
SM1				  BIT	      9E
SM2				  BIT	      9D
SP				  DATA	      81
START				  CODE	    0100	  17
STAT1				  CODE	    015B	 100
STATUS				  CODE	    0154	  96
T0				  BIT	      B4
T1				  BIT	      B5
TB8				  BIT	      9B
TCON				  DATA	      88
TF0				  BIT	      8D
TF1				  BIT	      8F
TH0				  DATA	      8C
TH1				  DATA	      8D
TI				  BIT	      99
TIMER0				  CODE	    000B
TIMER1				  CODE	    001B
TL0				  DATA	      8A
TL1				  DATA	      8B
TMOD				  DATA	      89
TR0				  BIT	      8C
TR1				  BIT	      8E
TXD				  BIT	      B1
WR				  BIT	      B6
WRITEC				  CODE	    0141	  77
WRITEC1				  CODE	    0146	  80
WRITED				  CODE	    014D	  88
