
C:\STM32F4\MyProjects\R7_FrequencyCounter\stm32f4xx_it.o:     file format elf32-littlearm
C:\STM32F4\MyProjects\R7_FrequencyCounter\stm32f4xx_it.o


Disassembly of section .text.NMI_Handler:

00000000 <NMI_Handler>:
NMI_Handler():
C:\STM32F4\MyProjects\R7_FrequencyCounter/stm32f4xx_it.c:55
  * @param  None
  * @retval None
  */
void NMI_Handler(void)
{
}
   0:	4770      	bx	lr
   2:	bf00      	nop

Disassembly of section .text.HardFault_Handler:

00000000 <HardFault_Handler>:
HardFault_Handler():
C:\STM32F4\MyProjects\R7_FrequencyCounter/stm32f4xx_it.c:63
  * @brief  This function handles Hard Fault exception.
  * @param  None
  * @retval None
  */
void HardFault_Handler(void)
{
   0:	e7fe      	b.n	0 <HardFault_Handler>
   2:	bf00      	nop

Disassembly of section .text.MemManage_Handler:

00000000 <MemManage_Handler>:
MemManage_Handler():
C:\STM32F4\MyProjects\R7_FrequencyCounter/stm32f4xx_it.c:75
  * @brief  This function handles Memory Manage exception.
  * @param  None
  * @retval None
  */
void MemManage_Handler(void)
{
   0:	e7fe      	b.n	0 <MemManage_Handler>
   2:	bf00      	nop

Disassembly of section .text.BusFault_Handler:

00000000 <BusFault_Handler>:
BusFault_Handler():
C:\STM32F4\MyProjects\R7_FrequencyCounter/stm32f4xx_it.c:87
  * @brief  This function handles Bus Fault exception.
  * @param  None
  * @retval None
  */
void BusFault_Handler(void)
{
   0:	e7fe      	b.n	0 <BusFault_Handler>
   2:	bf00      	nop

Disassembly of section .text.UsageFault_Handler:

00000000 <UsageFault_Handler>:
UsageFault_Handler():
C:\STM32F4\MyProjects\R7_FrequencyCounter/stm32f4xx_it.c:99
  * @brief  This function handles Usage Fault exception.
  * @param  None
  * @retval None
  */
void UsageFault_Handler(void)
{
   0:	e7fe      	b.n	0 <UsageFault_Handler>
   2:	bf00      	nop

Disassembly of section .text.DebugMon_Handler:

00000000 <DebugMon_Handler>:
DebugMon_Handler():
C:\STM32F4\MyProjects\R7_FrequencyCounter/stm32f4xx_it.c:111
  * @brief  This function handles Debug Monitor exception.
  * @param  None
  * @retval None
  */
void DebugMon_Handler(void)
{}
   0:	4770      	bx	lr
   2:	bf00      	nop

Disassembly of section .text.SVC_Handler:

00000000 <SVC_Handler>:
SVC_Handler():
C:\STM32F4\MyProjects\R7_FrequencyCounter/stm32f4xx_it.c:119
  * @brief  This function handles SVCall exception.
  * @param  None
  * @retval None
  */
void SVC_Handler(void)
{}
   0:	4770      	bx	lr
   2:	bf00      	nop

Disassembly of section .text.PendSV_Handler:

00000000 <PendSV_Handler>:
PendSV_Handler():
C:\STM32F4\MyProjects\R7_FrequencyCounter/stm32f4xx_it.c:127
  * @brief  This function handles PendSV_Handler exception.
  * @param  None
  * @retval None
  */
void PendSV_Handler(void)
{}
   0:	4770      	bx	lr
   2:	bf00      	nop

Disassembly of section .text.SysTick_Handler:

00000000 <SysTick_Handler>:
SysTick_Handler():
C:\STM32F4\MyProjects\R7_FrequencyCounter/stm32f4xx_it.c:135
  * @brief  This function handles SysTick Handler.
  * @param  None
  * @retval None
  */
void SysTick_Handler(void)
{}
   0:	4770      	bx	lr
   2:	bf00      	nop

Disassembly of section .text.TIM3_IRQHandler:

00000000 <TIM3_IRQHandler>:
TIM3_IRQHandler():
C:\STM32F4\MyProjects\R7_FrequencyCounter/stm32f4xx_it.c:147
  * @brief  This function handles TIM3 global interrupt request.
  * @param  None
  * @retval None
  */
void TIM3_IRQHandler(void)
{
   0:	b508      	push	{r3, lr}
C:\STM32F4\MyProjects\R7_FrequencyCounter/stm32f4xx_it.c:148
  TIM_ClearITPendingBit(TIM3, TIM_IT_Update);
   2:	f44f 6080 	mov.w	r0, #1024	; 0x400
   6:	f2c4 0000 	movt	r0, #16384	; 0x4000
   a:	f04f 0101 	mov.w	r1, #1
   e:	f7ff fffe 	bl	0 <TIM_ClearITPendingBit>
C:\STM32F4\MyProjects\R7_FrequencyCounter/stm32f4xx_it.c:149
  STM_EVAL_LEDToggle(LED3);
  12:	f04f 0001 	mov.w	r0, #1
  16:	f7ff fffe 	bl	0 <STM_EVAL_LEDToggle>
C:\STM32F4\MyProjects\R7_FrequencyCounter/stm32f4xx_it.c:150
  STM_EVAL_LEDToggle(LED4);
  1a:	f04f 0000 	mov.w	r0, #0
  1e:	f7ff fffe 	bl	0 <STM_EVAL_LEDToggle>
C:\STM32F4\MyProjects\R7_FrequencyCounter/stm32f4xx_it.c:151
  STM_EVAL_LEDToggle(LED5);
  22:	f04f 0002 	mov.w	r0, #2
  26:	f7ff fffe 	bl	0 <STM_EVAL_LEDToggle>
C:\STM32F4\MyProjects\R7_FrequencyCounter/stm32f4xx_it.c:152
  STM_EVAL_LEDToggle(LED6);
  2a:	f04f 0003 	mov.w	r0, #3
  2e:	f7ff fffe 	bl	0 <STM_EVAL_LEDToggle>
C:\STM32F4\MyProjects\R7_FrequencyCounter/stm32f4xx_it.c:153
  Frequency=TIM2->CNT;
  32:	f04f 4380 	mov.w	r3, #1073741824	; 0x40000000
  36:	6a5a      	ldr	r2, [r3, #36]	; 0x24
  38:	f240 0300 	movw	r3, #0
  3c:	f2c0 0300 	movt	r3, #0
  40:	601a      	str	r2, [r3, #0]
C:\STM32F4\MyProjects\R7_FrequencyCounter/stm32f4xx_it.c:154
}
  42:	bd08      	pop	{r3, pc}
