HHC5010: Error: Cannot open "c:\FbEdit\Projects\Applications\FbEdit\ResEd21\Help\ResEd.chm". Compilation stopped.
Microsoft HTML Help Compiler 4.74.8702

Compiling c:\FbEdit\Projects\Applications\FbEdit\ResEd21\Help\ResEd.chm


Compile time: 0 minutes, 1 second
8	Topics
8	Local links
0	Internet links
7	Graphics


Created c:\FbEdit\Projects\Applications\FbEdit\ResEd21\Help\ResEd.chm, 148,470 bytes
Compression decreased file by 68,151 bytes.
Microsoft HTML Help Compiler 4.74.8702

Compiling c:\FbEdit\Projects\Applications\FbEdit\ResEd21\Help\ResEd.chm


Compile time: 0 minutes, 1 second
8	Topics
8	Local links
0	Internet links
7	Graphics


Created c:\FbEdit\Projects\Applications\FbEdit\ResEd21\Help\ResEd.chm, 148,560 bytes
Compression decreased file by 68,161 bytes.
Microsoft HTML Help Compiler 4.74.8702

Compiling c:\FbEdit\Projects\Applications\FbEdit\ResEd21\Help\ResEd.chm


Compile time: 0 minutes, 1 second
8	Topics
8	Local links
0	Internet links
7	Graphics


Created c:\FbEdit\Projects\Applications\FbEdit\ResEd21\Help\ResEd.chm, 148,688 bytes
Compression decreased file by 68,300 bytes.
Microsoft HTML Help Compiler 4.74.8702

Compiling c:\FbEdit\Projects\Applications\FbEdit\ResEd21\Help\ResEd.chm


Compile time: 0 minutes, 1 second
8	Topics
8	Local links
0	Internet links
7	Graphics


Created c:\FbEdit\Projects\Applications\FbEdit\ResEd21\Help\ResEd.chm, 148,752 bytes
Compression decreased file by 68,498 bytes.
Microsoft HTML Help Compiler 4.74.8702

Compiling c:\FbEdit\Projects\Applications\FbEdit\ResEd21\Help\ResEd.chm


Compile time: 0 minutes, 0 seconds
8	Topics
8	Local links
0	Internet links
7	Graphics


Created c:\FbEdit\Projects\Applications\FbEdit\ResEd21\Help\ResEd.chm, 148,772 bytes
Compression decreased file by 68,172 bytes.
