
D:\FbEdit\Projects\Applications\fbe\STM32F4Discovery\STM32F4_LCMeter\stm32f4_discovery.o:     file format elf32-littlearm
D:\FbEdit\Projects\Applications\fbe\STM32F4Discovery\STM32F4_LCMeter\stm32f4_discovery.o


Disassembly of section .text.STM_EVAL_LEDInit:

00000000 <STM_EVAL_LEDInit>:
STM_EVAL_LEDInit():
D:\FbEdit\Projects\Applications\fbe\STM32F4Discovery\STM32F4_LCMeter/stm32f4_discovery.c:117
  *     @arg LED5
  *     @arg LED6
  * @retval None
  */
void STM_EVAL_LEDInit(Led_TypeDef Led)
{
   0:	b530      	push	{r4, r5, lr}
   2:	b083      	sub	sp, #12
   4:	4605      	mov	r5, r0
D:\FbEdit\Projects\Applications\fbe\STM32F4Discovery\STM32F4_LCMeter/stm32f4_discovery.c:121
  GPIO_InitTypeDef  GPIO_InitStructure;
  
  /* Enable the GPIO_LED Clock */
  RCC_AHB1PeriphClockCmd(GPIO_CLK[Led], ENABLE);
   6:	f240 0400 	movw	r4, #0
   a:	f2c0 0400 	movt	r4, #0
   e:	f854 0020 	ldr.w	r0, [r4, r0, lsl #2]
  12:	f04f 0101 	mov.w	r1, #1
  16:	f7ff fffe 	bl	0 <RCC_AHB1PeriphClockCmd>
D:\FbEdit\Projects\Applications\fbe\STM32F4Discovery\STM32F4_LCMeter/stm32f4_discovery.c:124

  /* Configure the GPIO_LED pin */
  GPIO_InitStructure.GPIO_Pin = GPIO_PIN[Led];
  1a:	eb04 0445 	add.w	r4, r4, r5, lsl #1
  1e:	8a23      	ldrh	r3, [r4, #16]
  20:	9300      	str	r3, [sp, #0]
D:\FbEdit\Projects\Applications\fbe\STM32F4Discovery\STM32F4_LCMeter/stm32f4_discovery.c:125
  GPIO_InitStructure.GPIO_Mode = GPIO_Mode_OUT;
  22:	f04f 0301 	mov.w	r3, #1
  26:	f88d 3004 	strb.w	r3, [sp, #4]
D:\FbEdit\Projects\Applications\fbe\STM32F4Discovery\STM32F4_LCMeter/stm32f4_discovery.c:126
  GPIO_InitStructure.GPIO_OType = GPIO_OType_PP;
  2a:	f04f 0200 	mov.w	r2, #0
  2e:	f88d 2006 	strb.w	r2, [sp, #6]
D:\FbEdit\Projects\Applications\fbe\STM32F4Discovery\STM32F4_LCMeter/stm32f4_discovery.c:127
  GPIO_InitStructure.GPIO_PuPd = GPIO_PuPd_UP;
  32:	f88d 3007 	strb.w	r3, [sp, #7]
D:\FbEdit\Projects\Applications\fbe\STM32F4Discovery\STM32F4_LCMeter/stm32f4_discovery.c:128
  GPIO_InitStructure.GPIO_Speed = GPIO_Speed_50MHz;
  36:	f04f 0302 	mov.w	r3, #2
  3a:	f88d 3005 	strb.w	r3, [sp, #5]
D:\FbEdit\Projects\Applications\fbe\STM32F4Discovery\STM32F4_LCMeter/stm32f4_discovery.c:129
  GPIO_Init(GPIO_PORT[Led], &GPIO_InitStructure);
  3e:	f240 0300 	movw	r3, #0
  42:	f2c0 0300 	movt	r3, #0
  46:	f853 0025 	ldr.w	r0, [r3, r5, lsl #2]
  4a:	4669      	mov	r1, sp
  4c:	f7ff fffe 	bl	0 <GPIO_Init>
D:\FbEdit\Projects\Applications\fbe\STM32F4Discovery\STM32F4_LCMeter/stm32f4_discovery.c:130
}
  50:	b003      	add	sp, #12
  52:	bd30      	pop	{r4, r5, pc}

Disassembly of section .text.STM_EVAL_LEDOn:

00000000 <STM_EVAL_LEDOn>:
STM_EVAL_LEDOn():
D:\FbEdit\Projects\Applications\fbe\STM32F4Discovery\STM32F4_LCMeter/stm32f4_discovery.c:144
  *     @arg LED6  
  * @retval None
  */
void STM_EVAL_LEDOn(Led_TypeDef Led)
{
  GPIO_PORT[Led]->BSRRL = GPIO_PIN[Led];
   0:	f240 0200 	movw	r2, #0
   4:	f2c0 0200 	movt	r2, #0
   8:	f852 2020 	ldr.w	r2, [r2, r0, lsl #2]
   c:	f240 0300 	movw	r3, #0
  10:	f2c0 0300 	movt	r3, #0
  14:	eb03 0340 	add.w	r3, r3, r0, lsl #1
  18:	8a1b      	ldrh	r3, [r3, #16]
  1a:	8313      	strh	r3, [r2, #24]
D:\FbEdit\Projects\Applications\fbe\STM32F4Discovery\STM32F4_LCMeter/stm32f4_discovery.c:145
}
  1c:	4770      	bx	lr
  1e:	bf00      	nop

Disassembly of section .text.STM_EVAL_LEDOff:

00000000 <STM_EVAL_LEDOff>:
STM_EVAL_LEDOff():
D:\FbEdit\Projects\Applications\fbe\STM32F4Discovery\STM32F4_LCMeter/stm32f4_discovery.c:159
  *     @arg LED6 
  * @retval None
  */
void STM_EVAL_LEDOff(Led_TypeDef Led)
{
  GPIO_PORT[Led]->BSRRH = GPIO_PIN[Led];  
   0:	f240 0200 	movw	r2, #0
   4:	f2c0 0200 	movt	r2, #0
   8:	f852 2020 	ldr.w	r2, [r2, r0, lsl #2]
   c:	f240 0300 	movw	r3, #0
  10:	f2c0 0300 	movt	r3, #0
  14:	eb03 0340 	add.w	r3, r3, r0, lsl #1
  18:	8a1b      	ldrh	r3, [r3, #16]
  1a:	8353      	strh	r3, [r2, #26]
D:\FbEdit\Projects\Applications\fbe\STM32F4Discovery\STM32F4_LCMeter/stm32f4_discovery.c:160
}
  1c:	4770      	bx	lr
  1e:	bf00      	nop

Disassembly of section .text.STM_EVAL_LEDToggle:

00000000 <STM_EVAL_LEDToggle>:
STM_EVAL_LEDToggle():
D:\FbEdit\Projects\Applications\fbe\STM32F4Discovery\STM32F4_LCMeter/stm32f4_discovery.c:174
  *     @arg LED6  
  * @retval None
  */
void STM_EVAL_LEDToggle(Led_TypeDef Led)
{
  GPIO_PORT[Led]->ODR ^= GPIO_PIN[Led];
   0:	f240 0200 	movw	r2, #0
   4:	f2c0 0200 	movt	r2, #0
   8:	f852 2020 	ldr.w	r2, [r2, r0, lsl #2]
   c:	6951      	ldr	r1, [r2, #20]
   e:	f240 0300 	movw	r3, #0
  12:	f2c0 0300 	movt	r3, #0
  16:	eb03 0340 	add.w	r3, r3, r0, lsl #1
  1a:	8a1b      	ldrh	r3, [r3, #16]
  1c:	404b      	eors	r3, r1
  1e:	6153      	str	r3, [r2, #20]
D:\FbEdit\Projects\Applications\fbe\STM32F4Discovery\STM32F4_LCMeter/stm32f4_discovery.c:175
}
  20:	4770      	bx	lr
  22:	bf00      	nop

Disassembly of section .text.STM_EVAL_PBInit:

00000000 <STM_EVAL_PBInit>:
STM_EVAL_PBInit():
D:\FbEdit\Projects\Applications\fbe\STM32F4Discovery\STM32F4_LCMeter/stm32f4_discovery.c:189
  *     @arg BUTTON_MODE_EXTI: Button will be connected to EXTI line with interrupt
  *                            generation capability  
  * @retval None
  */
void STM_EVAL_PBInit(Button_TypeDef Button, ButtonMode_TypeDef Button_Mode)
{
   0:	b5f0      	push	{r4, r5, r6, r7, lr}
   2:	b087      	sub	sp, #28
   4:	4605      	mov	r5, r0
   6:	460f      	mov	r7, r1
D:\FbEdit\Projects\Applications\fbe\STM32F4Discovery\STM32F4_LCMeter/stm32f4_discovery.c:195
  GPIO_InitTypeDef GPIO_InitStructure;
  EXTI_InitTypeDef EXTI_InitStructure;
  NVIC_InitTypeDef NVIC_InitStructure;

  /* Enable the BUTTON Clock */
  RCC_AHB1PeriphClockCmd(BUTTON_CLK[Button], ENABLE);
   8:	f240 0400 	movw	r4, #0
   c:	f2c0 0400 	movt	r4, #0
  10:	ea4f 0680 	mov.w	r6, r0, lsl #2
  14:	19a3      	adds	r3, r4, r6
  16:	6998      	ldr	r0, [r3, #24]
  18:	f04f 0101 	mov.w	r1, #1
  1c:	f7ff fffe 	bl	0 <RCC_AHB1PeriphClockCmd>
D:\FbEdit\Projects\Applications\fbe\STM32F4Discovery\STM32F4_LCMeter/stm32f4_discovery.c:196
  RCC_APB2PeriphClockCmd(RCC_APB2Periph_SYSCFG, ENABLE);
  20:	f44f 4080 	mov.w	r0, #16384	; 0x4000
  24:	f04f 0101 	mov.w	r1, #1
  28:	f7ff fffe 	bl	0 <RCC_APB2PeriphClockCmd>
D:\FbEdit\Projects\Applications\fbe\STM32F4Discovery\STM32F4_LCMeter/stm32f4_discovery.c:199

  /* Configure Button pin as input */
  GPIO_InitStructure.GPIO_Mode = GPIO_Mode_IN;
  2c:	f04f 0300 	mov.w	r3, #0
  30:	f88d 3014 	strb.w	r3, [sp, #20]
D:\FbEdit\Projects\Applications\fbe\STM32F4Discovery\STM32F4_LCMeter/stm32f4_discovery.c:200
  GPIO_InitStructure.GPIO_PuPd = GPIO_PuPd_NOPULL;
  34:	f88d 3017 	strb.w	r3, [sp, #23]
D:\FbEdit\Projects\Applications\fbe\STM32F4Discovery\STM32F4_LCMeter/stm32f4_discovery.c:201
  GPIO_InitStructure.GPIO_Pin = BUTTON_PIN[Button];
  38:	eb04 0445 	add.w	r4, r4, r5, lsl #1
  3c:	8ba3      	ldrh	r3, [r4, #28]
  3e:	a906      	add	r1, sp, #24
  40:	f841 3d08 	str.w	r3, [r1, #-8]!
D:\FbEdit\Projects\Applications\fbe\STM32F4Discovery\STM32F4_LCMeter/stm32f4_discovery.c:202
  GPIO_Init(BUTTON_PORT[Button], &GPIO_InitStructure);
  44:	f240 0300 	movw	r3, #0
  48:	f2c0 0300 	movt	r3, #0
  4c:	199e      	adds	r6, r3, r6
  4e:	6930      	ldr	r0, [r6, #16]
  50:	f7ff fffe 	bl	0 <GPIO_Init>
D:\FbEdit\Projects\Applications\fbe\STM32F4Discovery\STM32F4_LCMeter/stm32f4_discovery.c:204

  if (Button_Mode == BUTTON_MODE_EXTI)
  54:	2f01      	cmp	r7, #1
  56:	d12d      	bne.n	b4 <STM_EVAL_PBInit+0xb4>
D:\FbEdit\Projects\Applications\fbe\STM32F4Discovery\STM32F4_LCMeter/stm32f4_discovery.c:207
  {
    /* Connect Button EXTI Line to Button GPIO Pin */
    SYSCFG_EXTILineConfig(BUTTON_PORT_SOURCE[Button], BUTTON_PIN_SOURCE[Button]);
  58:	f240 0400 	movw	r4, #0
  5c:	f2c0 0400 	movt	r4, #0
  60:	1966      	adds	r6, r4, r5
  62:	f896 0020 	ldrb.w	r0, [r6, #32]
  66:	f896 1024 	ldrb.w	r1, [r6, #36]	; 0x24
  6a:	f7ff fffe 	bl	0 <SYSCFG_EXTILineConfig>
D:\FbEdit\Projects\Applications\fbe\STM32F4Discovery\STM32F4_LCMeter/stm32f4_discovery.c:210

    /* Configure Button EXTI line */
    EXTI_InitStructure.EXTI_Line = BUTTON_EXTI_LINE[Button];
  6e:	eb04 0545 	add.w	r5, r4, r5, lsl #1
  72:	8d2b      	ldrh	r3, [r5, #40]	; 0x28
  74:	9302      	str	r3, [sp, #8]
D:\FbEdit\Projects\Applications\fbe\STM32F4Discovery\STM32F4_LCMeter/stm32f4_discovery.c:211
    EXTI_InitStructure.EXTI_Mode = EXTI_Mode_Interrupt;
  76:	f04f 0300 	mov.w	r3, #0
  7a:	f88d 300c 	strb.w	r3, [sp, #12]
D:\FbEdit\Projects\Applications\fbe\STM32F4Discovery\STM32F4_LCMeter/stm32f4_discovery.c:212
    EXTI_InitStructure.EXTI_Trigger = EXTI_Trigger_Rising;  
  7e:	f04f 0308 	mov.w	r3, #8
  82:	f88d 300d 	strb.w	r3, [sp, #13]
D:\FbEdit\Projects\Applications\fbe\STM32F4Discovery\STM32F4_LCMeter/stm32f4_discovery.c:213
    EXTI_InitStructure.EXTI_LineCmd = ENABLE;
  86:	f04f 0401 	mov.w	r4, #1
  8a:	f88d 400e 	strb.w	r4, [sp, #14]
D:\FbEdit\Projects\Applications\fbe\STM32F4Discovery\STM32F4_LCMeter/stm32f4_discovery.c:214
    EXTI_Init(&EXTI_InitStructure);
  8e:	eb0d 0003 	add.w	r0, sp, r3
  92:	f7ff fffe 	bl	0 <EXTI_Init>
D:\FbEdit\Projects\Applications\fbe\STM32F4Discovery\STM32F4_LCMeter/stm32f4_discovery.c:217

    /* Enable and set Button EXTI Interrupt to the lowest priority */
    NVIC_InitStructure.NVIC_IRQChannel = BUTTON_IRQn[Button];
  96:	f896 302c 	ldrb.w	r3, [r6, #44]	; 0x2c
  9a:	f88d 3004 	strb.w	r3, [sp, #4]
D:\FbEdit\Projects\Applications\fbe\STM32F4Discovery\STM32F4_LCMeter/stm32f4_discovery.c:218
    NVIC_InitStructure.NVIC_IRQChannelPreemptionPriority = 0x0F;
  9e:	f04f 030f 	mov.w	r3, #15
  a2:	f88d 3005 	strb.w	r3, [sp, #5]
D:\FbEdit\Projects\Applications\fbe\STM32F4Discovery\STM32F4_LCMeter/stm32f4_discovery.c:219
    NVIC_InitStructure.NVIC_IRQChannelSubPriority = 0x0F;
  a6:	f88d 3006 	strb.w	r3, [sp, #6]
D:\FbEdit\Projects\Applications\fbe\STM32F4Discovery\STM32F4_LCMeter/stm32f4_discovery.c:220
    NVIC_InitStructure.NVIC_IRQChannelCmd = ENABLE;
  aa:	f88d 4007 	strb.w	r4, [sp, #7]
D:\FbEdit\Projects\Applications\fbe\STM32F4Discovery\STM32F4_LCMeter/stm32f4_discovery.c:222

    NVIC_Init(&NVIC_InitStructure); 
  ae:	a801      	add	r0, sp, #4
  b0:	f7ff fffe 	bl	0 <NVIC_Init>
D:\FbEdit\Projects\Applications\fbe\STM32F4Discovery\STM32F4_LCMeter/stm32f4_discovery.c:224
  }
}
  b4:	b007      	add	sp, #28
  b6:	bdf0      	pop	{r4, r5, r6, r7, pc}

Disassembly of section .text.STM_EVAL_PBGetState:

00000000 <STM_EVAL_PBGetState>:
STM_EVAL_PBGetState():
D:\FbEdit\Projects\Applications\fbe\STM32F4Discovery\STM32F4_LCMeter/stm32f4_discovery.c:233
  * @param  Button: Specifies the Button to be checked.
  *   This parameter should be: BUTTON_USER  
  * @retval The Button GPIO pin value.
  */
uint32_t STM_EVAL_PBGetState(Button_TypeDef Button)
{
   0:	b508      	push	{r3, lr}
D:\FbEdit\Projects\Applications\fbe\STM32F4Discovery\STM32F4_LCMeter/stm32f4_discovery.c:234
  return GPIO_ReadInputDataBit(BUTTON_PORT[Button], BUTTON_PIN[Button]);
   2:	f240 0200 	movw	r2, #0
   6:	f2c0 0200 	movt	r2, #0
   a:	eb02 0280 	add.w	r2, r2, r0, lsl #2
   e:	f240 0300 	movw	r3, #0
  12:	f2c0 0300 	movt	r3, #0
  16:	eb03 0340 	add.w	r3, r3, r0, lsl #1
  1a:	6910      	ldr	r0, [r2, #16]
  1c:	8b99      	ldrh	r1, [r3, #28]
  1e:	f7ff fffe 	bl	0 <GPIO_ReadInputDataBit>
D:\FbEdit\Projects\Applications\fbe\STM32F4Discovery\STM32F4_LCMeter/stm32f4_discovery.c:235
}
  22:	bd08      	pop	{r3, pc}
