Microsoft HTML Help Compiler 4.74.8702

Compiling c:\FbEdit\Projects\Applications\FbEdit\RadASM30\Help\RadASM.chm


Compile time: 0 minutes, 0 seconds
11	Topics
11	Local links
0	Internet links
14	Graphics


Created c:\FbEdit\Projects\Applications\FbEdit\RadASM30\Help\RadASM.chm, 226,685 bytes
Compression decreased file by 111,312 bytes.
Microsoft HTML Help Compiler 4.74.8702

Compiling c:\FbEdit\Projects\Applications\FbEdit\RadASM30\Help\RadASM.chm


Compile time: 0 minutes, 0 seconds
11	Topics
11	Local links
0	Internet links
14	Graphics


Created c:\FbEdit\Projects\Applications\FbEdit\RadASM30\Help\RadASM.chm, 227,605 bytes
Compression decreased file by 111,013 bytes.
Microsoft HTML Help Compiler 4.74.8702

Compiling c:\FbEdit\Projects\Applications\FbEdit\RadASM30\Help\RadASM.chm


Compile time: 0 minutes, 0 seconds
11	Topics
11	Local links
0	Internet links
14	Graphics


Created c:\FbEdit\Projects\Applications\FbEdit\RadASM30\Help\RadASM.chm, 227,639 bytes
Compression decreased file by 111,035 bytes.
Microsoft HTML Help Compiler 4.74.8702

Compiling c:\FbEdit\Projects\Applications\FbEdit\RadASM30\Help\RadASM.chm


Compile time: 0 minutes, 0 seconds
11	Topics
11	Local links
0	Internet links
14	Graphics


Created c:\FbEdit\Projects\Applications\FbEdit\RadASM30\Help\RadASM.chm, 227,741 bytes
Compression decreased file by 110,995 bytes.
Microsoft HTML Help Compiler 4.74.8702

Compiling c:\FbEdit\Projects\Applications\FbEdit\RadASM30\Help\RadASM.chm


Compile time: 0 minutes, 0 seconds
11	Topics
11	Local links
0	Internet links
14	Graphics


Created c:\FbEdit\Projects\Applications\FbEdit\RadASM30\Help\RadASM.chm, 227,955 bytes
Compression decreased file by 111,099 bytes.
Microsoft HTML Help Compiler 4.74.8702

Compiling c:\FbEdit\Projects\Applications\FbEdit\RadASM30\Help\RadASM.chm


Compile time: 0 minutes, 0 seconds
11	Topics
11	Local links
0	Internet links
14	Graphics


Created c:\FbEdit\Projects\Applications\FbEdit\RadASM30\Help\RadASM.chm, 227,955 bytes
Compression decreased file by 111,103 bytes.
Microsoft HTML Help Compiler 4.74.8702

Compiling c:\FbEdit\Projects\Applications\FbEdit\RadASM30\Help\RadASM.chm


Compile time: 0 minutes, 0 seconds
11	Topics
11	Local links
0	Internet links
14	Graphics


Created c:\FbEdit\Projects\Applications\FbEdit\RadASM30\Help\RadASM.chm, 228,031 bytes
Compression decreased file by 111,140 bytes.
