Microsoft HTML Help Compiler 4.74.8702

Compiling c:\FbEdit\Projects\Applications\FbEdit\RadASM30\Help\RadASM.chm


Compile time: 0 minutes, 0 seconds
11	Topics
11	Local links
0	Internet links
14	Graphics


Created c:\FbEdit\Projects\Applications\FbEdit\RadASM30\Help\RadASM.chm, 215,409 bytes
Compression decreased file by 108,796 bytes.
Microsoft HTML Help Compiler 4.74.8702

Compiling c:\FbEdit\Projects\Applications\FbEdit\RadASM30\Help\RadASM.chm


Compile time: 0 minutes, 0 seconds
11	Topics
11	Local links
0	Internet links
14	Graphics


Created c:\FbEdit\Projects\Applications\FbEdit\RadASM30\Help\RadASM.chm, 216,431 bytes
Compression decreased file by 110,129 bytes.
Microsoft HTML Help Compiler 4.74.8702

Compiling c:\FbEdit\Projects\Applications\FbEdit\RadASM30\Help\RadASM.chm


Compile time: 0 minutes, 0 seconds
11	Topics
11	Local links
0	Internet links
14	Graphics


Created c:\FbEdit\Projects\Applications\FbEdit\RadASM30\Help\RadASM.chm, 215,667 bytes
Compression decreased file by 109,344 bytes.
Microsoft HTML Help Compiler 4.74.8702

Compiling c:\FbEdit\Projects\Applications\FbEdit\RadASM30\Help\RadASM.chm


Compile time: 0 minutes, 0 seconds
11	Topics
11	Local links
0	Internet links
14	Graphics


Created c:\FbEdit\Projects\Applications\FbEdit\RadASM30\Help\RadASM.chm, 216,375 bytes
Compression decreased file by 109,666 bytes.
Microsoft HTML Help Compiler 4.74.8702

Compiling c:\FbEdit\Projects\Applications\FbEdit\RadASM30\Help\RadASM.chm


Compile time: 0 minutes, 0 seconds
11	Topics
11	Local links
0	Internet links
14	Graphics


Created c:\FbEdit\Projects\Applications\FbEdit\RadASM30\Help\RadASM.chm, 215,881 bytes
Compression decreased file by 111,440 bytes.
Microsoft HTML Help Compiler 4.74.8702

Compiling c:\FbEdit\Projects\Applications\FbEdit\RadASM30\Help\RadASM.chm


Compile time: 0 minutes, 0 seconds
11	Topics
11	Local links
0	Internet links
14	Graphics


Created c:\FbEdit\Projects\Applications\FbEdit\RadASM30\Help\RadASM.chm, 215,867 bytes
Compression decreased file by 111,457 bytes.
Microsoft HTML Help Compiler 4.74.8702

Compiling c:\FbEdit\Projects\Applications\FbEdit\RadASM30\Help\RadASM.chm


Compile time: 0 minutes, 0 seconds
11	Topics
11	Local links
0	Internet links
14	Graphics


Created c:\FbEdit\Projects\Applications\FbEdit\RadASM30\Help\RadASM.chm, 223,507 bytes
Compression decreased file by 109,707 bytes.
Microsoft HTML Help Compiler 4.74.8702

Compiling c:\FbEdit\Projects\Applications\FbEdit\RadASM30\Help\RadASM.chm


Compile time: 0 minutes, 0 seconds
11	Topics
11	Local links
0	Internet links
14	Graphics


Created c:\FbEdit\Projects\Applications\FbEdit\RadASM30\Help\RadASM.chm, 223,529 bytes
Compression decreased file by 110,005 bytes.
