
ASEM-51 V1.3                                         Copyright (c) 2002 by W.W. Heinz                                         PAGE 1





       MCS-51 Family Macro Assembler   A S E M - 5 1   V 1.3
       =====================================================



	Source File:	GLCDMenu.a51
	Object File:	GLCDMenu.hex
	List File:	GLCDMenu.lst



 Line  I  Addr  Code            Source

    1:
    2:				; The processor clock speed is 24MHz.
    3:				; Cycle time is .500uS.
    4:				; Demo software to display a menu
    5:				; on a 240x128 graphics LCD display
    6:				; with a T6963C LCD controller.
    7:
    8:		B	 90	PB_CD		BIT	P1.0
    9:		B	 91	PB_R		BIT	P1.1
   10:		B	 92	PB_W		BIT	P1.2
   11:		B	 93	PB_RST		BIT	P1.3
   12:		D      00A0	P_DATA		EQU	P2
   13:		N      0028	CHARSLINE	EQU	40
   14:		N      0000	GRPHOME		EQU	0000h
   15:		N      1000	TXTHOME		EQU	1000h
   16:		N      2000	CGRHOME		EQU	2000h
   17:
   18:		N      0040	MNUDEF		EQU	40h
   19:		N      000B	NMNUDEF		EQU	11
   20:		N      0040	MNULEVEL	EQU	MNUDEF+0
   21:		N      0041	MNUSEL		EQU	MNUDEF+1
   22:		N      0042	MNUOFS		EQU	MNUDEF+2
   23:		N      0043	MNUX		EQU	MNUDEF+3
   24:		N      0044	MNUY		EQU	MNUDEF+4
   25:		N      0045	MNUWT		EQU	MNUDEF+5
   26:		N      0046	MNUHT		EQU	MNUDEF+6
   27:		N      0047	MNUITEMWT	EQU	MNUDEF+7
   28:		N      0048	MNUITEMS	EQU	MNUDEF+8
   29:		N      0049	MNUTXTL		EQU	MNUDEF+9
   30:		N      004A	MNUTXTH		EQU	MNUDEF+10
   31:		N      004B	LASTKEY		EQU	MNUDEF+11
   32:
   33:		N      0000	MNUX1		EQU	0
   34:		N      0001	MNUY1		EQU	1
   35:		N      000A	MNUWT1		EQU	10
   36:		N      0004	MNUHT1		EQU	4
   37:
   38:		N      000A	MNUX2		EQU	10
   39:		N      0001	MNUY2		EQU	1
   40:		N      000E	MNUWT2		EQU	14
   41:		N      0004	MNUHT2		EQU	4
   42:
   43:		N      0000			ORG	0000h

ASEM-51 V1.3                                         Copyright (c) 2002 by W.W. Heinz                                         PAGE 2



 Line  I  Addr  Code            Source

   44:	  0000	21 00				AJMP	START		;program start
   45:
   46:		N      0100			ORG	0100h
   47:
   48:	  0100			START:		; Initialize the T6963C
   49:	  0100	C2 93				CLR	PB_RST		;hardware reset
   50:	  0102	00				NOP
   51:	  0103	00				NOP
   52:	  0104	00				NOP
   53:	  0105	00				NOP
   54:	  0106	D2 93				SETB	PB_RST
   55:	  0108	90 03 D7			MOV	DPTR,#MSGINIT	;initialization bytes
   56:	  010B	51 E4				ACALL	SENDCOMMANDS
   57:	  010D	51 F9				ACALL	CLS
   58:	  010F	71 0E				ACALL	SETCGRAM
   59:	  0111	7E 00				MOV	R6,#0
   60:	  0113	7F 00				MOV	R7,#0
   61:	  0115	90 04 4B			MOV	DPTR,#HEADER
   62:	  0118	71 7F				ACALL	PRINTLINE
   63:	  011A	90 04 5D			MOV	DPTR,#MNUDEF1
   64:	  011D	31 B8				ACALL	MNUINIT
   65:	  011F	31 C4				ACALL	MNUPRINT
   66:	  0121	31 9D		START1:		ACALL	GETKEY
   67:	  0123	60 FC				JZ	START1
   68:	  0125	B4 01 17			CJNE	A,#01h,START3
   69:						;Up
   70:	  0128	E5 41				MOV	A,MNUSEL
   71:	  012A	60 F5				JZ	START1
   72:	  012C	51 A9				ACALL	MNUCLRSEL
   73:	  012E	15 41				DEC	MNUSEL
   74:	  0130	E5 41				MOV	A,MNUSEL
   75:	  0132	B5 42 00			CJNE	A,MNUOFS,$+3
   76:	  0135	50 06				JNC	START2
   77:	  0137	15 42				DEC	MNUOFS
   78:	  0139	51 2D				ACALL	MNUTXT
   79:	  013B	51 61				ACALL	MNUSCROLL
   80:	  013D	51 BC		START2:		ACALL	MNUSETSEL
   81:	  013F	B4 02 1E	START3:		CJNE	A,#02h,START5
   82:						;Down
   83:	  0142	E5 41				MOV	A,MNUSEL
   84:	  0144	04				INC	A
   85:	  0145	C3				CLR	C
   86:	  0146	95 48				SUBB	A,MNUITEMS
   87:	  0148	60 D7				JZ	START1
   88:	  014A	51 A9				ACALL	MNUCLRSEL
   89:	  014C	05 41				INC	MNUSEL
   90:	  014E	E5 41				MOV	A,MNUSEL
   91:	  0150	C3				CLR	C
   92:	  0151	95 42				SUBB	A,MNUOFS
   93:	  0153	B5 46 00			CJNE	A,MNUHT,$+3
   94:	  0156	40 06				JC	START4
   95:	  0158	05 42				INC	MNUOFS
   96:	  015A	51 2D				ACALL	MNUTXT
   97:	  015C	51 61				ACALL	MNUSCROLL
   98:	  015E	51 BC		START4:		ACALL	MNUSETSEL
   99:	  0160	B4 03 24	START5:		CJNE	A,#03h,START8

ASEM-51 V1.3                                         Copyright (c) 2002 by W.W. Heinz                                         PAGE 3



 Line  I  Addr  Code            Source

  100:	  0163	E5 40				MOV	A,MNULEVEL
  101:	  0165	70 34				JNZ	START9
  102:						;OK
  103:	  0167	C0 42				PUSH	MNUOFS
  104:	  0169	90 04 92			MOV	DPTR,#MNUDEF2
  105:	  016C	E5 41				MOV	A,MNUSEL
  106:	  016E	60 03				JZ	START6
  107:	  0170	90 04 D4			MOV	DPTR,#MNUDEF3
  108:	  0173	C0 E0		START6:		PUSH	ACC
  109:	  0175	24 01				ADD	A,#01h
  110:	  0177	95 42				SUBB	A,MNUOFS
  111:	  0179	C0 E0				PUSH	ACC
  112:	  017B	51 D0				ACALL	MNUSELECT
  113:	  017D	31 B8				ACALL	MNUINIT
  114:	  017F	D0 E0				POP	ACC
  115:	  0181	F5 44				MOV	MNUY,A
  116:	  0183	31 CD				ACALL	MNUCLEAR
  117:	  0185	31 C4				ACALL	MNUPRINT
  118:	  0187	B4 04 11	START8:		CJNE	A,#04h,START9
  119:	  018A	E5 40				MOV	A,MNULEVEL
  120:	  018C	60 0D				JZ	START9
  121:						;Cancel
  122:	  018E	31 CD				ACALL	MNUCLEAR
  123:	  0190	90 04 5D			MOV	DPTR,#MNUDEF1
  124:	  0193	31 B8				ACALL	MNUINIT
  125:	  0195	D0 41				POP	MNUSEL
  126:	  0197	D0 42				POP	MNUOFS
  127:	  0199	31 C4				ACALL	MNUPRINT
  128:	  019B	80 84		START9:		SJMP	START1
  129:
  130:	  019D	7F 00		GETKEY:		MOV	R7,#00h
  131:	  019F	E5 90				MOV	A,P1
  132:	  01A1	54 F0				ANL	A,#0F0h
  133:	  01A3	64 F0				XRL	A,#0F0h
  134:	  01A5	60 08				JZ	GETKEY2
  135:	  01A7	7F 04				MOV	R7,#04h
  136:	  01A9	33		GETKEY1:	RLC	A
  137:	  01AA	40 03				JC	GETKEY2
  138:	  01AC	1F				DEC	R7
  139:	  01AD	80 FA				SJMP	GETKEY1
  140:	  01AF	EF		GETKEY2:	MOV	A,R7
  141:	  01B0	B5 4B 02			CJNE	A,LASTKEY,GETKEY3
  142:	  01B3	E4				CLR	A
  143:	  01B4	22				RET
  144:	  01B5	F5 4B		GETKEY3:	MOV	LASTKEY,A
  145:	  01B7	22				RET
  146:
  147:	  01B8	7F 0B		MNUINIT:	MOV	R7,#NMNUDEF
  148:	  01BA	78 40				MOV	R0,#MNUDEF
  149:	  01BC	E4		MNUINIT1:	CLR	A
  150:	  01BD	93				MOVC	A,@A+DPTR	;get byte
  151:	  01BE	F6				MOV	@R0,A
  152:	  01BF	A3				INC	DPTR
  153:	  01C0	08				INC	R0
  154:	  01C1	DF F9				DJNZ	R7,MNUINIT1
  155:	  01C3	22				RET

ASEM-51 V1.3                                         Copyright (c) 2002 by W.W. Heinz                                         PAGE 4



 Line  I  Addr  Code            Source

  156:
  157:	  01C4	31 EE		MNUPRINT:	ACALL	MNUFRAME
  158:	  01C6	51 2D				ACALL	MNUTXT
  159:	  01C8	51 61				ACALL	MNUSCROLL
  160:	  01CA	51 BC				ACALL	MNUSETSEL
  161:	  01CC	22				RET
  162:
  163:	  01CD	51 A9		MNUCLEAR:	ACALL	MNUCLRSEL
  164:	  01CF	AC 45				MOV	R4,MNUWT
  165:	  01D1	0C				INC	R4
  166:	  01D2	0C				INC	R4
  167:	  01D3	AD 46				MOV	R5,MNUHT
  168:	  01D5	0D				INC	R5
  169:	  01D6	0D				INC	R5
  170:	  01D7	AE 43				MOV	R6,MNUX
  171:	  01D9	AF 44				MOV	R7,MNUY
  172:	  01DB	C0 04		MNUCLEAR1:	PUSH	AR4
  173:	  01DD	C0 06				PUSH	AR6
  174:	  01DF	74 00		MNUCLEAR2:	MOV	A,#00h
  175:	  01E1	71 72				ACALL	PRINTCHR
  176:	  01E3	0E				INC	R6
  177:	  01E4	DC F9				DJNZ	R4,MNUCLEAR2
  178:	  01E6	D0 06				POP	AR6
  179:	  01E8	D0 04				POP	AR4
  180:	  01EA	0F				INC	R7
  181:	  01EB	DD EE				DJNZ	R5,MNUCLEAR1
  182:	  01ED	22				RET
  183:
  184:	  01EE	AC 45		MNUFRAME:	MOV	R4,MNUWT
  185:	  01F0	AD 46				MOV	R5,MNUHT
  186:	  01F2	AE 43				MOV	R6,MNUX
  187:	  01F4	AF 44				MOV	R7,MNUY
  188:	  01F6	74 80				MOV	A,#80h
  189:	  01F8	71 72				ACALL	PRINTCHR
  190:	  01FA	0E				INC	R6
  191:	  01FB	74 81		MNUFRAME1:	MOV	A,#81h
  192:	  01FD	71 72				ACALL	PRINTCHR
  193:	  01FF	0E				INC	R6
  194:	  0200	DC F9				DJNZ	R4,MNUFRAME1
  195:	  0202	74 82				MOV	A,#82h
  196:	  0204	71 72				ACALL	PRINTCHR
  197:	  0206	AC 45				MOV	R4,MNUWT
  198:	  0208	AE 43				MOV	R6,MNUX
  199:	  020A	0F				INC	R7
  200:	  020B	74 83		MNUFRAME2:	MOV	A,#83h
  201:	  020D	71 72				ACALL	PRINTCHR
  202:	  020F	EE				MOV	A,R6
  203:	  0210	2C				ADD	A,R4
  204:	  0211	FE				MOV	R6,A
  205:	  0212	0E				INC	R6
  206:	  0213	74 83				MOV	A,#83h
  207:	  0215	71 72				ACALL	PRINTCHR
  208:	  0217	AE 43				MOV	R6,MNUX
  209:	  0219	0F				INC	R7
  210:	  021A	DD EF				DJNZ	R5,MNUFRAME2
  211:	  021C	74 85				MOV	A,#85h

ASEM-51 V1.3                                         Copyright (c) 2002 by W.W. Heinz                                         PAGE 5



 Line  I  Addr  Code            Source

  212:	  021E	71 72				ACALL	PRINTCHR
  213:	  0220	0E				INC	R6
  214:	  0221	74 81		MNUFRAME3:	MOV	A,#81h
  215:	  0223	71 72				ACALL	PRINTCHR
  216:	  0225	0E				INC	R6
  217:	  0226	DC F9				DJNZ	R4,MNUFRAME3
  218:	  0228	74 84				MOV	A,#84h
  219:	  022A	71 72				ACALL	PRINTCHR
  220:	  022C	22				RET
  221:
  222:	  022D	85 49 82	MNUTXT:		MOV	DPL,MNUTXTL
  223:	  0230	85 4A 83			MOV	DPH,MNUTXTH
  224:	  0233	E5 42				MOV	A,MNUOFS
  225:	  0235	85 47 F0			MOV	B,MNUITEMWT
  226:	  0238	A4				MUL	AB
  227:	  0239	25 82				ADD	A,DPL
  228:	  023B	F5 82				MOV	DPL,A
  229:	  023D	E5 F0				MOV	A,B
  230:	  023F	35 83				ADDC	A,DPH
  231:	  0241	F5 83				MOV	DPH,A
  232:	  0243	AD 46				MOV	R5,MNUHT
  233:	  0245	AE 43				MOV	R6,MNUX
  234:	  0247	0E				INC	R6
  235:	  0248	0E				INC	R6
  236:	  0249	AF 44				MOV	R7,MNUY
  237:	  024B	0F				INC	R7
  238:	  024C	C0 06		MNUTXT1:	PUSH	AR6
  239:	  024E	AC 47				MOV	R4,MNUITEMWT
  240:	  0250	E4		MNUTXT2:	CLR	A
  241:	  0251	93				MOVC	A,@A+DPTR	;get byte
  242:	  0252	C3				CLR	C
  243:	  0253	94 20				SUBB	A,#20h
  244:	  0255	71 72				ACALL	PRINTCHR
  245:	  0257	A3				INC	DPTR
  246:	  0258	0E				INC	R6
  247:	  0259	DC F5				DJNZ	R4,MNUTXT2
  248:	  025B	D0 06				POP	AR6
  249:	  025D	0F				INC	R7
  250:	  025E	DD EC				DJNZ	R5,MNUTXT1
  251:	  0260	22				RET
  252:
  253:	  0261	AB 41		MNUSCROLL:	MOV	R3,MNUSEL
  254:	  0263	AD 46				MOV	R5,MNUHT
  255:	  0265	E5 43				MOV	A,MNUX
  256:	  0267	25 47				ADD	A,MNUITEMWT
  257:	  0269	24 03				ADD	A,#3
  258:	  026B	FE				MOV	R6,A
  259:	  026C	AF 44				MOV	R7,MNUY
  260:	  026E	0F				INC	R7
  261:	  026F	E5 42				MOV	A,MNUOFS
  262:	  0271	60 09				JZ	MNUSCROLL2
  263:	  0273	FB				MOV	R3,A
  264:	  0274	74 86		MNUSCROLL1:	MOV	A,#86h
  265:	  0276	71 72				ACALL	PRINTCHR
  266:	  0278	0F				INC	R7
  267:	  0279	1D				DEC	R5

ASEM-51 V1.3                                         Copyright (c) 2002 by W.W. Heinz                                         PAGE 6



 Line  I  Addr  Code            Source

  268:	  027A	DB F8				DJNZ	R3,MNUSCROLL1
  269:	  027C	74 87		MNUSCROLL2:	MOV	A,#87h
  270:	  027E	71 72				ACALL	PRINTCHR
  271:	  0280	0F				INC	R7
  272:	  0281	1D				DEC	R5
  273:	  0282	E5 48				MOV	A,MNUITEMS
  274:	  0284	C3				CLR	C
  275:	  0285	95 46				SUBB	A,MNUHT
  276:	  0287	FC				MOV	R4,A
  277:	  0288	E5 46				MOV	A,MNUHT
  278:	  028A	9C				SUBB	A,R4
  279:	  028B	94 02				SUBB	A,#02h
  280:	  028D	60 09				JZ	MNUSCROLL4
  281:	  028F	FC				MOV	R4,A
  282:	  0290	74 88		MNUSCROLL3:	MOV	A,#88h
  283:	  0292	71 72				ACALL	PRINTCHR
  284:	  0294	0F				INC	R7
  285:	  0295	1D				DEC	R5
  286:	  0296	DC F8				DJNZ	R4,MNUSCROLL3
  287:	  0298	74 89		MNUSCROLL4:	MOV	A,#89h
  288:	  029A	71 72				ACALL	PRINTCHR
  289:	  029C	0F				INC	R7
  290:	  029D	1D				DEC	R5
  291:	  029E	ED				MOV	A,R5
  292:	  029F	60 07				JZ	MNUSCROLL6
  293:	  02A1	74 86		MNUSCROLL5:	MOV	A,#86h
  294:	  02A3	71 72				ACALL	PRINTCHR
  295:	  02A5	0F				INC	R7
  296:	  02A6	DD F9				DJNZ	R5,MNUSCROLL5
  297:	  02A8	22		MNUSCROLL6:	RET
  298:
  299:	  02A9	AD 47		MNUCLRSEL:	MOV	R5,MNUITEMWT
  300:	  02AB	0D				INC	R5
  301:	  02AC	0D				INC	R5
  302:	  02AD	AE 43				MOV	R6,MNUX
  303:	  02AF	0E				INC	R6
  304:	  02B0	E5 41				MOV	A,MNUSEL
  305:	  02B2	25 44				ADD	A,MNUY
  306:	  02B4	95 42				SUBB	A,MNUOFS
  307:	  02B6	04				INC	A
  308:	  02B7	FF				MOV	R7,A
  309:	  02B8	E4				CLR	A
  310:	  02B9	71 96				ACALL	SETTEXTMODE
  311:	  02BB	22				RET
  312:
  313:	  02BC	AD 47		MNUSETSEL:	MOV	R5,MNUITEMWT
  314:	  02BE	0D				INC	R5
  315:	  02BF	0D				INC	R5
  316:	  02C0	AE 43				MOV	R6,MNUX
  317:	  02C2	0E				INC	R6
  318:	  02C3	E5 41				MOV	A,MNUSEL
  319:	  02C5	25 44				ADD	A,MNUY
  320:	  02C7	95 42				SUBB	A,MNUOFS
  321:	  02C9	04				INC	A
  322:	  02CA	FF				MOV	R7,A
  323:	  02CB	74 0D				MOV	A,#0Dh

ASEM-51 V1.3                                         Copyright (c) 2002 by W.W. Heinz                                         PAGE 7



 Line  I  Addr  Code            Source

  324:	  02CD	71 96				ACALL	SETTEXTMODE
  325:	  02CF	22				RET
  326:
  327:	  02D0	AD 47		MNUSELECT:	MOV	R5,MNUITEMWT
  328:	  02D2	0D				INC	R5
  329:	  02D3	0D				INC	R5
  330:	  02D4	AE 43				MOV	R6,MNUX
  331:	  02D6	0E				INC	R6
  332:	  02D7	E5 41				MOV	A,MNUSEL
  333:	  02D9	25 44				ADD	A,MNUY
  334:	  02DB	95 42				SUBB	A,MNUOFS
  335:	  02DD	04				INC	A
  336:	  02DE	FF				MOV	R7,A
  337:	  02DF	74 05				MOV	A,#05h
  338:	  02E1	71 96				ACALL	SETTEXTMODE
  339:	  02E3	22				RET
  340:
  341:				;*************************************************
  342:
  343:				;Send bytes @DPTR as a series of commands, two data bytes and one command byte.
  344:				;Terminate if first data byte is 0FFh
  345:	  02E4	E4		SENDCOMMANDS:	CLR	A
  346:	  02E5	93				MOVC	A,@A+DPTR	;get byte
  347:	  02E6	B4 FF 01			CJNE	A,#0FFh,SENDCOMMANDS1
  348:	  02E9	22				RET
  349:	  02EA	71 B5		SENDCOMMANDS1:	ACALL	WRITEDATA
  350:	  02EC	A3				INC	DPTR
  351:	  02ED	E4				CLR	A
  352:	  02EE	93				MOVC	A,@A+DPTR	;get byte
  353:	  02EF	A3				INC	DPTR
  354:	  02F0	71 B5				ACALL	WRITEDATA
  355:	  02F2	E4				CLR	A
  356:	  02F3	93				MOVC	A,@A+DPTR	;get byte
  357:	  02F4	A3				INC	DPTR
  358:	  02F5	71 AA				ACALL	WRITECOMMAND
  359:	  02F7	80 EB				SJMP	SENDCOMMANDS
  360:
  361:				;Clear 32K ram
  362:	  02F9	90 03 ED	CLS:		MOV	DPTR,#MSGCLS	;Set ADP to 0000h and init auto write mode
  363:	  02FC	51 E4				ACALL	SENDCOMMANDS
  364:	  02FE	7F 80				MOV	R7,#80h
  365:	  0300	7E 00				MOV	R6,#00h
  366:	  0302	E4		CLS1:		CLR	A
  367:	  0303	71 B5				ACALL	WRITEDATA
  368:	  0305	DE FB				DJNZ	R6,CLS1
  369:	  0307	DF F9				DJNZ	R7,CLS1
  370:	  0309	74 B2				MOV	A,#0B2h		;Auto Reset
  371:	  030B	71 AA				ACALL	WRITECOMMAND
  372:	  030D	22				RET
  373:
  374:	  030E	90 03 F4	SETCGRAM:	MOV	DPTR,#MSGCGRAM	;Set ADP to 2400h and init auto write mode
  375:	  0311	51 E4				ACALL	SENDCOMMANDS
  376:	  0313	90 03 FB			MOV	DPTR,#CGRAM
  377:	  0316	7F 50				MOV	R7,#8*10	;10 characters to be defined
  378:	  0318	E4		SETCGRAM1:	CLR	A
  379:	  0319	93				MOVC	A,@A+DPTR	;get byte

ASEM-51 V1.3                                         Copyright (c) 2002 by W.W. Heinz                                         PAGE 8



 Line  I  Addr  Code            Source

  380:	  031A	A3				INC	DPTR
  381:	  031B	71 B5				ACALL	WRITEDATA
  382:	  031D	DF F9				DJNZ	R7,SETCGRAM1
  383:	  031F	74 B2				MOV	A,#0B2h		;Auto Reset
  384:	  0321	71 AA				ACALL	WRITECOMMAND
  385:	  0323	22				RET
  386:
  387:				;Convert text pos in R7:R6 to ram offset
  388:	  0324	C0 06		POSTOTXTADP:	PUSH	AR6
  389:	  0326	C0 07				PUSH	AR7
  390:	  0328	75 F0 28			MOV	B,#CHARSLINE	;Number of characters on each line
  391:	  032B	EF				MOV	A,R7
  392:	  032C	A4				MUL	AB
  393:	  032D	2E				ADD	A,R6
  394:	  032E	FE				MOV	R6,A
  395:	  032F	E5 F0				MOV	A,B
  396:	  0331	34 00				ADDC	A,#00h
  397:	  0333	FF				MOV	R7,A
  398:	  0334	74 00				MOV	A,#LOW TXTHOME	;Add text home address
  399:	  0336	2E				ADD	A,R6
  400:	  0337	FE				MOV	R6,A
  401:	  0338	74 10				MOV	A,#HIGH TXTHOME
  402:	  033A	3F				ADDC	A,R7
  403:	  033B	FF				MOV	R7,A
  404:	  033C	EE				MOV	A,R6		;ADP LSB
  405:	  033D	71 B5				ACALL	WRITEDATA
  406:	  033F	EF				MOV	A,R7		;ADP MSB
  407:	  0340	71 B5				ACALL	WRITEDATA
  408:	  0342	74 24				MOV	A,#24h		;Set address pointer command
  409:	  0344	71 AA				ACALL	WRITECOMMAND
  410:	  0346	D0 07				POP	AR7
  411:	  0348	D0 06				POP	AR6
  412:	  034A	22				RET
  413:
  414:				;Convert graphic pos in R7:R6 to ram offset
  415:	  034B	C0 06		POSTOGRPADP:	PUSH	AR6
  416:	  034D	C0 07				PUSH	AR7
  417:	  034F	75 F0 28			MOV	B,#CHARSLINE	;Number of characters on each line
  418:	  0352	EF				MOV	A,R7
  419:	  0353	A4				MUL	AB
  420:	  0354	2E				ADD	A,R6
  421:	  0355	FE				MOV	R6,A
  422:	  0356	E5 F0				MOV	A,B
  423:	  0358	34 00				ADDC	A,#00h
  424:	  035A	FF				MOV	R7,A
  425:	  035B	74 00				MOV	A,#LOW GRPHOME	;Add text home address
  426:	  035D	2E				ADD	A,R6
  427:	  035E	FE				MOV	R6,A
  428:	  035F	74 00				MOV	A,#HIGH GRPHOME
  429:	  0361	3F				ADDC	A,R7
  430:	  0362	FF				MOV	R7,A
  431:	  0363	EE				MOV	A,R6		;ADP LSB
  432:	  0364	71 B5				ACALL	WRITEDATA
  433:	  0366	EF				MOV	A,R7		;ADP MSB
  434:	  0367	71 B5				ACALL	WRITEDATA
  435:	  0369	74 24				MOV	A,#24h		;Set address pointer command

ASEM-51 V1.3                                         Copyright (c) 2002 by W.W. Heinz                                         PAGE 9



 Line  I  Addr  Code            Source

  436:	  036B	71 AA				ACALL	WRITECOMMAND
  437:	  036D	D0 07				POP	AR7
  438:	  036F	D0 06				POP	AR6
  439:	  0371	22				RET
  440:
  441:				;A character,R6 X pos, R7 Y pos
  442:	  0372	C0 E0		PRINTCHR:	PUSH	ACC
  443:	  0374	71 24				ACALL	POSTOTXTADP
  444:	  0376	D0 E0				POP	ACC
  445:	  0378	71 B5				ACALL	WRITEDATA
  446:	  037A	74 C4				MOV	A,#0C4h		;Data Write and Nonvariable ADP
  447:	  037C	71 AA				ACALL	WRITECOMMAND
  448:	  037E	22				RET
  449:
  450:				;Line data @DPTR,R6 X pos, R7 Y pos
  451:	  037F	71 24		PRINTLINE:	ACALL	POSTOTXTADP
  452:	  0381	74 B0				MOV	A,#0B0h		;Set auto write mode
  453:	  0383	71 AA				ACALL	WRITECOMMAND
  454:	  0385	E4		PRINTLINE1:	CLR	A
  455:	  0386	93				MOVC	A,@A+DPTR	;get byte
  456:	  0387	A3				INC	DPTR
  457:	  0388	60 07				JZ	PRINTLINE2
  458:	  038A	C3				CLR	C
  459:	  038B	94 20				SUBB	A,#20h
  460:	  038D	71 B5				ACALL	WRITEDATA
  461:	  038F	80 F4				SJMP	PRINTLINE1
  462:	  0391	74 B2		PRINTLINE2:	MOV	A,#0B2h		;Auto Reset
  463:	  0393	71 AA				ACALL	WRITECOMMAND
  464:	  0395	22				RET
  465:
  466:
  467:				;R6 pos, R7 line, R5 number of characters, A mode
  468:	  0396	C0 E0		SETTEXTMODE:	PUSH	ACC
  469:	  0398	71 4B				ACALL	POSTOGRPADP
  470:	  039A	74 B0				MOV	A,#0B0h		;Set auto write mode
  471:	  039C	71 AA				ACALL	WRITECOMMAND
  472:	  039E	D0 E0				POP	ACC
  473:	  03A0	71 B5		SETTEXTMODE1:	ACALL	WRITEDATA
  474:	  03A2	DD FC				DJNZ	R5,SETTEXTMODE1
  475:	  03A4	74 B2				MOV	A,#0B2h		;Auto Reset
  476:	  03A6	71 AA				ACALL	WRITECOMMAND
  477:	  03A8	22				RET
  478:	  03A9	22				RET
  479:
  480:				;*************************************************
  481:
  482:				; WRITECOMMAND sends the byte in A to a
  483:				; graphics module as a command.
  484:	  03AA	71 C0		WRITECOMMAND:	ACALL	STATUS		;display ready?
  485:	  03AC	D2 90				SETB	PB_CD		;c/d = 1
  486:	  03AE	F5 A0				MOV	P_DATA,A	;set data
  487:	  03B0	C2 92				CLR	PB_W		;strobe it
  488:	  03B2	D2 92				SETB	PB_W
  489:	  03B4	22				RET
  490:
  491:				; WRITEDATA sends the byte in A to the

ASEM-51 V1.3                                        Copyright (c) 2002 by W.W. Heinz                                         PAGE 10



 Line  I  Addr  Code            Source

  492:				; graphics module as data.
  493:	  03B5	71 C0		WRITEDATA:	ACALL	STATUS		;display ready?
  494:	  03B7	C2 90				CLR	PB_CD		;c/d = 0
  495:	  03B9	F5 A0				MOV	P_DATA,A	;set data
  496:	  03BB	C2 92				CLR	PB_W		;strobe it
  497:	  03BD	D2 92				SETB	PB_W
  498:	  03BF	22				RET
  499:
  500:				; STATUS check to see that the graphic
  501:				; display is ready. It won't return
  502:				; until it is.
  503:	  03C0	C0 E0		STATUS:		PUSH	ACC
  504:	  03C2	D2 90				SETB	PB_CD		;c/d=1
  505:	  03C4	75 A0 FF			MOV	P_DATA,#0FFh	;Port to input
  506:	  03C7	C2 91		STATUS1:	CLR	PB_R		;read it
  507:	  03C9	E5 A0				MOV	A,P_DATA
  508:	  03CB	D2 91				SETB	PB_R
  509:	  03CD	54 0B				ANL	A,#0Bh		;status OK?
  510:	  03CF	C3				CLR	C
  511:	  03D0	94 0B				SUBB	A,#0Bh
  512:	  03D2	70 F3				JNZ	STATUS1
  513:	  03D4	D0 E0				POP	ACC
  514:	  03D6	22				RET
  515:
  516:				;*************************************************
  517:
  518:				; Initialization bytes for 240x128
  519:	  03D7	00 10 40	MSGINIT:	DB	00h,10h,40h		;text home address
  520:	  03DA	28 00 41			DB	CHARSLINE,00h,41h	;text area
  521:	  03DD	00 00 42			DB	00h,00h,42h		;graphic home address
  522:	  03E0	28 00 43			DB	CHARSLINE,00h,43h	;graphic area
  523:	  03E3	00 00 84			DB	00h,00h,84h		;mode set. Text Attribute mode
  524:	  03E6	04 00 22			DB	04h,00h,22h		;offset register set, CG RAM area at 2000h to 27FFh
  525:	  03E9	00 00 94			DB	00h,00h,94h		;display mode set. Text on, Graphic off, Cursor off,
				 Blink off
  526:	  03EC	FF				DB	0FFh
  527:
  528:	  03ED	00 00 24	MSGCLS:		DB	00h,00h,24h		;address pointer set
  529:	  03F0	00 00 B0			DB	00h,00h,0B0h		;auto write mode
  530:	  03F3	FF				DB	0FFh
  531:
  532:	  03F4	00 24 24	MSGCGRAM:	DB	00h,24h,24h		;CG RAM address pointer set, character code 80h to 8
				5h
  533:	  03F7	00 00 B0			DB	00h,00h,0B0h		;auto write mode
  534:	  03FA	FF				DB	0FFh
  535:
  536:	  03FB			CGRAM:		;80h left upper corner
  537:	  03FB	00				DB	000000b
  538:	  03FC	00				DB	000000b
  539:	  03FD	00				DB	000000b
  540:	  03FE	0F				DB	001111b
  541:	  03FF	0F				DB	001111b
  542:	  0400	0C				DB	001100b
  543:	  0401	0C				DB	001100b
  544:	  0402	0C				DB	001100b
  545:						;81h horizontal line

ASEM-51 V1.3                                        Copyright (c) 2002 by W.W. Heinz                                         PAGE 11



 Line  I  Addr  Code            Source

  546:	  0403	00				DB	000000b
  547:	  0404	00				DB	000000b
  548:	  0405	00				DB	000000b
  549:	  0406	3F				DB	111111b
  550:	  0407	3F				DB	111111b
  551:	  0408	00				DB	000000b
  552:	  0409	00				DB	000000b
  553:	  040A	00				DB	000000b
  554:						;82h right upper corner
  555:	  040B	00				DB	000000b
  556:	  040C	00				DB	000000b
  557:	  040D	00				DB	000000b
  558:	  040E	3C				DB	111100b
  559:	  040F	3C				DB	111100b
  560:	  0410	0C				DB	001100b
  561:	  0411	0C				DB	001100b
  562:	  0412	0C				DB	001100b
  563:						;83h vertical line
  564:	  0413	0C				DB	001100b
  565:	  0414	0C				DB	001100b
  566:	  0415	0C				DB	001100b
  567:	  0416	0C				DB	001100b
  568:	  0417	0C				DB	001100b
  569:	  0418	0C				DB	001100b
  570:	  0419	0C				DB	001100b
  571:	  041A	0C				DB	001100b
  572:						;84h right lower corner
  573:	  041B	0C				DB	001100b
  574:	  041C	0C				DB	001100b
  575:	  041D	0C				DB	001100b
  576:	  041E	3C				DB	111100b
  577:	  041F	3C				DB	111100b
  578:	  0420	00				DB	000000b
  579:	  0421	00				DB	000000b
  580:	  0422	00				DB	000000b
  581:						;85h right lower corner
  582:	  0423	0C				DB	001100b
  583:	  0424	0C				DB	001100b
  584:	  0425	0C				DB	001100b
  585:	  0426	0F				DB	001111b
  586:	  0427	0F				DB	001111b
  587:	  0428	00				DB	000000b
  588:	  0429	00				DB	000000b
  589:	  042A	00				DB	000000b
  590:						;86h scroll bar
  591:	  042B	2A				DB	101010b
  592:	  042C	15				DB	010101b
  593:	  042D	2A				DB	101010b
  594:	  042E	15				DB	010101b
  595:	  042F	2A				DB	101010b
  596:	  0430	15				DB	010101b
  597:	  0431	2A				DB	101010b
  598:	  0432	15				DB	010101b
  599:						;87h scroll pos top
  600:	  0433	3F				DB	111111b
  601:	  0434	21				DB	100001b

ASEM-51 V1.3                                        Copyright (c) 2002 by W.W. Heinz                                         PAGE 12



 Line  I  Addr  Code            Source

  602:	  0435	21				DB	100001b
  603:	  0436	21				DB	100001b
  604:	  0437	21				DB	100001b
  605:	  0438	21				DB	100001b
  606:	  0439	21				DB	100001b
  607:	  043A	21				DB	100001b
  608:						;88h scroll pos middle
  609:	  043B	21				DB	100001b
  610:	  043C	21				DB	100001b
  611:	  043D	21				DB	100001b
  612:	  043E	21				DB	100001b
  613:	  043F	21				DB	100001b
  614:	  0440	21				DB	100001b
  615:	  0441	21				DB	100001b
  616:	  0442	21				DB	100001b
  617:						;89h scroll pos bottom
  618:	  0443	21				DB	100001b
  619:	  0444	21				DB	100001b
  620:	  0445	21				DB	100001b
  621:	  0446	21				DB	100001b
  622:	  0447	21				DB	100001b
  623:	  0448	21				DB	100001b
  624:	  0449	21				DB	100001b
  625:	  044A	3F				DB	111111b
  626:
  627:	  044B	44 65 76 69	HEADER:		DB	'Device Programmer',0
	  044F	63 65 20 50
	  0453	72 6F 67 72
	  0457	61 6D 6D 65
	  045B	72 00
  628:
  629:							;MNULEVEL,MNUSEL,MNUOFS,MNUX,MNUY,MNUWT,MNUHT,MNUITEMWT,MNUITEMS,MNUTXTL,MNU
				TXTH
  630:	  045D	00 00 00 00	MNUDEF1:	DB	00h,00h,00h,MNUX1,MNUY1,MNUWT1,MNUHT1,07h,06h,LOW MENU1,HIGH MENU1
	  0461	01 0A 04 07
	  0465	06 68 04
  631:
  632:	  0468	41 54 38 39	MENU1:		DB	'AT89S52'
	  046C	53 35 32
  633:	  046F	38 37 35 31			DB	'8751   '
	  0473	20 20 20
  634:	  0476	32 37 36 34			DB	'2764   '
	  047A	20 20 20
  635:	  047D	32 37 31 32			DB	'27128  '
	  0481	38 20 20
  636:	  0484	32 37 32 35			DB	'27256  '
	  0488	36 20 20
  637:	  048B	32 37 35 31			DB	'27512  '
	  048F	32 20 20
  638:
  639:							;MNULEVEL,MNUSEL,MNUOFS,MNUX,MNUY,MNUWT,MNUHT,MNUITEMWT,MNUITEMS,MNUTXTL,MNU
				TXTH
  640:	  0492	01 00 00 0A	MNUDEF2:	DB	01h,00h,00h,MNUX2,MNUY2,MNUWT2,MNUHT2,0Bh,05h,LOW MENU2,HIGH MENU2
	  0496	01 0E 04 0B
	  049A	05 9D 04
  641:

ASEM-51 V1.3                                        Copyright (c) 2002 by W.W. Heinz                                         PAGE 13



 Line  I  Addr  Code            Source

  642:	  049D	54 45 53 54	MENU2:		DB	'TEST ERASED'
	  04A1	20 45 52 41
	  04A5	53 45 44
  643:	  04A8	45 52 41 53			DB	'ERASE      '
	  04AC	45 20 20 20
	  04B0	20 20 20
  644:	  04B3	50 52 4F 47			DB	'PROGRAM    '
	  04B7	52 41 4D 20
	  04BB	20 20 20
  645:	  04BE	56 45 52 49			DB	'VERIFY     '
	  04C2	46 59 20 20
	  04C6	20 20 20
  646:	  04C9	44 55 4D 50			DB	'DUMP       '
	  04CD	20 20 20 20
	  04D1	20 20 20
  647:
  648:	  04D4	01 00 00 0A	MNUDEF3:	DB	01h,00h,00h,MNUX2,MNUY2,MNUWT2,MNUHT2,0Bh,04h,LOW MENU3,HIGH MENU3
	  04D8	01 0E 04 0B
	  04DC	04 DF 04
  649:
  650:	  04DF	54 45 53 54	MENU3:		DB	'TEST ERASED'
	  04E3	20 45 52 41
	  04E7	53 45 44
  651:	  04EA	50 52 4F 47			DB	'PROGRAM    '
	  04EE	52 41 4D 20
	  04F2	20 20 20
  652:	  04F5	56 45 52 49			DB	'VERIFY     '
	  04F9	46 59 20 20
	  04FD	20 20 20
  653:	  0500	44 55 4D 50			DB	'DUMP       '
	  0504	20 20 20 20
	  0508	20 20 20
  654:
  655:						END





                     register banks used:  0

                     no errors




ASEM-51 V1.3                                        Copyright (c) 2002 by W.W. Heinz                                         PAGE 14





	       L I S T   O F   S Y M B O L S
	       =============================


SYMBOL				  TYPE     VALUE	LINE
------------------------------------------------------------
??ASEM_51			  NUMBER    8051
??VERSION			  NUMBER    0130
AC				  BIT	      D6
ACC				  DATA	      E0
B				  DATA	      F0
CGRAM				  CODE	    03FB	 536
CGRHOME				  NUMBER    2000	  16
CHARSLINE			  NUMBER    0028	  13
CLS				  CODE	    02F9	 362
CLS1				  CODE	    0302	 366
CY				  BIT	      D7
DPH				  DATA	      83
DPL				  DATA	      82
EA				  BIT	      AF
ES				  BIT	      AC
ET0				  BIT	      A9
ET1				  BIT	      AB
EX0				  BIT	      A8
EX1				  BIT	      AA
EXTI0				  CODE	    0003
EXTI1				  CODE	    0013
F0				  BIT	      D5
GETKEY				  CODE	    019D	 130
GETKEY1				  CODE	    01A9	 136
GETKEY2				  CODE	    01AF	 140
GETKEY3				  CODE	    01B5	 144
GRPHOME				  NUMBER    0000	  14
HEADER				  CODE	    044B	 627
IE				  DATA	      A8
IE0				  BIT	      89
IE1				  BIT	      8B
INT0				  BIT	      B2
INT1				  BIT	      B3
IP				  DATA	      B8
IT0				  BIT	      88
IT1				  BIT	      8A
LASTKEY				  NUMBER    004B	  31
MENU1				  CODE	    0468	 632
MENU2				  CODE	    049D	 642
MENU3				  CODE	    04DF	 650
MNUCLEAR			  CODE	    01CD	 163
MNUCLEAR1			  CODE	    01DB	 172
MNUCLEAR2			  CODE	    01DF	 174
MNUCLRSEL			  CODE	    02A9	 299
MNUDEF				  NUMBER    0040	  18
MNUDEF1				  CODE	    045D	 630
MNUDEF2				  CODE	    0492	 640
MNUDEF3				  CODE	    04D4	 648
MNUFRAME			  CODE	    01EE	 184
MNUFRAME1			  CODE	    01FB	 191

ASEM-51 V1.3                                        Copyright (c) 2002 by W.W. Heinz                                         PAGE 15



SYMBOL				  TYPE     VALUE	LINE
------------------------------------------------------------
MNUFRAME2			  CODE	    020B	 200
MNUFRAME3			  CODE	    0221	 214
MNUHT				  NUMBER    0046	  26
MNUHT1				  NUMBER    0004	  36
MNUHT2				  NUMBER    0004	  41
MNUINIT				  CODE	    01B8	 147
MNUINIT1			  CODE	    01BC	 149
MNUITEMS			  NUMBER    0048	  28
MNUITEMWT			  NUMBER    0047	  27
MNULEVEL			  NUMBER    0040	  20
MNUOFS				  NUMBER    0042	  22
MNUPRINT			  CODE	    01C4	 157
MNUSCROLL			  CODE	    0261	 253
MNUSCROLL1			  CODE	    0274	 264
MNUSCROLL2			  CODE	    027C	 269
MNUSCROLL3			  CODE	    0290	 282
MNUSCROLL4			  CODE	    0298	 287
MNUSCROLL5			  CODE	    02A1	 293
MNUSCROLL6			  CODE	    02A8	 297
MNUSEL				  NUMBER    0041	  21
MNUSELECT			  CODE	    02D0	 327
MNUSETSEL			  CODE	    02BC	 313
MNUTXT				  CODE	    022D	 222
MNUTXT1				  CODE	    024C	 238
MNUTXT2				  CODE	    0250	 240
MNUTXTH				  NUMBER    004A	  30
MNUTXTL				  NUMBER    0049	  29
MNUWT				  NUMBER    0045	  25
MNUWT1				  NUMBER    000A	  35
MNUWT2				  NUMBER    000E	  40
MNUX				  NUMBER    0043	  23
MNUX1				  NUMBER    0000	  33
MNUX2				  NUMBER    000A	  38
MNUY				  NUMBER    0044	  24
MNUY1				  NUMBER    0001	  34
MNUY2				  NUMBER    0001	  39
MSGCGRAM			  CODE	    03F4	 532
MSGCLS				  CODE	    03ED	 528
MSGINIT				  CODE	    03D7	 519
NMNUDEF				  NUMBER    000B	  19
OV				  BIT	      D2
P				  BIT	      D0
P0				  DATA	      80
P1				  DATA	      90
P2				  DATA	      A0
P3				  DATA	      B0
PB_CD				  BIT	      90	   8
PB_R				  BIT	      91	   9
PB_RST				  BIT	      93	  11
PB_W				  BIT	      92	  10
PCON				  DATA	      87
POSTOGRPADP			  CODE	    034B	 415
POSTOTXTADP			  CODE	    0324	 388
PRINTCHR			  CODE	    0372	 442
PRINTLINE			  CODE	    037F	 451
PRINTLINE1			  CODE	    0385	 454

ASEM-51 V1.3                                        Copyright (c) 2002 by W.W. Heinz                                         PAGE 16



SYMBOL				  TYPE     VALUE	LINE
------------------------------------------------------------
PRINTLINE2			  CODE	    0391	 462
PS				  BIT	      BC
PSW				  DATA	      D0
PT0				  BIT	      B9
PT1				  BIT	      BB
PX0				  BIT	      B8
PX1				  BIT	      BA
P_DATA				  NUMBER    00A0	  12
RB8				  BIT	      9A
RD				  BIT	      B7
REN				  BIT	      9C
RESET				  CODE	    0000
RI				  BIT	      98
RS0				  BIT	      D3
RS1				  BIT	      D4
RXD				  BIT	      B0
SBUF				  DATA	      99
SCON				  DATA	      98
SENDCOMMANDS			  CODE	    02E4	 345
SENDCOMMANDS1			  CODE	    02EA	 349
SETCGRAM			  CODE	    030E	 374
SETCGRAM1			  CODE	    0318	 378
SETTEXTMODE			  CODE	    0396	 468
SETTEXTMODE1			  CODE	    03A0	 473
SINT				  CODE	    0023
SM0				  BIT	      9F
SM1				  BIT	      9E
SM2				  BIT	      9D
SP				  DATA	      81
START				  CODE	    0100	  48
START1				  CODE	    0121	  66
START2				  CODE	    013D	  80
START3				  CODE	    013F	  81
START4				  CODE	    015E	  98
START5				  CODE	    0160	  99
START6				  CODE	    0173	 108
START8				  CODE	    0187	 118
START9				  CODE	    019B	 128
STATUS				  CODE	    03C0	 503
STATUS1				  CODE	    03C7	 506
T0				  BIT	      B4
T1				  BIT	      B5
TB8				  BIT	      9B
TCON				  DATA	      88
TF0				  BIT	      8D
TF1				  BIT	      8F
TH0				  DATA	      8C
TH1				  DATA	      8D
TI				  BIT	      99
TIMER0				  CODE	    000B
TIMER1				  CODE	    001B
TL0				  DATA	      8A
TL1				  DATA	      8B
TMOD				  DATA	      89
TR0				  BIT	      8C
TR1				  BIT	      8E

ASEM-51 V1.3                                        Copyright (c) 2002 by W.W. Heinz                                         PAGE 17



SYMBOL				  TYPE     VALUE	LINE
------------------------------------------------------------
TXD				  BIT	      B1
TXTHOME				  NUMBER    1000	  15
WR				  BIT	      B6
WRITECOMMAND			  CODE	    03AA	 484
WRITEDATA			  CODE	    03B5	 493
